2025-05-16 15:13:17,645 - INFO - ===== KRW-USDT 자동 매매 시작 =====
2025-05-16 15:13:17,645 - INFO - 티커: KRW-USDT
2025-05-16 15:13:17,645 - INFO - 차수별 주문 금액: 10,000원
2025-05-16 15:13:17,646 - INFO - 가격 변동 기준: 7원
2025-05-16 15:13:17,646 - INFO - 최대 분할 차수: 10
2025-05-16 15:13:17,646 - INFO - 가격 확인 간격: 10초
2025-05-16 15:13:17,646 - INFO - 미체결 주문 취소 시간: 3600초
2025-05-16 15:13:17,646 - INFO - 거래 수수료율: 0.050%
2025-05-16 15:13:17,646 - INFO - 테스트 모드 활성화됨
2025-05-16 15:13:17,646 - INFO - 테스트 모드 초기 원화 잔고: 1,000,000원
2025-05-16 15:13:17,646 - INFO - 테스트 모드 초기 KRW-USDT 보유량: 0.00000000 KRW-USDT
2025-05-16 15:13:17,646 - INFO - 테스트 모드 초기 총 자산: 1,000,000원
2025-05-16 15:13:17,646 - INFO - get_balance
2025-05-16 15:13:17,646 - INFO - [테스트 모드] 보유 원화: 1,000,000원
2025-05-16 15:13:17,646 - INFO - [테스트 모드] 보유 KRW-USDT: 0.00000000 KRW-USDT
2025-05-16 15:13:17,647 - INFO - [테스트 모드] 총 자산: 1,000,000원
2025-05-16 15:13:17,647 - INFO - get_current_price
2025-05-16 15:13:17,702 - INFO - 현재 KRW-USDT 가격: 1,407.50원, (+0.00%), +0.00원 상승
2025-05-16 15:13:17,702 - INFO - create_grid_orders
2025-05-16 15:13:17,702 - INFO - 사용자 지정 기준 가격: 1,407.50원
2025-05-16 15:13:17,702 - INFO - 총 10개의 그리드 주문 생성됨
2025-05-16 15:13:17,702 - INFO - 1차: 매수가 1,407.50원, 매도가 1,414.50원, 수량 7.10479574
2025-05-16 15:13:17,702 - INFO - 2차: 매수가 1,400.50원, 매도가 1,407.50원, 수량 7.14030703
2025-05-16 15:13:17,702 - INFO - 3차: 매수가 1,393.50원, 매도가 1,400.50원, 수량 7.17617510
2025-05-16 15:13:17,702 - INFO - 4차: 매수가 1,386.50원, 매도가 1,393.50원, 수량 7.21240534
2025-05-16 15:13:17,702 - INFO - 5차: 매수가 1,379.50원, 매도가 1,386.50원, 수량 7.24900326
2025-05-16 15:13:17,702 - INFO - 6차: 매수가 1,372.50원, 매도가 1,379.50원, 수량 7.28597450
2025-05-16 15:13:17,702 - INFO - 7차: 매수가 1,365.50원, 매도가 1,372.50원, 수량 7.32332479
2025-05-16 15:13:17,702 - INFO - 8차: 매수가 1,358.50원, 매도가 1,365.50원, 수량 7.36105999
2025-05-16 15:13:17,703 - INFO - 9차: 매수가 1,351.50원, 매도가 1,358.50원, 수량 7.39918609
2025-05-16 15:13:17,703 - INFO - 10차: 매수가 1,344.50원, 매도가 1,351.50원, 수량 7.43770919

2025-05-16 15:13:17,703 - INFO - get_current_price
2025-05-16 15:13:17,703 - INFO - 현재 KRW-USDT 가격: 1,417.50원, (+0.71%), +10.00원 상승
2025-05-16 15:13:17,703 - INFO - ===== 사이클 #1 =====
2025-05-16 15:13:17,703 - INFO - 현재 활성 주문 수: 0
2025-05-16 15:13:17,703 - INFO - check_orders
2025-05-16 15:13:17,703 - INFO - check_price_and_trade
2025-05-16 15:13:17,703 - INFO - get_current_price
2025-05-16 15:13:17,703 - INFO - 현재 KRW-USDT 가격: 1,397.50원, (-1.41%), -20.00원 하락
2025-05-16 15:13:17,703 - INFO - 레벨 1 매수 조건 충족: 현재가(1,397.50원) <= 매수가(1,407.50원)
2025-05-16 15:13:17,703 - INFO - buy_btc (Level 1)
2025-05-16 15:13:17,703 - INFO - 매수 주문 완료: 주문번호 buy-1-1747375997
2025-05-16 15:13:17,703 - INFO - 레벨 1 KRW-USDT 매수 완료: 7.10124334 KRW-USDT (가격: 1,407.50원, 금액: 10,000원, 수수료: 5.00원)
2025-05-16 15:13:17,703 - INFO - get_balance
2025-05-16 15:13:17,704 - INFO - [테스트 모드] 보유 원화: 990,000원
2025-05-16 15:13:17,704 - INFO - [테스트 모드] 보유 KRW-USDT: 7.10124334 KRW-USDT
2025-05-16 15:13:17,704 - INFO - [테스트 모드] KRW-USDT 평균 매수가: 1,407.50원
2025-05-16 15:13:17,704 - INFO - [테스트 모드] 평가 금액: 9,924원
2025-05-16 15:13:17,704 - INFO - [테스트 모드] 총 자산: 999,924원
2025-05-16 15:13:17,704 - INFO - 레벨 1 매수 성공. 매도 주문 실행
2025-05-16 15:13:17,704 - INFO - sell_btc (Level 1)
2025-05-16 15:13:17,704 - INFO - 매도 주문 완료: 주문번호 sell-1-1747375997
2025-05-16 15:13:17,704 - INFO - 레벨 1 KRW-USDT 매도 완료: 7.10124334 KRW-USDT (가격: 1,414.50원, 금액: 10,040원, 수수료: 5.02원)
2025-05-16 15:13:17,704 - INFO - 레벨 1 수익: +40원 (+0.40%)
2025-05-16 15:13:17,704 - INFO - get_balance
2025-05-16 15:13:17,704 - INFO - [테스트 모드] 보유 원화: 1,000,040원
2025-05-16 15:13:17,704 - INFO - [테스트 모드] 보유 KRW-USDT: 0.00000000 KRW-USDT
2025-05-16 15:13:17,705 - INFO - [테스트 모드] 총 자산: 1,000,040원
2025-05-16 15:13:17,705 - INFO - 레벨 2 매수 조건 충족: 현재가(1,397.50원) <= 매수가(1,400.50원)
2025-05-16 15:13:17,705 - INFO - buy_btc (Level 2)
2025-05-16 15:13:17,705 - INFO - 매수 주문 완료: 주문번호 buy-2-1747375997
2025-05-16 15:13:17,705 - INFO - 레벨 2 KRW-USDT 매수 완료: 7.13673688 KRW-USDT (가격: 1,400.50원, 금액: 10,000원, 수수료: 5.00원)
2025-05-16 15:13:17,705 - INFO - get_balance
2025-05-16 15:13:17,705 - INFO - [테스트 모드] 보유 원화: 990,040원
2025-05-16 15:13:17,705 - INFO - [테스트 모드] 보유 KRW-USDT: 7.13673688 KRW-USDT
2025-05-16 15:13:17,705 - INFO - [테스트 모드] KRW-USDT 평균 매수가: 1,400.50원
2025-05-16 15:13:17,705 - INFO - [테스트 모드] 평가 금액: 9,974원
2025-05-16 15:13:17,705 - INFO - [테스트 모드] 총 자산: 1,000,013원
2025-05-16 15:13:17,705 - INFO - 레벨 2 매수 성공. 매도 주문 실행
2025-05-16 15:13:17,705 - INFO - sell_btc (Level 2)
2025-05-16 15:13:17,705 - INFO - 매도 주문 완료: 주문번호 sell-2-1747375997
2025-05-16 15:13:17,705 - INFO - 레벨 2 KRW-USDT 매도 완료: 7.13673688 KRW-USDT (가격: 1,407.50원, 금액: 10,040원, 수수료: 5.02원)
2025-05-16 15:13:17,706 - INFO - 레벨 2 수익: +40원 (+0.40%)
2025-05-16 15:13:17,706 - INFO - get_balance
2025-05-16 15:13:17,706 - INFO - [테스트 모드] 보유 원화: 1,000,080원
2025-05-16 15:13:17,706 - INFO - [테스트 모드] 보유 KRW-USDT: 0.00000000 KRW-USDT
2025-05-16 15:13:17,706 - INFO - [테스트 모드] 총 자산: 1,000,080원
2025-05-16 15:13:17,706 - INFO - 10초 대기...
2025-05-16 15:13:27,706 - INFO - ===== 사이클 #2 =====
2025-05-16 15:13:27,706 - INFO - 현재 활성 주문 수: 0
2025-05-16 15:13:27,706 - INFO - check_orders
2025-05-16 15:13:27,706 - INFO - check_price_and_trade
2025-05-16 15:13:27,707 - INFO - get_current_price
2025-05-16 15:13:27,707 - INFO - 현재 KRW-USDT 가격: 1,417.50원, (+1.43%), +20.00원 상승
2025-05-16 15:13:27,707 - INFO - 10초 대기...
2025-05-16 15:13:37,708 - INFO - ===== 사이클 #3 =====
2025-05-16 15:13:37,708 - INFO - 현재 활성 주문 수: 0
2025-05-16 15:13:37,708 - INFO - check_orders
2025-05-16 15:13:37,708 - INFO - check_price_and_trade
2025-05-16 15:13:37,708 - INFO - get_current_price
2025-05-16 15:13:37,708 - INFO - 현재 KRW-USDT 가격: 1,397.50원, (-1.41%), -20.00원 하락
2025-05-16 15:13:37,708 - INFO - 레벨 1 매수 조건 충족: 현재가(1,397.50원) <= 매수가(1,407.50원)
2025-05-16 15:13:37,708 - INFO - buy_btc (Level 1)
2025-05-16 15:13:37,708 - INFO - 매수 주문 완료: 주문번호 buy-1-1747376017
2025-05-16 15:13:37,708 - INFO - 레벨 1 KRW-USDT 매수 완료: 7.10124334 KRW-USDT (가격: 1,407.50원, 금액: 10,000원, 수수료: 5.00원)
2025-05-16 15:13:37,708 - INFO - get_balance
2025-05-16 15:13:37,708 - INFO - [테스트 모드] 보유 원화: 990,080원
2025-05-16 15:13:37,708 - INFO - [테스트 모드] 보유 KRW-USDT: 7.10124334 KRW-USDT
2025-05-16 15:13:37,708 - INFO - [테스트 모드] KRW-USDT 평균 매수가: 1,407.50원
2025-05-16 15:13:37,708 - INFO - [테스트 모드] 평가 금액: 9,924원
2025-05-16 15:13:37,708 - INFO - [테스트 모드] 총 자산: 1,000,004원
2025-05-16 15:13:37,708 - INFO - 레벨 1 매수 성공. 매도 주문 실행
2025-05-16 15:13:37,708 - INFO - sell_btc (Level 1)
2025-05-16 15:13:37,708 - INFO - 매도 주문 완료: 주문번호 sell-1-1747376017
2025-05-16 15:13:37,709 - INFO - 레벨 1 KRW-USDT 매도 완료: 7.10124334 KRW-USDT (가격: 1,414.50원, 금액: 10,040원, 수수료: 5.02원)
2025-05-16 15:13:37,709 - INFO - 레벨 1 수익: +40원 (+0.40%)
2025-05-16 15:13:37,709 - INFO - get_balance
2025-05-16 15:13:37,709 - INFO - [테스트 모드] 보유 원화: 1,000,119원
2025-05-16 15:13:37,709 - INFO - [테스트 모드] 보유 KRW-USDT: 0.00000000 KRW-USDT
2025-05-16 15:13:37,709 - INFO - [테스트 모드] 총 자산: 1,000,119원
2025-05-16 15:13:37,709 - INFO - 레벨 2 매수 조건 충족: 현재가(1,397.50원) <= 매수가(1,400.50원)
2025-05-16 15:13:37,709 - INFO - buy_btc (Level 2)
2025-05-16 15:13:37,709 - INFO - 매수 주문 완료: 주문번호 buy-2-1747376017
2025-05-16 15:13:37,709 - INFO - 레벨 2 KRW-USDT 매수 완료: 7.13673688 KRW-USDT (가격: 1,400.50원, 금액: 10,000원, 수수료: 5.00원)
2025-05-16 15:13:37,710 - INFO - get_balance
2025-05-16 15:13:37,710 - INFO - [테스트 모드] 보유 원화: 990,119원
2025-05-16 15:13:37,710 - INFO - [테스트 모드] 보유 KRW-USDT: 7.13673688 KRW-USDT
2025-05-16 15:13:37,710 - INFO - [테스트 모드] KRW-USDT 평균 매수가: 1,400.50원
2025-05-16 15:13:37,710 - INFO - [테스트 모드] 평가 금액: 9,974원
2025-05-16 15:13:37,710 - INFO - [테스트 모드] 총 자산: 1,000,093원
2025-05-16 15:13:37,710 - INFO - 레벨 2 매수 성공. 매도 주문 실행
2025-05-16 15:13:37,710 - INFO - sell_btc (Level 2)
2025-05-16 15:13:37,711 - INFO - 매도 주문 완료: 주문번호 sell-2-1747376017
2025-05-16 15:13:37,711 - INFO - 레벨 2 KRW-USDT 매도 완료: 7.13673688 KRW-USDT (가격: 1,407.50원, 금액: 10,040원, 수수료: 5.02원)
2025-05-16 15:13:37,711 - INFO - 레벨 2 수익: +40원 (+0.40%)
2025-05-16 15:13:37,711 - INFO - get_balance
2025-05-16 15:13:37,711 - INFO - [테스트 모드] 보유 원화: 1,000,159원
2025-05-16 15:13:37,711 - INFO - [테스트 모드] 보유 KRW-USDT: 0.00000000 KRW-USDT
2025-05-16 15:13:37,711 - INFO - [테스트 모드] 총 자산: 1,000,159원
2025-05-16 15:13:37,711 - INFO - 10초 대기...
2025-05-16 15:13:47,712 - INFO - ===== 사이클 #4 =====
2025-05-16 15:13:47,712 - INFO - 현재 활성 주문 수: 0
2025-05-16 15:13:47,712 - INFO - check_orders
2025-05-16 15:13:47,712 - INFO - check_price_and_trade
2025-05-16 15:13:47,712 - INFO - get_current_price
2025-05-16 15:13:47,712 - INFO - 현재 KRW-USDT 가격: 1,417.50원, (+1.43%), +20.00원 상승
2025-05-16 15:13:47,712 - INFO - 10초 대기...
2025-05-16 15:13:57,709 - INFO - 
사용자에 의해 거래가 중단되었습니다.
2025-05-16 15:13:57,710 - INFO - ===== 거래 종료 =====
2025-05-16 15:13:57,710 - INFO - get_balance
2025-05-16 15:13:57,710 - INFO - [테스트 모드] 보유 원화: 1,000,159원
2025-05-16 15:13:57,710 - INFO - [테스트 모드] 보유 KRW-USDT: 0.00000000 KRW-USDT
2025-05-16 15:13:57,710 - INFO - [테스트 모드] 총 자산: 1,000,159원
2025-05-16 15:13:57,713 - INFO - 거래 데이터가 CSV 파일에 저장되었습니다.
2025-05-16 15:13:57,713 - INFO - 
===== 테스트 모드 거래 결과 =====
2025-05-16 15:13:57,713 - INFO - 초기 자산: 1,000,000원
2025-05-16 15:13:57,714 - INFO - 최종 자산: 1,000,159원
2025-05-16 15:13:57,714 - INFO - 총 수익: +159원 (+0.02%)
2025-05-16 15:13:57,714 - INFO - 
총 거래 횟수: 8회
2025-05-16 15:13:57,714 - INFO - 매수: 4회, 매도: 4회, 취소: 0회
2025-05-16 15:13:57,714 - INFO - 총 매수 금액: 40,000원
2025-05-16 15:13:57,714 - INFO - 총 매도 금액: 40,159원
2025-05-16 15:13:57,714 - INFO - 순 거래 수익: +159원
2025-05-16 15:13:57,714 - INFO - 총 수수료: 40원
2025-05-16 15:13:57,714 - INFO - 
총 거래 횟수: 8회
2025-05-16 15:13:57,714 - INFO - 매수: 4회, 매도: 4회, 취소: 0회
2025-05-16 15:21:18,535 - INFO - ===== KRW-USDT 자동 매매 시작 =====
2025-05-16 15:21:18,536 - INFO - 티커: KRW-USDT
2025-05-16 15:21:18,536 - INFO - 차수별 주문 금액: 10,000원
2025-05-16 15:21:18,537 - INFO - 가격 변동 기준: 7원
2025-05-16 15:21:18,537 - INFO - 최대 분할 차수: 10
2025-05-16 15:21:18,537 - INFO - 가격 확인 간격: 10초
2025-05-16 15:21:18,537 - INFO - 미체결 주문 취소 시간: 3600초
2025-05-16 15:21:18,537 - INFO - 거래 수수료율: 0.050%
2025-05-16 15:21:43,414 - INFO - 테스트 모드 활성화됨
2025-05-16 15:21:56,146 - INFO - 테스트 모드 초기 원화 잔고: 1,000,000원
2025-05-16 15:21:57,764 - INFO - 테스트 모드 초기 KRW-USDT 보유량: 0.00000000 KRW-USDT
2025-05-16 15:23:02,470 - INFO - ===== KRW-USDT 자동 매매 시작 =====
2025-05-16 15:23:02,471 - INFO - 티커: KRW-USDT
2025-05-16 15:23:02,471 - INFO - 차수별 주문 금액: 10,000원
2025-05-16 15:23:02,471 - INFO - 가격 변동 기준: 7원
2025-05-16 15:23:02,472 - INFO - 최대 분할 차수: 10
2025-05-16 15:23:02,472 - INFO - 가격 확인 간격: 10초
2025-05-16 15:23:02,472 - INFO - 미체결 주문 취소 시간: 3600초
2025-05-16 15:23:02,472 - INFO - 거래 수수료율: 0.050%
2025-05-16 15:23:02,472 - INFO - 테스트 모드 활성화됨
2025-05-16 15:23:02,473 - INFO - 초기 원화 잔고: 1,000,000원
2025-05-16 15:23:02,473 - INFO - 초기 KRW-USDT 보유량: 0.00000000 KRW-USDT
2025-05-16 15:23:02,473 - INFO - 초기 총 자산: 1,000,000원
2025-05-16 15:23:02,473 - INFO - get_balance
2025-05-16 15:23:02,473 - INFO - [테스트 모드] 보유 원화: 1,000,000원
2025-05-16 15:23:02,474 - INFO - [테스트 모드] 보유 KRW-USDT: 0.00000000 KRW-USDT
2025-05-16 15:23:02,474 - INFO - [테스트 모드] 총 자산: 1,000,000원
2025-05-16 15:23:07,388 - INFO - get_current_price
2025-05-16 15:23:07,480 - INFO - 현재 KRW-USDT 가격: 1,407.00원, (+0.00%), +0.00원 상승
2025-05-16 15:23:21,228 - INFO - create_grid_orders
2025-05-16 15:23:21,229 - INFO - 사용자 지정 기준 가격: 1,407.00원
2025-05-16 15:23:21,231 - INFO - 총 10개의 그리드 주문 생성됨
2025-05-16 15:23:21,232 - INFO - 1차: 매수가 1,407.00원, 매도가 1,414.00원, 수량 7.10732054
2025-05-16 15:23:21,233 - INFO - 2차: 매수가 1,400.00원, 매도가 1,407.00원, 수량 7.14285714
2025-05-16 15:23:21,235 - INFO - 3차: 매수가 1,393.00원, 매도가 1,400.00원, 수량 7.17875090
2025-05-16 15:23:21,235 - INFO - 4차: 매수가 1,386.00원, 매도가 1,393.00원, 수량 7.21500722
2025-05-16 15:23:21,237 - INFO - 5차: 매수가 1,379.00원, 매도가 1,386.00원, 수량 7.25163162
2025-05-16 15:23:21,238 - INFO - 6차: 매수가 1,372.00원, 매도가 1,379.00원, 수량 7.28862974
2025-05-16 15:23:21,239 - INFO - 7차: 매수가 1,365.00원, 매도가 1,372.00원, 수량 7.32600733
2025-05-16 15:23:21,240 - INFO - 8차: 매수가 1,358.00원, 매도가 1,365.00원, 수량 7.36377025
2025-05-16 15:23:21,242 - INFO - 9차: 매수가 1,351.00원, 매도가 1,358.00원, 수량 7.40192450
2025-05-16 15:23:21,243 - INFO - 10차: 매수가 1,344.00원, 매도가 1,351.00원, 수량 7.44047619
2025-05-16 15:23:31,201 - INFO - get_current_price
2025-05-16 15:23:31,202 - INFO - 현재 KRW-USDT 가격: 1,417.00원, (+0.71%), +10.00원 상승
2025-05-16 15:23:51,638 - INFO - ===== KRW-USDT 자동 매매 시작 =====
2025-05-16 15:23:51,639 - INFO - 티커: KRW-USDT
2025-05-16 15:23:51,639 - INFO - 차수별 주문 금액: 10,000원
2025-05-16 15:23:51,639 - INFO - 가격 변동 기준: 7원
2025-05-16 15:23:51,639 - INFO - 최대 분할 차수: 10
2025-05-16 15:23:51,639 - INFO - 가격 확인 간격: 10초
2025-05-16 15:23:51,640 - INFO - 미체결 주문 취소 시간: 3600초
2025-05-16 15:23:51,640 - INFO - 거래 수수료율: 0.050%
2025-05-16 15:23:51,640 - INFO - 테스트 모드 활성화됨
2025-05-16 15:23:51,640 - INFO - 초기 원화 잔고: 1,000,000원
2025-05-16 15:23:51,640 - INFO - 초기 KRW-USDT 보유량: 0.00000000 KRW-USDT
2025-05-16 15:23:51,641 - INFO - 초기 총 자산: 1,000,000원
2025-05-16 15:23:51,641 - INFO - get_balance
2025-05-16 15:23:51,641 - INFO - [테스트 모드] 보유 원화: 1,000,000원
2025-05-16 15:23:51,641 - INFO - [테스트 모드] 보유 KRW-USDT: 0.00000000 KRW-USDT
2025-05-16 15:23:51,641 - INFO - [테스트 모드] 총 자산: 1,000,000원
2025-05-16 15:23:51,642 - INFO - get_current_price
2025-05-16 15:23:51,685 - INFO - 현재 KRW-USDT 가격: 1,407.00원, (+0.00%), +0.00원 상승
2025-05-16 15:23:51,686 - INFO - create_grid_orders
2025-05-16 15:23:51,686 - INFO - 사용자 지정 기준 가격: 1,407.00원
2025-05-16 15:23:51,687 - INFO - 총 10개의 그리드 주문 생성됨
2025-05-16 15:23:51,687 - INFO - 1차: 매수가 1,407.00원, 매도가 1,414.00원, 수량 7.10732054
2025-05-16 15:23:51,687 - INFO - 2차: 매수가 1,400.00원, 매도가 1,407.00원, 수량 7.14285714
2025-05-16 15:23:51,687 - INFO - 3차: 매수가 1,393.00원, 매도가 1,400.00원, 수량 7.17875090
2025-05-16 15:23:51,687 - INFO - 4차: 매수가 1,386.00원, 매도가 1,393.00원, 수량 7.21500722
2025-05-16 15:23:51,688 - INFO - 5차: 매수가 1,379.00원, 매도가 1,386.00원, 수량 7.25163162
2025-05-16 15:23:51,688 - INFO - 6차: 매수가 1,372.00원, 매도가 1,379.00원, 수량 7.28862974
2025-05-16 15:23:51,688 - INFO - 7차: 매수가 1,365.00원, 매도가 1,372.00원, 수량 7.32600733
2025-05-16 15:23:51,688 - INFO - 8차: 매수가 1,358.00원, 매도가 1,365.00원, 수량 7.36377025
2025-05-16 15:23:51,688 - INFO - 9차: 매수가 1,351.00원, 매도가 1,358.00원, 수량 7.40192450
2025-05-16 15:23:51,689 - INFO - 10차: 매수가 1,344.00원, 매도가 1,351.00원, 수량 7.44047619
2025-05-16 15:25:11,673 - INFO - get_current_price
2025-05-16 15:25:11,674 - INFO - 현재 KRW-USDT 가격: 1,417.00원, (+0.71%), +10.00원 상승
2025-05-16 15:25:21,571 - INFO - ===== 사이클 #1 =====
2025-05-16 15:25:29,126 - INFO - 현재 활성 주문 수: 0
2025-05-16 15:25:29,637 - INFO - check_orders
2025-05-16 15:25:29,681 - INFO - check_price_and_trade
2025-05-16 15:25:29,682 - INFO - get_current_price
2025-05-16 15:25:29,683 - INFO - 현재 KRW-USDT 가격: 1,397.00원, (-1.41%), -20.00원 하락
2025-05-16 15:25:29,686 - INFO - 레벨 1 매수 조건 충족: 현재가(1,397.00원) <= 매수가(1,407.00원)
2025-05-16 15:25:29,687 - INFO - buy_btc (Level 1)
2025-05-16 15:25:29,688 - INFO - 매수 주문 완료: 주문번호 buy-1-1747376729
2025-05-16 15:25:29,689 - INFO - 레벨 1 KRW-USDT 매수 완료: 7.10376688 KRW-USDT (가격: 1,407.00원, 금액: 10,000원, 수수료: 5.00원)
2025-05-16 15:25:29,690 - INFO - get_balance
2025-05-16 15:25:29,691 - INFO - [테스트 모드] 보유 원화: 990,000원
2025-05-16 15:25:29,692 - INFO - [테스트 모드] 보유 KRW-USDT: 7.10376688 KRW-USDT
2025-05-16 15:25:29,693 - INFO - [테스트 모드] KRW-USDT 평균 매수가: 1,407.00원
2025-05-16 15:25:29,694 - INFO - [테스트 모드] 평가 금액: 9,924원
2025-05-16 15:25:29,695 - INFO - [테스트 모드] 총 자산: 999,924원
2025-05-16 15:25:29,696 - INFO - 레벨 1 매수 성공. 매도 주문 실행
2025-05-16 15:25:29,697 - INFO - sell_btc (Level 1)
2025-05-16 15:25:29,699 - INFO - 매도 주문 완료: 주문번호 sell-1-1747376729
2025-05-16 15:25:29,700 - INFO - 레벨 1 KRW-USDT 매도 완료: 7.10376688 KRW-USDT (가격: 1,414.00원, 금액: 10,040원, 수수료: 5.02원)
2025-05-16 15:25:29,700 - INFO - 레벨 1 수익: +40원 (+0.40%)
2025-05-16 15:25:29,702 - INFO - get_balance
2025-05-16 15:25:29,703 - INFO - [테스트 모드] 보유 원화: 1,000,040원
2025-05-16 15:25:29,704 - INFO - [테스트 모드] 보유 KRW-USDT: 0.00000000 KRW-USDT
2025-05-16 15:25:29,705 - INFO - [테스트 모드] 총 자산: 1,000,040원
2025-05-16 15:25:29,706 - INFO - 레벨 2 매수 조건 충족: 현재가(1,397.00원) <= 매수가(1,400.00원)
2025-05-16 15:25:29,707 - INFO - buy_btc (Level 2)
2025-05-16 15:25:29,708 - INFO - 매수 주문 완료: 주문번호 buy-2-1747376729
2025-05-16 15:25:29,709 - INFO - 레벨 2 KRW-USDT 매수 완료: 7.13928571 KRW-USDT (가격: 1,400.00원, 금액: 10,000원, 수수료: 5.00원)
2025-05-16 15:25:29,710 - INFO - get_balance
2025-05-16 15:25:29,711 - INFO - [테스트 모드] 보유 원화: 990,040원
2025-05-16 15:25:29,712 - INFO - [테스트 모드] 보유 KRW-USDT: 7.13928571 KRW-USDT
2025-05-16 15:25:29,713 - INFO - [테스트 모드] KRW-USDT 평균 매수가: 1,400.00원
2025-05-16 15:25:29,714 - INFO - [테스트 모드] 평가 금액: 9,974원
2025-05-16 15:25:29,715 - INFO - [테스트 모드] 총 자산: 1,000,013원
2025-05-16 15:25:29,716 - INFO - 레벨 2 매수 성공. 매도 주문 실행
2025-05-16 15:25:29,717 - INFO - sell_btc (Level 2)
2025-05-16 15:25:29,719 - INFO - 매도 주문 완료: 주문번호 sell-2-1747376729
2025-05-16 15:25:29,720 - INFO - 레벨 2 KRW-USDT 매도 완료: 7.13928571 KRW-USDT (가격: 1,407.00원, 금액: 10,040원, 수수료: 5.02원)
2025-05-16 15:25:29,721 - INFO - 레벨 2 수익: +40원 (+0.40%)
2025-05-16 15:25:29,722 - INFO - get_balance
2025-05-16 15:25:29,723 - INFO - [테스트 모드] 보유 원화: 1,000,080원
2025-05-16 15:25:29,724 - INFO - [테스트 모드] 보유 KRW-USDT: 0.00000000 KRW-USDT
2025-05-16 15:25:29,725 - INFO - [테스트 모드] 총 자산: 1,000,080원
2025-05-16 15:25:29,812 - INFO - 10초 대기...
2025-05-16 15:25:40,013 - INFO - ===== 사이클 #2 =====
2025-05-16 15:25:40,035 - INFO - 현재 활성 주문 수: 0
2025-05-16 15:25:40,078 - INFO - check_orders
2025-05-16 15:25:40,121 - INFO - check_price_and_trade
2025-05-16 15:25:40,122 - INFO - get_current_price
2025-05-16 15:25:40,123 - INFO - 현재 KRW-USDT 가격: 1,417.00원, (+1.43%), +20.00원 상승
2025-05-16 15:25:40,209 - INFO - 10초 대기...
2025-05-16 15:25:54,127 - INFO - ===== 사이클 #3 =====
2025-05-16 15:25:56,965 - INFO - 현재 활성 주문 수: 0
2025-05-16 15:26:01,176 - INFO - check_orders
2025-05-16 15:27:13,138 - INFO - check_price_and_trade
2025-05-16 15:27:13,139 - INFO - get_current_price
2025-05-16 15:27:13,140 - INFO - 현재 KRW-USDT 가격: 1,397.00원, (-1.41%), -20.00원 하락
2025-05-16 15:27:13,142 - INFO - 레벨 1 매수 조건 충족: 현재가(1,397.00원) <= 매수가(1,407.00원)
2025-05-16 15:27:13,142 - INFO - buy_btc (Level 1)
2025-05-16 15:27:13,144 - INFO - 매수 주문 완료: 주문번호 buy-1-1747376833
2025-05-16 15:27:13,145 - INFO - 레벨 1 KRW-USDT 매수 완료: 7.10376688 KRW-USDT (가격: 1,407.00원, 금액: 10,000원, 수수료: 5.00원)
2025-05-16 15:27:13,146 - INFO - get_balance
2025-05-16 15:27:13,147 - INFO - [테스트 모드] 보유 원화: 990,080원
2025-05-16 15:27:13,148 - INFO - [테스트 모드] 보유 KRW-USDT: 7.10376688 KRW-USDT
2025-05-16 15:27:13,149 - INFO - [테스트 모드] KRW-USDT 평균 매수가: 1,407.00원
2025-05-16 15:27:13,150 - INFO - [테스트 모드] 평가 금액: 9,924원
2025-05-16 15:27:13,151 - INFO - [테스트 모드] 총 자산: 1,000,004원
2025-05-16 15:27:13,152 - INFO - 레벨 1 매수 성공. 매도 주문 실행
2025-05-16 15:27:13,153 - INFO - sell_btc (Level 1)
2025-05-16 15:27:13,154 - INFO - 매도 주문 완료: 주문번호 sell-1-1747376833
2025-05-16 15:27:13,155 - INFO - 레벨 1 KRW-USDT 매도 완료: 7.10376688 KRW-USDT (가격: 1,414.00원, 금액: 10,040원, 수수료: 5.02원)
2025-05-16 15:27:13,155 - INFO - 레벨 1 수익: +40원 (+0.40%)
2025-05-16 15:27:13,156 - INFO - get_balance
2025-05-16 15:27:13,157 - INFO - [테스트 모드] 보유 원화: 1,000,119원
2025-05-16 15:27:13,158 - INFO - [테스트 모드] 보유 KRW-USDT: 0.00000000 KRW-USDT
2025-05-16 15:27:13,159 - INFO - [테스트 모드] 총 자산: 1,000,119원
2025-05-16 15:27:13,160 - INFO - 레벨 2 매수 조건 충족: 현재가(1,397.00원) <= 매수가(1,400.00원)
2025-05-16 15:27:13,161 - INFO - buy_btc (Level 2)
2025-05-16 15:27:13,163 - INFO - 매수 주문 완료: 주문번호 buy-2-1747376833
2025-05-16 15:27:13,164 - INFO - 레벨 2 KRW-USDT 매수 완료: 7.13928571 KRW-USDT (가격: 1,400.00원, 금액: 10,000원, 수수료: 5.00원)
2025-05-16 15:27:13,165 - INFO - get_balance
2025-05-16 15:27:13,166 - INFO - [테스트 모드] 보유 원화: 990,119원
2025-05-16 15:27:13,166 - INFO - [테스트 모드] 보유 KRW-USDT: 7.13928571 KRW-USDT
2025-05-16 15:27:13,168 - INFO - [테스트 모드] KRW-USDT 평균 매수가: 1,400.00원
2025-05-16 15:27:13,169 - INFO - [테스트 모드] 평가 금액: 9,974원
2025-05-16 15:27:13,170 - INFO - [테스트 모드] 총 자산: 1,000,093원
2025-05-16 15:27:13,171 - INFO - 레벨 2 매수 성공. 매도 주문 실행
2025-05-16 15:27:13,172 - INFO - sell_btc (Level 2)
2025-05-16 15:27:13,173 - INFO - 매도 주문 완료: 주문번호 sell-2-1747376833
2025-05-16 15:27:13,174 - INFO - 레벨 2 KRW-USDT 매도 완료: 7.13928571 KRW-USDT (가격: 1,407.00원, 금액: 10,040원, 수수료: 5.02원)
2025-05-16 15:27:13,175 - INFO - 레벨 2 수익: +40원 (+0.40%)
2025-05-16 15:27:13,176 - INFO - get_balance
2025-05-16 15:27:13,177 - INFO - [테스트 모드] 보유 원화: 1,000,159원
2025-05-16 15:27:13,178 - INFO - [테스트 모드] 보유 KRW-USDT: 0.00000000 KRW-USDT
2025-05-16 15:27:13,179 - INFO - [테스트 모드] 총 자산: 1,000,159원
2025-05-16 15:27:13,688 - INFO - 10초 대기...
2025-05-16 15:27:23,965 - INFO - 
사용자에 의해 거래가 중단되었습니다.
2025-05-16 15:27:23,966 - INFO - ===== 거래 종료 =====
2025-05-16 15:27:23,967 - INFO - get_balance
2025-05-16 15:27:23,968 - INFO - [테스트 모드] 보유 원화: 1,000,159원
2025-05-16 15:27:23,969 - INFO - [테스트 모드] 보유 KRW-USDT: 0.00000000 KRW-USDT
2025-05-16 15:27:23,970 - INFO - [테스트 모드] 총 자산: 1,000,159원
2025-05-16 15:27:23,973 - INFO - 거래 데이터가 CSV 파일에 저장되었습니다.
2025-05-16 15:27:23,975 - INFO - 
===== 테스트 모드 거래 결과 =====
2025-05-16 15:27:23,976 - INFO - 초기 자산: 1,000,000원
2025-05-16 15:27:23,977 - INFO - 최종 자산: 1,000,159원
2025-05-16 15:27:23,979 - INFO - 총 수익: +159원 (+0.02%)
2025-05-16 15:27:23,980 - INFO - 
총 거래 횟수: 8회
2025-05-16 15:27:23,981 - INFO - 매수: 4회, 매도: 4회, 취소: 0회
2025-05-16 15:27:23,982 - INFO - 총 매수 금액: 40,000원
2025-05-16 15:27:23,983 - INFO - 총 매도 금액: 40,159원
2025-05-16 15:27:23,984 - INFO - 순 거래 수익: +159원
2025-05-16 15:27:23,985 - INFO - 총 수수료: 40원
2025-05-16 15:27:23,986 - INFO - 
총 거래 횟수: 8회
2025-05-16 15:27:23,987 - INFO - 매수: 4회, 매도: 4회, 취소: 0회
2025-05-16 15:27:48,042 - INFO - ===== KRW-USDT 자동 매매 시작 =====
2025-05-16 15:27:48,043 - INFO - 티커: KRW-USDT
2025-05-16 15:27:48,043 - INFO - 차수별 주문 금액: 10,000원
2025-05-16 15:27:48,044 - INFO - 가격 변동 기준: 7원
2025-05-16 15:27:48,044 - INFO - 최대 분할 차수: 10
2025-05-16 15:27:48,044 - INFO - 가격 확인 간격: 10초
2025-05-16 15:27:48,044 - INFO - 미체결 주문 취소 시간: 3600초
2025-05-16 15:27:48,045 - INFO - 거래 수수료율: 0.050%
2025-05-16 15:27:48,045 - INFO - 테스트 모드 활성화됨
2025-05-16 15:27:48,045 - INFO - 초기 원화 잔고: 1,000,000원
2025-05-16 15:27:48,045 - INFO - 초기 KRW-USDT 보유량: 0.00000000 KRW-USDT
2025-05-16 15:27:48,045 - INFO - 초기 총 자산: 1,000,000원
2025-05-16 15:27:48,046 - INFO - get_balance
2025-05-16 15:27:48,046 - INFO - [테스트 모드] 보유 원화: 1,000,000원
2025-05-16 15:27:48,046 - INFO - [테스트 모드] 보유 KRW-USDT: 0.00000000 KRW-USDT
2025-05-16 15:27:48,046 - INFO - [테스트 모드] 총 자산: 1,000,000원
2025-05-16 15:27:48,047 - INFO - get_current_price
2025-05-16 15:27:48,101 - INFO - 현재 KRW-USDT 가격: 1,407.50원, (+0.00%), +0.00원 상승
2025-05-16 15:27:48,101 - INFO - create_grid_orders
2025-05-16 15:27:48,102 - INFO - 사용자 지정 기준 가격: 1,407.50원
2025-05-16 15:27:48,102 - INFO - 총 10개의 그리드 주문 생성됨
2025-05-16 15:27:48,102 - INFO - 1차: 매수가 1,407.50원, 매도가 1,414.50원, 수량 7.10479574
2025-05-16 15:27:48,103 - INFO - 2차: 매수가 1,400.50원, 매도가 1,407.50원, 수량 7.14030703
2025-05-16 15:27:48,103 - INFO - 3차: 매수가 1,393.50원, 매도가 1,400.50원, 수량 7.17617510
2025-05-16 15:27:48,103 - INFO - 4차: 매수가 1,386.50원, 매도가 1,393.50원, 수량 7.21240534
2025-05-16 15:27:48,103 - INFO - 5차: 매수가 1,379.50원, 매도가 1,386.50원, 수량 7.24900326
2025-05-16 15:27:48,103 - INFO - 6차: 매수가 1,372.50원, 매도가 1,379.50원, 수량 7.28597450
2025-05-16 15:27:48,104 - INFO - 7차: 매수가 1,365.50원, 매도가 1,372.50원, 수량 7.32332479
2025-05-16 15:27:48,104 - INFO - 8차: 매수가 1,358.50원, 매도가 1,365.50원, 수량 7.36105999
2025-05-16 15:27:48,104 - INFO - 9차: 매수가 1,351.50원, 매도가 1,358.50원, 수량 7.39918609
2025-05-16 15:27:48,104 - INFO - 10차: 매수가 1,344.50원, 매도가 1,351.50원, 수량 7.43770919
2025-05-16 15:31:09,555 - INFO - get_current_price
2025-05-16 15:31:09,556 - INFO - 현재 KRW-USDT 가격: 1,417.50원, (+0.71%), +10.00원 상승
2025-05-16 15:31:17,483 - INFO - ===== 사이클 #1 =====
2025-05-16 15:31:18,179 - INFO - 현재 활성 주문 수: 0
2025-05-16 15:31:18,968 - INFO - check_orders
2025-05-16 15:31:20,152 - INFO - check_price_and_trade
2025-05-16 15:31:20,153 - INFO - get_current_price
2025-05-16 15:31:20,154 - INFO - 현재 KRW-USDT 가격: 1,397.50원, (-1.41%), -20.00원 하락
2025-05-16 15:31:20,155 - INFO - 레벨 1 매수 조건 충족: 현재가(1,397.50원) <= 매수가(1,407.50원)
2025-05-16 15:31:20,156 - INFO - buy_btc (Level 1)
2025-05-16 15:31:20,157 - INFO - 매수 주문 완료: 주문번호 buy-1-1747377080
2025-05-16 15:31:20,158 - INFO - 레벨 1 KRW-USDT 매수 완료: 7.10124334 KRW-USDT (가격: 1,407.50원, 금액: 10,000원, 수수료: 5.00원)
2025-05-16 15:31:20,159 - INFO - get_balance
2025-05-16 15:31:20,160 - INFO - [테스트 모드] 보유 원화: 990,000원
2025-05-16 15:31:20,161 - INFO - [테스트 모드] 보유 KRW-USDT: 7.10124334 KRW-USDT
2025-05-16 15:31:20,162 - INFO - [테스트 모드] KRW-USDT 평균 매수가: 1,407.50원
2025-05-16 15:31:20,163 - INFO - [테스트 모드] 평가 금액: 9,924원
2025-05-16 15:31:20,164 - INFO - [테스트 모드] 총 자산: 999,924원
2025-05-16 15:31:20,165 - INFO - 레벨 1 매수 성공. 매도 주문 실행
2025-05-16 15:31:20,166 - INFO - sell_btc (Level 1)
2025-05-16 15:31:20,167 - INFO - 매도 주문 완료: 주문번호 sell-1-1747377080
2025-05-16 15:31:20,168 - INFO - 레벨 1 KRW-USDT 매도 완료: 7.10124334 KRW-USDT (가격: 1,414.50원, 금액: 10,040원, 수수료: 5.02원)
2025-05-16 15:31:20,169 - INFO - 레벨 1 수익: +40원 (+0.40%)
2025-05-16 15:31:20,170 - INFO - get_balance
2025-05-16 15:31:20,171 - INFO - [테스트 모드] 보유 원화: 1,000,040원
2025-05-16 15:31:20,172 - INFO - [테스트 모드] 보유 KRW-USDT: 0.00000000 KRW-USDT
2025-05-16 15:31:20,173 - INFO - [테스트 모드] 총 자산: 1,000,040원
2025-05-16 15:31:20,174 - INFO - 레벨 2 매수 조건 충족: 현재가(1,397.50원) <= 매수가(1,400.50원)
2025-05-16 15:31:20,175 - INFO - buy_btc (Level 2)
2025-05-16 15:31:20,176 - INFO - 매수 주문 완료: 주문번호 buy-2-1747377080
2025-05-16 15:31:20,177 - INFO - 레벨 2 KRW-USDT 매수 완료: 7.13673688 KRW-USDT (가격: 1,400.50원, 금액: 10,000원, 수수료: 5.00원)
2025-05-16 15:31:20,178 - INFO - get_balance
2025-05-16 15:31:20,179 - INFO - [테스트 모드] 보유 원화: 990,040원
2025-05-16 15:31:20,180 - INFO - [테스트 모드] 보유 KRW-USDT: 7.13673688 KRW-USDT
2025-05-16 15:31:20,181 - INFO - [테스트 모드] KRW-USDT 평균 매수가: 1,400.50원
2025-05-16 15:31:20,182 - INFO - [테스트 모드] 평가 금액: 9,974원
2025-05-16 15:31:20,183 - INFO - [테스트 모드] 총 자산: 1,000,013원
2025-05-16 15:31:20,184 - INFO - 레벨 2 매수 성공. 매도 주문 실행
2025-05-16 15:31:20,185 - INFO - sell_btc (Level 2)
2025-05-16 15:31:20,186 - INFO - 매도 주문 완료: 주문번호 sell-2-1747377080
2025-05-16 15:31:20,187 - INFO - 레벨 2 KRW-USDT 매도 완료: 7.13673688 KRW-USDT (가격: 1,407.50원, 금액: 10,040원, 수수료: 5.02원)
2025-05-16 15:31:20,188 - INFO - 레벨 2 수익: +40원 (+0.40%)
2025-05-16 15:31:20,189 - INFO - get_balance
2025-05-16 15:31:20,190 - INFO - [테스트 모드] 보유 원화: 1,000,080원
2025-05-16 15:31:20,191 - INFO - [테스트 모드] 보유 KRW-USDT: 0.00000000 KRW-USDT
2025-05-16 15:31:20,192 - INFO - [테스트 모드] 총 자산: 1,000,080원
2025-05-16 15:31:23,150 - INFO - 10초 대기...
2025-05-16 15:32:16,392 - INFO - ===== 사이클 #2 =====
2025-05-16 15:32:16,902 - INFO - 현재 활성 주문 수: 0
2025-05-16 15:32:16,946 - INFO - check_orders
2025-05-16 15:32:17,012 - INFO - check_price_and_trade
2025-05-16 15:32:17,013 - INFO - get_current_price
2025-05-16 15:32:17,014 - INFO - 현재 KRW-USDT 가격: 1,417.50원, (+1.43%), +20.00원 상승
2025-05-16 15:32:17,110 - INFO - 10초 대기...
2025-05-16 15:32:29,250 - INFO - ===== 사이클 #3 =====
2025-05-16 15:33:35,509 - INFO - 현재 활성 주문 수: 0
2025-05-16 15:33:36,012 - INFO - check_orders
2025-05-16 15:33:36,056 - INFO - check_price_and_trade
2025-05-16 15:33:36,057 - INFO - get_current_price
2025-05-16 15:33:36,058 - INFO - 현재 KRW-USDT 가격: 1,397.50원, (-1.41%), -20.00원 하락
2025-05-16 15:33:36,059 - INFO - 레벨 1 매수 조건 충족: 현재가(1,397.50원) <= 매수가(1,407.50원)
2025-05-16 15:33:36,060 - INFO - buy_btc (Level 1)
2025-05-16 15:33:36,061 - INFO - 매수 주문 완료: 주문번호 buy-1-1747377216
2025-05-16 15:33:36,062 - INFO - 레벨 1 KRW-USDT 매수 완료: 7.10124334 KRW-USDT (가격: 1,407.50원, 금액: 10,000원, 수수료: 5.00원)
2025-05-16 15:33:36,063 - INFO - get_balance
2025-05-16 15:33:36,064 - INFO - [테스트 모드] 보유 원화: 990,080원
2025-05-16 15:33:36,064 - INFO - [테스트 모드] 보유 KRW-USDT: 7.10124334 KRW-USDT
2025-05-16 15:33:36,066 - INFO - [테스트 모드] KRW-USDT 평균 매수가: 1,407.50원
2025-05-16 15:33:36,067 - INFO - [테스트 모드] 평가 금액: 9,924원
2025-05-16 15:33:36,068 - INFO - [테스트 모드] 총 자산: 1,000,004원
2025-05-16 15:33:36,069 - INFO - 레벨 1 매수 성공. 매도 주문 실행
2025-05-16 15:33:36,070 - INFO - sell_btc (Level 1)
2025-05-16 15:33:36,072 - INFO - 매도 주문 완료: 주문번호 sell-1-1747377216
2025-05-16 15:33:36,073 - INFO - 레벨 1 KRW-USDT 매도 완료: 7.10124334 KRW-USDT (가격: 1,414.50원, 금액: 10,040원, 수수료: 5.02원)
2025-05-16 15:33:36,074 - INFO - 레벨 1 수익: +40원 (+0.40%)
2025-05-16 15:33:36,075 - INFO - get_balance
2025-05-16 15:33:36,076 - INFO - [테스트 모드] 보유 원화: 1,000,119원
2025-05-16 15:33:36,077 - INFO - [테스트 모드] 보유 KRW-USDT: 0.00000000 KRW-USDT
2025-05-16 15:33:36,078 - INFO - [테스트 모드] 총 자산: 1,000,119원
2025-05-16 15:33:36,079 - INFO - 레벨 2 매수 조건 충족: 현재가(1,397.50원) <= 매수가(1,400.50원)
2025-05-16 15:33:36,080 - INFO - buy_btc (Level 2)
2025-05-16 15:33:36,081 - INFO - 매수 주문 완료: 주문번호 buy-2-1747377216
2025-05-16 15:33:36,082 - INFO - 레벨 2 KRW-USDT 매수 완료: 7.13673688 KRW-USDT (가격: 1,400.50원, 금액: 10,000원, 수수료: 5.00원)
2025-05-16 15:33:36,083 - INFO - get_balance
2025-05-16 15:33:36,084 - INFO - [테스트 모드] 보유 원화: 990,119원
2025-05-16 15:33:36,085 - INFO - [테스트 모드] 보유 KRW-USDT: 7.13673688 KRW-USDT
2025-05-16 15:33:36,086 - INFO - [테스트 모드] KRW-USDT 평균 매수가: 1,400.50원
2025-05-16 15:33:36,087 - INFO - [테스트 모드] 평가 금액: 9,974원
2025-05-16 15:33:36,088 - INFO - [테스트 모드] 총 자산: 1,000,093원
2025-05-16 15:33:36,089 - INFO - 레벨 2 매수 성공. 매도 주문 실행
2025-05-16 15:33:36,090 - INFO - sell_btc (Level 2)
2025-05-16 15:33:36,091 - INFO - 매도 주문 완료: 주문번호 sell-2-1747377216
2025-05-16 15:33:36,092 - INFO - 레벨 2 KRW-USDT 매도 완료: 7.13673688 KRW-USDT (가격: 1,407.50원, 금액: 10,040원, 수수료: 5.02원)
2025-05-16 15:33:36,093 - INFO - 레벨 2 수익: +40원 (+0.40%)
2025-05-16 15:33:36,094 - INFO - get_balance
2025-05-16 15:33:36,095 - INFO - [테스트 모드] 보유 원화: 1,000,159원
2025-05-16 15:33:36,096 - INFO - [테스트 모드] 보유 KRW-USDT: 0.00000000 KRW-USDT
2025-05-16 15:33:36,098 - INFO - [테스트 모드] 총 자산: 1,000,159원
2025-05-16 15:33:36,162 - INFO - 10초 대기...
2025-05-16 15:35:34,715 - INFO - ===== 사이클 #4 =====
2025-05-16 15:36:52,109 - INFO - 현재 활성 주문 수: 0
2025-05-16 15:39:37,389 - INFO - check_orders
2025-05-16 15:39:55,040 - INFO - check_price_and_trade
2025-05-16 15:39:59,884 - INFO - get_current_price
2025-05-16 15:39:59,889 - INFO - 현재 KRW-USDT 가격: 1,417.50원, (+1.43%), +20.00원 상승
2025-05-16 15:40:05,717 - INFO - 10초 대기...
2025-05-16 15:40:31,694 - INFO - ===== 사이클 #5 =====
2025-05-16 15:40:42,548 - INFO - 현재 활성 주문 수: 0
2025-05-16 15:40:43,060 - INFO - check_orders
2025-05-16 15:40:43,098 - INFO - check_price_and_trade
2025-05-16 15:40:43,103 - INFO - get_current_price
2025-05-16 15:40:43,109 - INFO - 현재 KRW-USDT 가격: 1,397.50원, (-1.41%), -20.00원 하락
2025-05-16 15:40:43,115 - INFO - 레벨 1 매수 조건 충족: 현재가(1,397.50원) <= 매수가(1,407.50원)
2025-05-16 15:40:43,122 - INFO - buy_btc (Level 1)
2025-05-16 15:40:43,127 - INFO - 매수 주문 완료: 주문번호 buy-1-1747377643
2025-05-16 15:40:43,132 - INFO - 레벨 1 KRW-USDT 매수 완료: 7.10124334 KRW-USDT (가격: 1,407.50원, 금액: 10,000원, 수수료: 5.00원)
2025-05-16 15:40:43,137 - INFO - get_balance
2025-05-16 15:40:43,142 - INFO - [테스트 모드] 보유 원화: 990,159원
2025-05-16 15:40:43,146 - INFO - [테스트 모드] 보유 KRW-USDT: 7.10124334 KRW-USDT
2025-05-16 15:40:43,153 - INFO - [테스트 모드] KRW-USDT 평균 매수가: 1,407.50원
2025-05-16 15:40:43,162 - INFO - [테스트 모드] 평가 금액: 9,924원
2025-05-16 15:40:43,170 - INFO - [테스트 모드] 총 자산: 1,000,083원
2025-05-16 15:40:43,175 - INFO - 레벨 1 매수 성공. 매도 주문 실행
2025-05-16 15:40:43,180 - INFO - sell_btc (Level 1)
2025-05-16 15:40:43,185 - INFO - 매도 주문 완료: 주문번호 sell-1-1747377643
2025-05-16 15:40:43,190 - INFO - 레벨 1 KRW-USDT 매도 완료: 7.10124334 KRW-USDT (가격: 1,414.50원, 금액: 10,040원, 수수료: 5.02원)
2025-05-16 15:40:43,194 - INFO - 레벨 1 수익: +40원 (+0.40%)
2025-05-16 15:40:43,205 - INFO - get_balance
2025-05-16 15:40:43,210 - INFO - [테스트 모드] 보유 원화: 1,000,199원
2025-05-16 15:40:43,215 - INFO - [테스트 모드] 보유 KRW-USDT: 0.00000000 KRW-USDT
2025-05-16 15:40:43,219 - INFO - [테스트 모드] 총 자산: 1,000,199원
2025-05-16 15:40:43,224 - INFO - 레벨 2 매수 조건 충족: 현재가(1,397.50원) <= 매수가(1,400.50원)
2025-05-16 15:40:43,229 - INFO - buy_btc (Level 2)
2025-05-16 15:40:43,233 - INFO - 매수 주문 완료: 주문번호 buy-2-1747377643
2025-05-16 15:40:43,238 - INFO - 레벨 2 KRW-USDT 매수 완료: 7.13673688 KRW-USDT (가격: 1,400.50원, 금액: 10,000원, 수수료: 5.00원)
2025-05-16 15:40:43,243 - INFO - get_balance
2025-05-16 15:40:43,247 - INFO - [테스트 모드] 보유 원화: 990,199원
2025-05-16 15:40:43,252 - INFO - [테스트 모드] 보유 KRW-USDT: 7.13673688 KRW-USDT
2025-05-16 15:40:43,256 - INFO - [테스트 모드] KRW-USDT 평균 매수가: 1,400.50원
2025-05-16 15:40:43,261 - INFO - [테스트 모드] 평가 금액: 9,974원
2025-05-16 15:40:43,265 - INFO - [테스트 모드] 총 자산: 1,000,173원
2025-05-16 15:40:43,270 - INFO - 레벨 2 매수 성공. 매도 주문 실행
2025-05-16 15:40:43,274 - INFO - sell_btc (Level 2)
2025-05-16 15:40:43,279 - INFO - 매도 주문 완료: 주문번호 sell-2-1747377643
2025-05-16 15:40:43,284 - INFO - 레벨 2 KRW-USDT 매도 완료: 7.13673688 KRW-USDT (가격: 1,407.50원, 금액: 10,040원, 수수료: 5.02원)
2025-05-16 15:40:43,288 - INFO - 레벨 2 수익: +40원 (+0.40%)
2025-05-16 15:40:43,294 - INFO - get_balance
2025-05-16 15:40:43,298 - INFO - [테스트 모드] 보유 원화: 1,000,239원
2025-05-16 15:40:43,303 - INFO - [테스트 모드] 보유 KRW-USDT: 0.00000000 KRW-USDT
2025-05-16 15:40:43,307 - INFO - [테스트 모드] 총 자산: 1,000,239원
2025-05-16 15:40:43,389 - INFO - 10초 대기...
2025-05-16 15:41:00,872 - INFO - ===== 사이클 #6 =====
2025-05-16 15:41:02,200 - INFO - 
사용자에 의해 거래가 중단되었습니다.
2025-05-16 15:41:02,204 - INFO - ===== 거래 종료 =====
2025-05-16 15:41:02,206 - INFO - get_balance
2025-05-16 15:41:02,209 - INFO - [테스트 모드] 보유 원화: 1,000,239원
2025-05-16 15:41:02,212 - INFO - [테스트 모드] 보유 KRW-USDT: 0.00000000 KRW-USDT
2025-05-16 15:41:02,215 - INFO - [테스트 모드] 총 자산: 1,000,239원
2025-05-16 15:41:02,226 - INFO - 거래 데이터가 CSV 파일에 저장되었습니다.
2025-05-16 15:41:02,229 - INFO - 
===== 테스트 모드 거래 결과 =====
2025-05-16 15:41:02,232 - INFO - 초기 자산: 1,000,000원
2025-05-16 15:41:02,234 - INFO - 최종 자산: 1,000,239원
2025-05-16 15:41:02,237 - INFO - 총 수익: +239원 (+0.02%)
2025-05-16 15:41:02,241 - INFO - 
총 거래 횟수: 12회
2025-05-16 15:41:02,243 - INFO - 매수: 6회, 매도: 6회, 취소: 0회
2025-05-16 15:41:02,247 - INFO - 총 매수 금액: 60,000원
2025-05-16 15:41:02,250 - INFO - 총 매도 금액: 60,239원
2025-05-16 15:41:02,252 - INFO - 순 거래 수익: +239원
2025-05-16 15:41:02,255 - INFO - 총 수수료: 60원
2025-05-16 15:41:02,259 - INFO - 
총 거래 횟수: 12회
2025-05-16 15:41:02,262 - INFO - 매수: 6회, 매도: 6회, 취소: 0회
2025-05-16 15:55:25,715 - INFO - ===== KRW-USDT 자동 매매 시작 =====
2025-05-16 15:55:25,715 - INFO - 티커: KRW-USDT
2025-05-16 15:55:25,716 - INFO - 차수별 주문 금액: 10,000원
2025-05-16 15:55:25,716 - INFO - 가격 변동 기준: 7원
2025-05-16 15:55:25,716 - INFO - 최대 분할 차수: 10
2025-05-16 15:55:25,716 - INFO - 가격 확인 간격: 10초
2025-05-16 15:55:25,717 - INFO - 미체결 주문 취소 시간: 3600초
2025-05-16 15:55:25,717 - INFO - 거래 수수료율: 0.050%
2025-05-16 15:55:25,717 - INFO - 테스트 모드 활성화됨
2025-05-16 15:55:25,717 - INFO - 초기 원화 잔고: 1,000,000원
2025-05-16 15:55:25,717 - INFO - 초기 KRW-USDT 보유량: 0.00000000 KRW-USDT
2025-05-16 15:55:25,717 - INFO - 초기 총 자산: 1,000,000원
2025-05-16 15:55:25,718 - INFO - get_balance
2025-05-16 15:55:25,718 - INFO - [테스트 모드] 보유 원화: 1,000,000원
2025-05-16 15:55:25,718 - INFO - [테스트 모드] 보유 KRW-USDT: 0.00000000 KRW-USDT
2025-05-16 15:55:25,718 - INFO - [테스트 모드] 총 자산: 1,000,000원
2025-05-16 15:55:25,719 - INFO - get_current_price
2025-05-16 15:55:25,765 - INFO - 현재 KRW-USDT 가격: 1,407.00원, (+0.00%), +0.00원 상승
2025-05-16 15:55:25,765 - INFO - create_grid_orders
2025-05-16 15:55:25,765 - INFO - 사용자 지정 기준 가격: 1,407.00원
2025-05-16 15:55:25,766 - INFO - 총 10개의 그리드 주문 생성됨
2025-05-16 15:55:25,766 - INFO - 1차: 매수가 1,407.00원, 매도가 1,414.00원, 수량 7.10732054
2025-05-16 15:55:25,766 - INFO - 2차: 매수가 1,400.00원, 매도가 1,407.00원, 수량 7.14285714
2025-05-16 15:55:25,766 - INFO - 3차: 매수가 1,393.00원, 매도가 1,400.00원, 수량 7.17875090
2025-05-16 15:55:25,767 - INFO - 4차: 매수가 1,386.00원, 매도가 1,393.00원, 수량 7.21500722
2025-05-16 15:55:25,767 - INFO - 5차: 매수가 1,379.00원, 매도가 1,386.00원, 수량 7.25163162
2025-05-16 15:55:25,767 - INFO - 6차: 매수가 1,372.00원, 매도가 1,379.00원, 수량 7.28862974
2025-05-16 15:55:25,767 - INFO - 7차: 매수가 1,365.00원, 매도가 1,372.00원, 수량 7.32600733
2025-05-16 15:55:25,768 - INFO - 8차: 매수가 1,358.00원, 매도가 1,365.00원, 수량 7.36377025
2025-05-16 15:55:25,768 - INFO - 9차: 매수가 1,351.00원, 매도가 1,358.00원, 수량 7.40192450
2025-05-16 15:55:25,768 - INFO - 10차: 매수가 1,344.00원, 매도가 1,351.00원, 수량 7.44047619
2025-05-16 15:55:25,768 - INFO - get_current_price
2025-05-16 15:55:25,768 - INFO - 현재 KRW-USDT 가격: 1,417.00원, (+0.71%), +10.00원 상승
2025-05-16 15:55:25,769 - INFO - ===== 사이클 #1 =====
2025-05-16 15:55:25,769 - INFO - 현재 활성 주문 수: 0
2025-05-16 15:55:36,840 - INFO - check_orders
2025-05-16 15:55:49,027 - INFO - check_price_and_trade
2025-05-16 15:55:50,215 - INFO - get_current_price
2025-05-16 15:55:50,216 - INFO - 현재 KRW-USDT 가격: 1,397.00원, (-1.41%), -20.00원 하락
2025-05-16 17:03:32,174 - INFO - 
사용자에 의해 거래가 중단되었습니다.
2025-05-16 17:03:32,176 - INFO - ===== 거래 종료 =====
2025-05-16 17:03:32,177 - INFO - get_balance
2025-05-16 17:03:32,178 - INFO - [테스트 모드] 보유 원화: 1,000,000원
2025-05-16 17:03:32,179 - INFO - [테스트 모드] 보유 KRW-USDT: 0.00000000 KRW-USDT
2025-05-16 17:03:32,180 - INFO - [테스트 모드] 총 자산: 1,000,000원
2025-05-16 17:03:32,183 - INFO - 거래 데이터가 CSV 파일에 저장되었습니다.
2025-05-16 17:03:32,184 - INFO - 
===== 테스트 모드 거래 결과 =====
2025-05-16 17:03:32,185 - INFO - 초기 자산: 1,000,000원
2025-05-16 17:03:32,186 - INFO - 최종 자산: 1,000,000원
2025-05-16 17:03:32,188 - INFO - 총 수익: +0원 (+0.00%)
2025-05-16 17:03:32,189 - INFO - 
총 거래 횟수: 0회
2025-05-16 17:03:32,190 - INFO - 매수: 0회, 매도: 0회, 취소: 0회
2025-05-16 17:03:32,191 - INFO - 총 수수료: 0원
2025-05-16 17:03:32,192 - INFO - 
총 거래 횟수: 0회
2025-05-16 17:03:32,193 - INFO - 매수: 0회, 매도: 0회, 취소: 0회
