2025-05-05 18:36:28,121 - INFO - ===== USDC 자동 매매 시작 =====
2025-05-05 18:36:28,121 - INFO - 티커: KRW-STPT
2025-05-05 18:36:28,122 - INFO - 차수별 주문 금액: 6,000원
2025-05-05 18:36:28,122 - INFO - 가격 변동 기준: 0.2원
2025-05-05 18:36:28,122 - INFO - 최대 분할 차수: 10
2025-05-05 18:36:28,122 - INFO - 가격 확인 간격: 10초
2025-05-05 18:36:28,122 - INFO - 미체결 주문 취소 시간: 3600초
2025-05-05 18:36:28,122 - INFO - load_trading_state
2025-05-05 18:36:28,122 - INFO - get_balance
2025-05-05 18:36:28,194 - INFO - 보유 원화: 1,271,200원
2025-05-05 18:36:28,334 - INFO - 보유 USDC: 0.00000000 USDC
2025-05-05 18:36:28,334 - INFO - 총 자산: 1,271,200원
2025-05-05 18:36:28,364 - INFO - 현재 KRW-STPT 가격: 113.00원
2025-05-05 18:36:44,660 - INFO - create_grid_orders
2025-05-05 18:36:44,661 - INFO - 사용자 지정 기준 가격: 113.40원
2025-05-05 18:36:44,661 - INFO - 총 10개의 그리드 주문 생성됨
2025-05-05 18:36:44,661 - INFO - 1차: 매수가 113원, 매도가 114원, 수량 52.91005291
2025-05-05 18:36:44,661 - INFO - 2차: 매수가 113원, 매도가 113원, 수량 53.00353357
2025-05-05 18:36:44,661 - INFO - 3차: 매수가 113원, 매도가 113원, 수량 53.09734513
2025-05-05 18:36:44,661 - INFO - 4차: 매수가 113원, 매도가 113원, 수량 53.19148936
2025-05-05 18:36:44,661 - INFO - 5차: 매수가 113원, 매도가 113원, 수량 53.28596803
2025-05-05 18:36:44,661 - INFO - 6차: 매수가 112원, 매도가 113원, 수량 53.38078292
2025-05-05 18:36:44,661 - INFO - 7차: 매수가 112원, 매도가 112원, 수량 53.47593583
2025-05-05 18:36:44,661 - INFO - 8차: 매수가 112원, 매도가 112원, 수량 53.57142857
2025-05-05 18:36:44,661 - INFO - 9차: 매수가 112원, 매도가 112원, 수량 53.66726297
2025-05-05 18:36:44,661 - INFO - 10차: 매수가 112원, 매도가 112원, 수량 53.76344086
2025-05-05 18:36:44,698 - INFO - 현재 KRW-STPT 가격: 113.00원
2025-05-05 18:36:44,698 - INFO - 
===== 사이클 #1 =====
2025-05-05 18:36:44,698 - INFO - 현재 활성 주문 수: 0
2025-05-05 18:36:44,698 - INFO - check_orders
2025-05-05 18:36:44,698 - INFO - check_price_and_trade
2025-05-05 18:36:44,729 - INFO - 현재 KRW-STPT 가격: 113.00원
2025-05-05 18:36:44,729 - INFO - 레벨 1 매수 조건 충족: 현재가(113.00원) <= 매수가(113.40원)
2025-05-05 18:36:44,729 - INFO - buy_usdc (Level 1)
2025-05-05 18:36:44,861 - INFO - 매수 주문 완료: 주문번호 f221ffca-973c-4d7f-9b8a-0784f429ac2f
2025-05-05 18:36:44,861 - INFO - 레벨 2 매수 조건 충족: 현재가(113.00원) <= 매수가(113.20원)
2025-05-05 18:36:44,861 - INFO - buy_usdc (Level 2)
2025-05-05 18:36:44,983 - INFO - 매수 주문 완료: 주문번호 4b6e32c8-e603-480a-a0df-6aa563b3592c
2025-05-05 18:36:44,983 - INFO - 레벨 3 매수 조건 충족: 현재가(113.00원) <= 매수가(113.00원)
2025-05-05 18:36:44,983 - INFO - buy_usdc (Level 3)
2025-05-05 18:36:45,102 - INFO - 매수 주문 완료: 주문번호 f78a5784-55f2-4e4e-844a-47ee226295bc
2025-05-05 18:36:45,103 - INFO - 10초 대기...
2025-05-05 18:36:55,105 - INFO - 
===== 사이클 #2 =====
2025-05-05 18:36:55,105 - INFO - 현재 활성 주문 수: 3
2025-05-05 18:36:55,105 - INFO - check_orders
2025-05-05 18:36:55,159 - INFO - 레벨 1의 buy 주문이 체결되었습니다: f221ffca-973c-4d7f-9b8a-0784f429ac2f
2025-05-05 18:36:55,159 - INFO - get_balance
2025-05-05 18:36:55,204 - INFO - 보유 원화: 1,253,223원
2025-05-05 18:36:55,296 - INFO - 보유 USDC: 159.01093160 USDC
2025-05-05 18:36:55,296 - INFO - USDC 평균 매수가: 113.00원
2025-05-05 18:36:55,296 - INFO - 평가 금액: 17,968원
2025-05-05 18:36:55,296 - INFO - 총 자산: 1,271,191원
2025-05-05 18:36:55,339 - INFO - 레벨 2의 buy 주문이 체결되었습니다: 4b6e32c8-e603-480a-a0df-6aa563b3592c
2025-05-05 18:36:55,339 - INFO - get_balance
2025-05-05 18:36:55,385 - INFO - 보유 원화: 1,253,223원
2025-05-05 18:36:55,479 - INFO - 보유 USDC: 159.01093160 USDC
2025-05-05 18:36:55,480 - INFO - USDC 평균 매수가: 113.00원
2025-05-05 18:36:55,480 - INFO - 평가 금액: 17,968원
2025-05-05 18:36:55,480 - INFO - 총 자산: 1,271,191원
2025-05-05 18:36:55,531 - INFO - 레벨 3의 buy 주문이 체결되었습니다: f78a5784-55f2-4e4e-844a-47ee226295bc
2025-05-05 18:36:55,531 - INFO - get_balance
2025-05-05 18:36:55,586 - INFO - 보유 원화: 1,253,223원
2025-05-05 18:36:55,676 - INFO - 보유 USDC: 159.01093160 USDC
2025-05-05 18:36:55,676 - INFO - USDC 평균 매수가: 113.00원
2025-05-05 18:36:55,676 - INFO - 평가 금액: 17,968원
2025-05-05 18:36:55,676 - INFO - 총 자산: 1,271,191원
2025-05-05 18:36:55,676 - INFO - check_price_and_trade
2025-05-05 18:36:55,706 - INFO - 현재 KRW-STPT 가격: 113.00원
2025-05-05 18:36:55,706 - INFO - 10초 대기...
2025-05-05 18:37:05,712 - INFO - 
===== 사이클 #3 =====
2025-05-05 18:37:05,712 - INFO - 현재 활성 주문 수: 0
2025-05-05 18:37:05,712 - INFO - check_orders
2025-05-05 18:37:05,712 - INFO - check_price_and_trade
2025-05-05 18:37:05,748 - INFO - 현재 KRW-STPT 가격: 113.20원
2025-05-05 18:37:05,748 - INFO - 레벨 3 매도 조건 충족: 현재가(113.20원) >= 매도가(113.20원)
2025-05-05 18:37:05,748 - INFO - sell_usdc (Level 3)
2025-05-05 18:37:05,859 - INFO - 매도 주문 완료: 주문번호 ad29621d-3d7c-40b1-abc9-ed2faced22c6
2025-05-05 18:37:05,859 - INFO - 10초 대기...
2025-05-05 18:37:15,864 - INFO - 
===== 사이클 #4 =====
2025-05-05 18:37:15,864 - INFO - 현재 활성 주문 수: 1
2025-05-05 18:37:15,864 - INFO - check_orders
2025-05-05 18:37:15,909 - INFO - 레벨 3의 sell 주문이 체결되었습니다: ad29621d-3d7c-40b1-abc9-ed2faced22c6
2025-05-05 18:37:15,909 - INFO - get_balance
2025-05-05 18:37:15,949 - INFO - 보유 원화: 1,259,231원
2025-05-05 18:37:16,050 - INFO - 보유 USDC: 105.91358647 USDC
2025-05-05 18:37:16,050 - INFO - USDC 평균 매수가: 113.00원
2025-05-05 18:37:16,050 - INFO - 평가 금액: 11,989원
2025-05-05 18:37:16,051 - INFO - 총 자산: 1,271,220원
2025-05-05 18:37:16,051 - INFO - check_price_and_trade
2025-05-05 18:37:16,081 - INFO - 현재 KRW-STPT 가격: 113.30원
2025-05-05 18:37:16,081 - INFO - 10초 대기...
2025-05-05 18:37:26,086 - INFO - 
===== 사이클 #5 =====
2025-05-05 18:37:26,086 - INFO - 현재 활성 주문 수: 0
2025-05-05 18:37:26,086 - INFO - check_orders
2025-05-05 18:37:26,086 - INFO - check_price_and_trade
2025-05-05 18:37:26,116 - INFO - 현재 KRW-STPT 가격: 114.20원
2025-05-05 18:37:26,116 - INFO - 레벨 1 매도 조건 충족: 현재가(114.20원) >= 매도가(113.60원)
2025-05-05 18:37:26,116 - INFO - sell_usdc (Level 1)
2025-05-05 18:37:26,219 - INFO - 매도 주문 완료: 주문번호 54723db2-2799-4cdc-800b-c62ab0996273
2025-05-05 18:37:26,220 - INFO - 레벨 2 매도 조건 충족: 현재가(114.20원) >= 매도가(113.40원)
2025-05-05 18:37:26,220 - INFO - sell_usdc (Level 2)
2025-05-05 18:37:26,263 - WARNING - USDC 보유량 부족: 매도 불가 (필요: 53.00353357, 보유: 53.00353356)
2025-05-05 18:37:26,263 - INFO - 10초 대기...
2025-05-05 18:37:36,269 - INFO - 
===== 사이클 #6 =====
2025-05-05 18:37:36,269 - INFO - 현재 활성 주문 수: 1
2025-05-05 18:37:36,269 - INFO - check_orders
2025-05-05 18:37:36,320 - INFO - 레벨 1의 sell 주문이 체결되었습니다: 54723db2-2799-4cdc-800b-c62ab0996273
2025-05-05 18:37:36,320 - INFO - get_balance
2025-05-05 18:37:36,371 - INFO - 보유 원화: 1,265,265원
2025-05-05 18:37:36,468 - INFO - 보유 USDC: 53.00353356 USDC
2025-05-05 18:37:36,468 - INFO - USDC 평균 매수가: 113.00원
2025-05-05 18:37:36,468 - INFO - 평가 금액: 6,053원
2025-05-05 18:37:36,468 - INFO - 총 자산: 1,271,318원
2025-05-05 18:37:36,468 - INFO - check_price_and_trade
2025-05-05 18:37:36,496 - INFO - 현재 KRW-STPT 가격: 114.20원
2025-05-05 18:37:36,497 - INFO - 레벨 2 매도 조건 충족: 현재가(114.20원) >= 매도가(113.40원)
2025-05-05 18:37:36,497 - INFO - sell_usdc (Level 2)
2025-05-05 18:37:36,549 - WARNING - USDC 보유량 부족: 매도 불가 (필요: 53.00353357, 보유: 53.00353356)
2025-05-05 18:37:36,549 - INFO - 10초 대기...
2025-05-05 18:37:46,556 - INFO - 
===== 사이클 #7 =====
2025-05-05 18:37:46,556 - INFO - 현재 활성 주문 수: 0
2025-05-05 18:37:46,556 - INFO - check_orders
2025-05-05 18:37:46,556 - INFO - check_price_and_trade
2025-05-05 18:37:46,595 - INFO - 현재 KRW-STPT 가격: 114.30원
2025-05-05 18:37:46,595 - INFO - 레벨 2 매도 조건 충족: 현재가(114.30원) >= 매도가(113.40원)
2025-05-05 18:37:46,596 - INFO - sell_usdc (Level 2)
2025-05-05 18:37:46,645 - WARNING - USDC 보유량 부족: 매도 불가 (필요: 53.00353357, 보유: 53.00353356)
2025-05-05 18:37:46,645 - INFO - 10초 대기...
2025-05-05 18:37:56,658 - INFO - 
===== 사이클 #8 =====
2025-05-05 18:37:56,658 - INFO - 현재 활성 주문 수: 0
2025-05-05 18:37:56,658 - INFO - check_orders
2025-05-05 18:37:56,658 - INFO - check_price_and_trade
2025-05-05 18:37:56,692 - INFO - 현재 KRW-STPT 가격: 114.60원
2025-05-05 18:37:56,692 - INFO - 레벨 2 매도 조건 충족: 현재가(114.60원) >= 매도가(113.40원)
2025-05-05 18:37:56,692 - INFO - sell_usdc (Level 2)
2025-05-05 18:37:56,744 - WARNING - USDC 보유량 부족: 매도 불가 (필요: 53.00353357, 보유: 53.00353356)
2025-05-05 18:37:56,744 - INFO - 10초 대기...
2025-05-05 18:38:05,891 - INFO - 
사용자에 의해 거래가 중단되었습니다.
2025-05-05 18:38:05,891 - INFO - ===== 거래 종료 =====
2025-05-05 18:38:05,891 - INFO - get_balance
2025-05-05 18:38:05,946 - INFO - 보유 원화: 1,265,265원
2025-05-05 18:38:06,054 - INFO - 보유 USDC: 53.00353356 USDC
2025-05-05 18:38:06,054 - INFO - USDC 평균 매수가: 113.00원
2025-05-05 18:38:06,054 - INFO - 평가 금액: 6,074원
2025-05-05 18:38:06,054 - INFO - 총 자산: 1,271,339원
2025-05-05 18:38:06,055 - INFO - 거래 데이터가 CSV 파일에 저장되었습니다.
2025-05-05 18:38:06,056 - INFO - 
총 거래 횟수: 0회
2025-05-05 18:38:06,056 - INFO - 매수: 0회, 매도: 0회, 취소: 0회
