2025-05-02 13:08:23,100 - INFO - USDC 자동 매매 프로그램을 시작합니다.
2025-05-02 13:08:23,244 - INFO - ===== 계정 정보 =====
2025-05-02 13:08:23,244 - INFO - 보유 원화: 1,001,190원
2025-05-02 13:08:23,244 - INFO - 보유 USDC: 0.0000 USDC
2025-05-02 13:08:23,245 - INFO - USDC 현재가: 1,441.00원
2025-05-02 13:08:23,272 - INFO - 현재 USDC 가격: 1,441.00원
2025-05-02 13:08:23,273 - INFO - USDC를 매수합니다.
2025-05-02 13:08:23,346 - INFO - USDC 매수 시도: 현재가 1,441.00원, 매수 금액 10,000원
2025-05-02 13:08:23,449 - INFO - 매수 주문 완료: 주문번호 b045009d-7b31-452b-bbee-b56bd555b10b
2025-05-02 13:08:25,496 - INFO - 주문 체결 대기 중... (상태: cancel)
2025-05-02 13:08:27,540 - INFO - 주문 체결 대기 중... (상태: cancel)
2025-05-02 13:08:29,581 - INFO - 주문 체결 대기 중... (상태: cancel)
2025-05-02 13:08:31,632 - INFO - 주문 체결 대기 중... (상태: cancel)
2025-05-02 13:08:33,682 - INFO - 주문 체결 대기 중... (상태: cancel)
2025-05-02 13:08:35,726 - INFO - 주문 체결 대기 중... (상태: cancel)
2025-05-02 13:08:37,771 - INFO - 주문 체결 대기 중... (상태: cancel)
2025-05-02 13:08:39,808 - INFO - 주문 체결 대기 중... (상태: cancel)
2025-05-02 13:08:41,855 - INFO - 주문 체결 대기 중... (상태: cancel)
2025-05-02 13:08:43,897 - INFO - 주문 체결 대기 중... (상태: cancel)
2025-05-02 13:08:43,898 - WARNING - 주문 체결 시간 초과, 주문을 취소합니다.
2025-05-02 13:08:43,934 - INFO - 10초마다 가격을 확인합니다. 종료하려면 Ctrl+C를 누르세요.
2025-05-02 13:08:53,962 - INFO - 현재 USDC 가격: 1,441.00원
2025-05-02 13:08:53,962 - INFO - USDC를 매수합니다.
2025-05-02 13:08:54,024 - INFO - USDC 매수 시도: 현재가 1,441.00원, 매수 금액 10,000원
2025-05-02 13:08:54,081 - INFO - 매수 주문 완료: 주문번호 e6483002-15a5-40c5-bc09-a2f4e1a48034
2025-05-02 13:08:56,123 - INFO - 주문 체결 대기 중... (상태: cancel)
2025-05-02 13:08:58,175 - INFO - 주문 체결 대기 중... (상태: cancel)
2025-05-02 13:09:00,219 - INFO - 주문 체결 대기 중... (상태: cancel)
2025-05-02 13:09:02,260 - INFO - 주문 체결 대기 중... (상태: cancel)
2025-05-02 13:09:04,296 - INFO - 주문 체결 대기 중... (상태: cancel)
2025-05-02 13:09:06,361 - INFO - 주문 체결 대기 중... (상태: cancel)
2025-05-02 13:09:08,403 - INFO - 주문 체결 대기 중... (상태: cancel)
2025-05-02 13:09:10,437 - INFO - 주문 체결 대기 중... (상태: cancel)
2025-05-02 13:09:12,480 - INFO - 주문 체결 대기 중... (상태: cancel)
2025-05-02 13:09:14,523 - INFO - 주문 체결 대기 중... (상태: cancel)
2025-05-02 13:09:14,523 - WARNING - 주문 체결 시간 초과, 주문을 취소합니다.
2025-05-02 13:09:24,602 - INFO - 현재 USDC 가격: 1,441.00원
2025-05-02 13:09:24,602 - INFO - USDC를 매수합니다.
2025-05-02 13:09:24,677 - INFO - USDC 매수 시도: 현재가 1,441.00원, 매수 금액 10,000원
2025-05-02 13:09:24,748 - INFO - 매수 주문 완료: 주문번호 b6ddbb3c-6f44-49e8-b4ad-cf55b99c6618
2025-05-02 13:09:26,786 - INFO - 주문 체결 대기 중... (상태: cancel)
2025-05-02 13:09:28,836 - INFO - 주문 체결 대기 중... (상태: cancel)
2025-05-02 13:09:30,871 - INFO - 주문 체결 대기 중... (상태: cancel)
2025-05-02 13:09:32,905 - INFO - 주문 체결 대기 중... (상태: cancel)
2025-05-02 13:09:34,948 - INFO - 주문 체결 대기 중... (상태: cancel)
2025-05-02 13:09:36,999 - INFO - 주문 체결 대기 중... (상태: cancel)
2025-05-02 13:09:39,050 - INFO - 주문 체결 대기 중... (상태: cancel)
2025-05-02 13:09:41,099 - INFO - 주문 체결 대기 중... (상태: cancel)
2025-05-02 13:09:43,140 - INFO - 주문 체결 대기 중... (상태: cancel)
2025-05-02 13:09:45,182 - INFO - 주문 체결 대기 중... (상태: cancel)
2025-05-02 13:09:45,182 - WARNING - 주문 체결 시간 초과, 주문을 취소합니다.
2025-05-02 13:09:55,257 - INFO - 현재 USDC 가격: 1,439.50원
2025-05-02 13:09:55,257 - INFO - USDC를 매수합니다.
2025-05-02 13:09:55,330 - INFO - USDC 매수 시도: 현재가 1,439.50원, 매수 금액 10,000원
2025-05-02 13:09:55,392 - INFO - 매수 주문 완료: 주문번호 82a1a394-6556-4d07-9082-e4707590855e
2025-05-02 13:09:57,439 - INFO - 주문 체결 대기 중... (상태: cancel)
2025-05-02 13:09:59,488 - INFO - 주문 체결 대기 중... (상태: cancel)
2025-05-02 13:10:01,537 - INFO - 주문 체결 대기 중... (상태: cancel)
2025-05-02 13:10:03,572 - INFO - 주문 체결 대기 중... (상태: cancel)
2025-05-02 13:10:05,617 - INFO - 주문 체결 대기 중... (상태: cancel)
2025-05-02 13:10:07,654 - INFO - 주문 체결 대기 중... (상태: cancel)
2025-05-02 13:10:09,699 - INFO - 주문 체결 대기 중... (상태: cancel)
2025-05-02 13:10:11,746 - INFO - 주문 체결 대기 중... (상태: cancel)
2025-05-02 13:10:13,793 - INFO - 주문 체결 대기 중... (상태: cancel)
2025-05-02 13:10:15,243 - INFO - 프로그램이 종료되었습니다.
2025-05-02 13:12:11,176 - INFO - USDC 자동 매매 프로그램을 시작합니다.
2025-05-02 13:12:11,319 - INFO - ===== 계정 정보 =====
2025-05-02 13:12:11,320 - INFO - 보유 원화: 961,170원
2025-05-02 13:12:11,320 - INFO - 보유 USDC: 27.7585 USDC
2025-05-02 13:12:11,320 - INFO - USDC 현재가: 1,439.50원
2025-05-02 13:12:11,320 - INFO - 평가 금액: 39,958원
2025-05-02 13:12:11,347 - INFO - 현재 USDC 가격: 1,439.50원
2025-05-02 13:12:11,347 - INFO - USDC를 매수합니다.
2025-05-02 13:12:11,439 - INFO - USDC 지정가 매수 시도: 가격 1,441.00원, 수량 13.8723, 금액 20,000원
2025-05-02 13:12:11,507 - INFO - 매수 주문 완료: 주문번호 e1c15616-1c5f-485b-aa62-7e083702d6bd
2025-05-02 13:12:13,590 - INFO - USDC 매수 완료: 13.8723 USDC (평균가: 1,441.00원)
2025-05-02 13:12:13,590 - INFO - 매도 목표가: 1,443.00원
2025-05-02 13:12:13,706 - INFO - ===== 계정 정보 =====
2025-05-02 13:12:13,706 - INFO - 보유 원화: 941,170원
2025-05-02 13:12:13,706 - INFO - 보유 USDC: 41.6308 USDC
2025-05-02 13:12:13,706 - INFO - USDC 현재가: 1,441.00원
2025-05-02 13:12:13,706 - INFO - 평가 금액: 59,990원
2025-05-02 13:12:13,706 - INFO - 10초마다 가격을 확인합니다. 종료하려면 Ctrl+C를 누르세요.
2025-05-02 13:12:23,738 - INFO - 현재 USDC 가격: 1,441.00원
2025-05-02 13:12:23,738 - INFO - 매도 대기 중: 현재가(1,441.00원) < 목표가(1,443.00원)
2025-05-02 13:12:33,778 - INFO - 현재 USDC 가격: 1,441.00원
2025-05-02 13:12:33,778 - INFO - 매도 대기 중: 현재가(1,441.00원) < 목표가(1,443.00원)
2025-05-02 13:12:43,809 - INFO - 현재 USDC 가격: 1,441.00원
2025-05-02 13:12:43,809 - INFO - 매도 대기 중: 현재가(1,441.00원) < 목표가(1,443.00원)
2025-05-02 13:12:53,840 - INFO - 현재 USDC 가격: 1,441.00원
2025-05-02 13:12:53,840 - INFO - 매도 대기 중: 현재가(1,441.00원) < 목표가(1,443.00원)
2025-05-02 13:13:03,881 - INFO - 현재 USDC 가격: 1,441.00원
2025-05-02 13:13:03,881 - INFO - 매도 대기 중: 현재가(1,441.00원) < 목표가(1,443.00원)
2025-05-02 13:13:13,920 - INFO - 현재 USDC 가격: 1,441.00원
2025-05-02 13:13:13,920 - INFO - 매도 대기 중: 현재가(1,441.00원) < 목표가(1,443.00원)
2025-05-02 13:13:23,957 - INFO - 현재 USDC 가격: 1,441.00원
2025-05-02 13:13:23,957 - INFO - 매도 대기 중: 현재가(1,441.00원) < 목표가(1,443.00원)
2025-05-02 13:13:33,989 - INFO - 현재 USDC 가격: 1,441.00원
2025-05-02 13:13:33,989 - INFO - 매도 대기 중: 현재가(1,441.00원) < 목표가(1,443.00원)
2025-05-02 13:13:44,018 - INFO - 현재 USDC 가격: 1,441.00원
2025-05-02 13:13:44,018 - INFO - 매도 대기 중: 현재가(1,441.00원) < 목표가(1,443.00원)
2025-05-02 13:13:54,052 - INFO - 현재 USDC 가격: 1,441.00원
2025-05-02 13:13:54,052 - INFO - 매도 대기 중: 현재가(1,441.00원) < 목표가(1,443.00원)
2025-05-02 13:14:04,095 - INFO - 현재 USDC 가격: 1,441.00원
2025-05-02 13:14:04,096 - INFO - 매도 대기 중: 현재가(1,441.00원) < 목표가(1,443.00원)
2025-05-02 13:14:14,125 - INFO - 현재 USDC 가격: 1,441.00원
2025-05-02 13:14:14,125 - INFO - 매도 대기 중: 현재가(1,441.00원) < 목표가(1,443.00원)
2025-05-02 13:14:24,160 - INFO - 현재 USDC 가격: 1,441.00원
2025-05-02 13:14:24,161 - INFO - 매도 대기 중: 현재가(1,441.00원) < 목표가(1,443.00원)
2025-05-02 13:14:34,206 - INFO - 현재 USDC 가격: 1,441.00원
2025-05-02 13:14:34,207 - INFO - 매도 대기 중: 현재가(1,441.00원) < 목표가(1,443.00원)
2025-05-02 13:14:44,264 - INFO - 현재 USDC 가격: 1,441.00원
2025-05-02 13:14:44,265 - INFO - 매도 대기 중: 현재가(1,441.00원) < 목표가(1,443.00원)
2025-05-02 13:14:54,295 - INFO - 현재 USDC 가격: 1,439.50원
2025-05-02 13:14:54,295 - INFO - 매도 대기 중: 현재가(1,439.50원) < 목표가(1,443.00원)
2025-05-02 13:15:04,324 - INFO - 현재 USDC 가격: 1,439.50원
2025-05-02 13:15:04,324 - INFO - 매도 대기 중: 현재가(1,439.50원) < 목표가(1,443.00원)
2025-05-02 13:15:14,356 - INFO - 현재 USDC 가격: 1,441.00원
2025-05-02 13:15:14,356 - INFO - 매도 대기 중: 현재가(1,441.00원) < 목표가(1,443.00원)
2025-05-02 13:15:24,387 - INFO - 현재 USDC 가격: 1,441.00원
2025-05-02 13:15:24,387 - INFO - 매도 대기 중: 현재가(1,441.00원) < 목표가(1,443.00원)
2025-05-02 13:15:34,431 - INFO - 현재 USDC 가격: 1,441.00원
2025-05-02 13:15:34,431 - INFO - 매도 대기 중: 현재가(1,441.00원) < 목표가(1,443.00원)
2025-05-02 13:15:44,463 - INFO - 현재 USDC 가격: 1,441.00원
2025-05-02 13:15:44,463 - INFO - 매도 대기 중: 현재가(1,441.00원) < 목표가(1,443.00원)
2025-05-02 13:15:54,489 - INFO - 현재 USDC 가격: 1,441.00원
2025-05-02 13:15:54,489 - INFO - 매도 대기 중: 현재가(1,441.00원) < 목표가(1,443.00원)
2025-05-02 13:16:04,518 - INFO - 현재 USDC 가격: 1,439.50원
2025-05-02 13:16:04,518 - INFO - 매도 대기 중: 현재가(1,439.50원) < 목표가(1,443.00원)
2025-05-02 13:16:14,550 - INFO - 현재 USDC 가격: 1,439.50원
2025-05-02 13:16:14,550 - INFO - 매도 대기 중: 현재가(1,439.50원) < 목표가(1,443.00원)
2025-05-02 13:16:24,581 - INFO - 현재 USDC 가격: 1,439.50원
2025-05-02 13:16:24,581 - INFO - 매도 대기 중: 현재가(1,439.50원) < 목표가(1,443.00원)
2025-05-02 13:16:34,615 - INFO - 현재 USDC 가격: 1,439.50원
2025-05-02 13:16:34,615 - INFO - 매도 대기 중: 현재가(1,439.50원) < 목표가(1,443.00원)
2025-05-02 13:16:44,643 - INFO - 현재 USDC 가격: 1,439.50원
2025-05-02 13:16:44,643 - INFO - 매도 대기 중: 현재가(1,439.50원) < 목표가(1,443.00원)
2025-05-02 13:16:54,688 - INFO - 현재 USDC 가격: 1,439.50원
2025-05-02 13:16:54,688 - INFO - 매도 대기 중: 현재가(1,439.50원) < 목표가(1,443.00원)
2025-05-02 13:17:04,717 - INFO - 현재 USDC 가격: 1,439.50원
2025-05-02 13:17:04,717 - INFO - 매도 대기 중: 현재가(1,439.50원) < 목표가(1,443.00원)
2025-05-02 13:17:14,749 - INFO - 현재 USDC 가격: 1,439.50원
2025-05-02 13:17:14,749 - INFO - 매도 대기 중: 현재가(1,439.50원) < 목표가(1,443.00원)
2025-05-02 13:17:24,794 - INFO - 현재 USDC 가격: 1,439.50원
2025-05-02 13:17:24,794 - INFO - 매도 대기 중: 현재가(1,439.50원) < 목표가(1,443.00원)
2025-05-02 13:17:34,829 - INFO - 현재 USDC 가격: 1,439.50원
2025-05-02 13:17:34,829 - INFO - 매도 대기 중: 현재가(1,439.50원) < 목표가(1,443.00원)
2025-05-02 13:17:44,858 - INFO - 현재 USDC 가격: 1,439.50원
2025-05-02 13:17:44,858 - INFO - 매도 대기 중: 현재가(1,439.50원) < 목표가(1,443.00원)
2025-05-02 13:17:54,890 - INFO - 현재 USDC 가격: 1,439.50원
2025-05-02 13:17:54,891 - INFO - 매도 대기 중: 현재가(1,439.50원) < 목표가(1,443.00원)
2025-05-02 13:18:04,935 - INFO - 현재 USDC 가격: 1,439.50원
2025-05-02 13:18:04,935 - INFO - 매도 대기 중: 현재가(1,439.50원) < 목표가(1,443.00원)
2025-05-02 13:18:14,972 - INFO - 현재 USDC 가격: 1,439.50원
2025-05-02 13:18:14,973 - INFO - 매도 대기 중: 현재가(1,439.50원) < 목표가(1,443.00원)
2025-05-02 13:18:25,008 - INFO - 현재 USDC 가격: 1,439.50원
2025-05-02 13:18:25,008 - INFO - 매도 대기 중: 현재가(1,439.50원) < 목표가(1,443.00원)
2025-05-02 13:18:35,040 - INFO - 현재 USDC 가격: 1,439.50원
2025-05-02 13:18:35,040 - INFO - 매도 대기 중: 현재가(1,439.50원) < 목표가(1,443.00원)
2025-05-02 13:18:45,069 - INFO - 현재 USDC 가격: 1,439.50원
2025-05-02 13:18:45,069 - INFO - 매도 대기 중: 현재가(1,439.50원) < 목표가(1,443.00원)
2025-05-02 13:18:55,099 - INFO - 현재 USDC 가격: 1,439.50원
2025-05-02 13:18:55,099 - INFO - 매도 대기 중: 현재가(1,439.50원) < 목표가(1,443.00원)
2025-05-02 13:19:05,136 - INFO - 현재 USDC 가격: 1,439.50원
2025-05-02 13:19:05,136 - INFO - 매도 대기 중: 현재가(1,439.50원) < 목표가(1,443.00원)
2025-05-02 13:19:15,182 - INFO - 현재 USDC 가격: 1,439.50원
2025-05-02 13:19:15,182 - INFO - 매도 대기 중: 현재가(1,439.50원) < 목표가(1,443.00원)
2025-05-02 13:19:25,217 - INFO - 현재 USDC 가격: 1,439.50원
2025-05-02 13:19:25,217 - INFO - 매도 대기 중: 현재가(1,439.50원) < 목표가(1,443.00원)
2025-05-02 13:19:35,263 - INFO - 현재 USDC 가격: 1,439.50원
2025-05-02 13:19:35,263 - INFO - 매도 대기 중: 현재가(1,439.50원) < 목표가(1,443.00원)
2025-05-02 13:19:45,294 - INFO - 현재 USDC 가격: 1,439.50원
2025-05-02 13:19:45,294 - INFO - 매도 대기 중: 현재가(1,439.50원) < 목표가(1,443.00원)
2025-05-02 13:19:55,325 - INFO - 현재 USDC 가격: 1,439.50원
2025-05-02 13:19:55,325 - INFO - 매도 대기 중: 현재가(1,439.50원) < 목표가(1,443.00원)
2025-05-02 13:20:05,376 - INFO - 현재 USDC 가격: 1,439.50원
2025-05-02 13:20:05,376 - INFO - 매도 대기 중: 현재가(1,439.50원) < 목표가(1,443.00원)
2025-05-02 13:20:15,405 - INFO - 현재 USDC 가격: 1,439.50원
2025-05-02 13:20:15,405 - INFO - 매도 대기 중: 현재가(1,439.50원) < 목표가(1,443.00원)
2025-05-02 13:20:25,440 - INFO - 현재 USDC 가격: 1,439.50원
2025-05-02 13:20:25,440 - INFO - 매도 대기 중: 현재가(1,439.50원) < 목표가(1,443.00원)
2025-05-02 13:20:35,522 - INFO - 현재 USDC 가격: 1,439.50원
2025-05-02 13:20:35,523 - INFO - 매도 대기 중: 현재가(1,439.50원) < 목표가(1,443.00원)
2025-05-02 13:20:45,558 - INFO - 현재 USDC 가격: 1,439.50원
2025-05-02 13:20:45,559 - INFO - 매도 대기 중: 현재가(1,439.50원) < 목표가(1,443.00원)
2025-05-02 13:20:55,587 - INFO - 현재 USDC 가격: 1,439.50원
2025-05-02 13:20:55,587 - INFO - 매도 대기 중: 현재가(1,439.50원) < 목표가(1,443.00원)
2025-05-02 13:20:56,628 - INFO - 프로그램이 종료되었습니다.
2025-05-02 13:21:05,056 - INFO - USDC 자동 매매 프로그램을 시작합니다.
2025-05-02 13:21:05,191 - INFO - ===== 계정 정보 =====
2025-05-02 13:21:05,191 - INFO - 보유 원화: 941,170원
2025-05-02 13:21:05,191 - INFO - 보유 USDC: 41.6308 USDC
2025-05-02 13:21:05,191 - INFO - USDC 현재가: 1,439.50원
2025-05-02 13:21:05,191 - INFO - 평가 금액: 59,928원
2025-05-02 13:21:05,221 - INFO - 현재 USDC 가격: 1,439.50원
2025-05-02 13:21:05,222 - INFO - USDC를 매수합니다.
2025-05-02 13:21:05,321 - INFO - USDC 지정가 매수 시도: 가격 1,441.00원, 수량 13.8723, 금액 20,000원
2025-05-02 13:21:05,421 - INFO - 매수 주문 완료: 주문번호 37669b58-fd38-4970-a95b-d001ada5583b
2025-05-02 13:21:07,519 - INFO - USDC 매수 완료: 13.8723 USDC (평균가: 1,441.00원)
2025-05-02 13:21:07,520 - INFO - 매도 목표가: 1,441.50원
2025-05-02 13:21:07,634 - INFO - ===== 계정 정보 =====
2025-05-02 13:21:07,634 - INFO - 보유 원화: 921,170원
2025-05-02 13:21:07,634 - INFO - 보유 USDC: 55.5031 USDC
2025-05-02 13:21:07,634 - INFO - USDC 현재가: 1,441.00원
2025-05-02 13:21:07,634 - INFO - 평가 금액: 79,980원
2025-05-02 13:21:07,634 - INFO - 10초마다 가격을 확인합니다. 종료하려면 Ctrl+C를 누르세요.
2025-05-02 13:21:17,668 - INFO - 현재 USDC 가격: 1,441.00원
2025-05-02 13:21:17,668 - INFO - 매도 대기 중: 현재가(1,441.00원) < 목표가(1,441.50원)
2025-05-02 13:21:27,697 - INFO - 현재 USDC 가격: 1,441.00원
2025-05-02 13:21:27,697 - INFO - 매도 대기 중: 현재가(1,441.00원) < 목표가(1,441.50원)
2025-05-02 13:21:37,726 - INFO - 현재 USDC 가격: 1,439.50원
2025-05-02 13:21:37,726 - INFO - 매도 대기 중: 현재가(1,439.50원) < 목표가(1,441.50원)
2025-05-02 13:21:47,756 - INFO - 현재 USDC 가격: 1,439.00원
2025-05-02 13:21:47,756 - INFO - 매도 대기 중: 현재가(1,439.00원) < 목표가(1,441.50원)
2025-05-02 13:21:57,788 - INFO - 현재 USDC 가격: 1,439.00원
2025-05-02 13:21:57,788 - INFO - 매도 대기 중: 현재가(1,439.00원) < 목표가(1,441.50원)
2025-05-02 13:22:07,828 - INFO - 현재 USDC 가격: 1,439.00원
2025-05-02 13:22:07,828 - INFO - 매도 대기 중: 현재가(1,439.00원) < 목표가(1,441.50원)
2025-05-02 13:22:17,860 - INFO - 현재 USDC 가격: 1,439.50원
2025-05-02 13:22:17,860 - INFO - 매도 대기 중: 현재가(1,439.50원) < 목표가(1,441.50원)
2025-05-02 13:22:27,888 - INFO - 현재 USDC 가격: 1,439.50원
2025-05-02 13:22:27,888 - INFO - 매도 대기 중: 현재가(1,439.50원) < 목표가(1,441.50원)
2025-05-02 13:22:37,919 - INFO - 현재 USDC 가격: 1,439.50원
2025-05-02 13:22:37,919 - INFO - 매도 대기 중: 현재가(1,439.50원) < 목표가(1,441.50원)
2025-05-02 13:22:47,946 - INFO - 현재 USDC 가격: 1,439.50원
2025-05-02 13:22:47,946 - INFO - 매도 대기 중: 현재가(1,439.50원) < 목표가(1,441.50원)
2025-05-02 13:22:57,981 - INFO - 현재 USDC 가격: 1,439.50원
2025-05-02 13:22:57,981 - INFO - 매도 대기 중: 현재가(1,439.50원) < 목표가(1,441.50원)
2025-05-02 13:23:08,013 - INFO - 현재 USDC 가격: 1,439.50원
2025-05-02 13:23:08,013 - INFO - 매도 대기 중: 현재가(1,439.50원) < 목표가(1,441.50원)
2025-05-02 13:23:18,041 - INFO - 현재 USDC 가격: 1,440.00원
2025-05-02 13:23:18,041 - INFO - 매도 대기 중: 현재가(1,440.00원) < 목표가(1,441.50원)
2025-05-02 13:23:28,080 - INFO - 현재 USDC 가격: 1,439.50원
2025-05-02 13:23:28,080 - INFO - 매도 대기 중: 현재가(1,439.50원) < 목표가(1,441.50원)
2025-05-02 13:23:38,129 - INFO - 현재 USDC 가격: 1,439.50원
2025-05-02 13:23:38,129 - INFO - 매도 대기 중: 현재가(1,439.50원) < 목표가(1,441.50원)
2025-05-02 13:23:48,163 - INFO - 현재 USDC 가격: 1,439.50원
2025-05-02 13:23:48,163 - INFO - 매도 대기 중: 현재가(1,439.50원) < 목표가(1,441.50원)
2025-05-02 13:23:58,196 - INFO - 현재 USDC 가격: 1,439.50원
2025-05-02 13:23:58,197 - INFO - 매도 대기 중: 현재가(1,439.50원) < 목표가(1,441.50원)
2025-05-02 13:24:08,227 - INFO - 현재 USDC 가격: 1,439.50원
2025-05-02 13:24:08,227 - INFO - 매도 대기 중: 현재가(1,439.50원) < 목표가(1,441.50원)
2025-05-02 13:24:18,270 - INFO - 현재 USDC 가격: 1,439.50원
2025-05-02 13:24:18,271 - INFO - 매도 대기 중: 현재가(1,439.50원) < 목표가(1,441.50원)
2025-05-02 13:24:28,312 - INFO - 현재 USDC 가격: 1,439.50원
2025-05-02 13:24:28,312 - INFO - 매도 대기 중: 현재가(1,439.50원) < 목표가(1,441.50원)
2025-05-02 13:24:38,349 - INFO - 현재 USDC 가격: 1,439.50원
2025-05-02 13:24:38,350 - INFO - 매도 대기 중: 현재가(1,439.50원) < 목표가(1,441.50원)
2025-05-02 13:24:48,379 - INFO - 현재 USDC 가격: 1,439.50원
2025-05-02 13:24:48,380 - INFO - 매도 대기 중: 현재가(1,439.50원) < 목표가(1,441.50원)
2025-05-02 13:24:58,408 - INFO - 현재 USDC 가격: 1,439.50원
2025-05-02 13:24:58,409 - INFO - 매도 대기 중: 현재가(1,439.50원) < 목표가(1,441.50원)
2025-05-02 13:25:08,445 - INFO - 현재 USDC 가격: 1,439.50원
2025-05-02 13:25:08,445 - INFO - 매도 대기 중: 현재가(1,439.50원) < 목표가(1,441.50원)
2025-05-02 13:25:18,491 - INFO - 현재 USDC 가격: 1,439.00원
2025-05-02 13:25:18,491 - INFO - 매도 대기 중: 현재가(1,439.00원) < 목표가(1,441.50원)
2025-05-02 13:25:28,521 - INFO - 현재 USDC 가격: 1,439.00원
2025-05-02 13:25:28,521 - INFO - 매도 대기 중: 현재가(1,439.00원) < 목표가(1,441.50원)
2025-05-02 13:25:38,551 - INFO - 현재 USDC 가격: 1,439.00원
2025-05-02 13:25:38,552 - INFO - 매도 대기 중: 현재가(1,439.00원) < 목표가(1,441.50원)
2025-05-02 13:25:48,582 - INFO - 현재 USDC 가격: 1,439.00원
2025-05-02 13:25:48,582 - INFO - 매도 대기 중: 현재가(1,439.00원) < 목표가(1,441.50원)
2025-05-02 13:25:58,622 - INFO - 현재 USDC 가격: 1,439.00원
2025-05-02 13:25:58,622 - INFO - 매도 대기 중: 현재가(1,439.00원) < 목표가(1,441.50원)
2025-05-02 13:26:08,668 - INFO - 현재 USDC 가격: 1,439.00원
2025-05-02 13:26:08,668 - INFO - 매도 대기 중: 현재가(1,439.00원) < 목표가(1,441.50원)
2025-05-02 13:26:18,699 - INFO - 현재 USDC 가격: 1,439.00원
2025-05-02 13:26:18,699 - INFO - 매도 대기 중: 현재가(1,439.00원) < 목표가(1,441.50원)
2025-05-02 13:26:27,049 - INFO - 프로그램이 종료되었습니다.
2025-05-02 13:26:28,659 - INFO - USDC 자동 매매 프로그램을 시작합니다.
2025-05-02 13:26:28,799 - INFO - ===== 계정 정보 =====
2025-05-02 13:26:28,800 - INFO - 보유 원화: 921,170원
2025-05-02 13:26:28,800 - INFO - 보유 USDC: 55.5031 USDC
2025-05-02 13:26:28,800 - INFO - USDC 현재가: 1,439.00원
2025-05-02 13:26:28,800 - INFO - 평가 금액: 79,869원
2025-05-02 13:26:28,824 - INFO - 현재 USDC 가격: 1,439.00원
2025-05-02 13:26:28,824 - INFO - USDC를 매수합니다.
2025-05-02 13:26:28,925 - INFO - USDC 지정가 매수 시도: 가격 1,440.00원, 수량 13.8819, 금액 20,000원
2025-05-02 13:26:29,020 - INFO - 매수 주문 완료: 주문번호 de76ab04-ae1f-45dd-9ddd-c058a0b0fa70
2025-05-02 13:26:31,142 - INFO - USDC 매수 완료: 13.8819 USDC (평균가: 1,440.00원)
2025-05-02 13:26:31,142 - INFO - 매도 목표가: 1,440.50원
2025-05-02 13:26:31,256 - INFO - ===== 계정 정보 =====
2025-05-02 13:26:31,256 - INFO - 보유 원화: 901,170원
2025-05-02 13:26:31,256 - INFO - 보유 USDC: 69.3851 USDC
2025-05-02 13:26:31,256 - INFO - USDC 현재가: 1,440.00원
2025-05-02 13:26:31,256 - INFO - 평가 금액: 99,914원
2025-05-02 13:26:31,256 - INFO - 10초마다 가격을 확인합니다. 종료하려면 Ctrl+C를 누르세요.
2025-05-02 13:26:41,301 - INFO - 현재 USDC 가격: 1,440.00원
2025-05-02 13:26:41,301 - INFO - 매도 대기 중: 현재가(1,440.00원) < 목표가(1,440.50원)
2025-05-02 13:26:51,333 - INFO - 현재 USDC 가격: 1,440.00원
2025-05-02 13:26:51,333 - INFO - 매도 대기 중: 현재가(1,440.00원) < 목표가(1,440.50원)
2025-05-02 13:27:01,378 - INFO - 현재 USDC 가격: 1,440.00원
2025-05-02 13:27:01,378 - INFO - 매도 대기 중: 현재가(1,440.00원) < 목표가(1,440.50원)
2025-05-02 13:27:11,409 - INFO - 현재 USDC 가격: 1,440.00원
2025-05-02 13:27:11,409 - INFO - 매도 대기 중: 현재가(1,440.00원) < 목표가(1,440.50원)
2025-05-02 13:27:21,455 - INFO - 현재 USDC 가격: 1,439.00원
2025-05-02 13:27:21,456 - INFO - 매도 대기 중: 현재가(1,439.00원) < 목표가(1,440.50원)
2025-05-02 13:27:31,488 - INFO - 현재 USDC 가격: 1,439.00원
2025-05-02 13:27:31,488 - INFO - 매도 대기 중: 현재가(1,439.00원) < 목표가(1,440.50원)
2025-05-02 13:27:41,536 - INFO - 현재 USDC 가격: 1,439.00원
2025-05-02 13:27:41,536 - INFO - 매도 대기 중: 현재가(1,439.00원) < 목표가(1,440.50원)
2025-05-02 13:27:51,571 - INFO - 현재 USDC 가격: 1,439.00원
2025-05-02 13:27:51,571 - INFO - 매도 대기 중: 현재가(1,439.00원) < 목표가(1,440.50원)
2025-05-02 13:28:01,615 - INFO - 현재 USDC 가격: 1,439.00원
2025-05-02 13:28:01,615 - INFO - 매도 대기 중: 현재가(1,439.00원) < 목표가(1,440.50원)
2025-05-02 13:28:11,649 - INFO - 현재 USDC 가격: 1,439.00원
2025-05-02 13:28:11,649 - INFO - 매도 대기 중: 현재가(1,439.00원) < 목표가(1,440.50원)
2025-05-02 13:28:21,695 - INFO - 현재 USDC 가격: 1,439.00원
2025-05-02 13:28:21,695 - INFO - 매도 대기 중: 현재가(1,439.00원) < 목표가(1,440.50원)
2025-05-02 13:28:31,729 - INFO - 현재 USDC 가격: 1,439.00원
2025-05-02 13:28:31,729 - INFO - 매도 대기 중: 현재가(1,439.00원) < 목표가(1,440.50원)
2025-05-02 13:28:41,768 - INFO - 현재 USDC 가격: 1,439.00원
2025-05-02 13:28:41,768 - INFO - 매도 대기 중: 현재가(1,439.00원) < 목표가(1,440.50원)
2025-05-02 13:28:51,803 - INFO - 현재 USDC 가격: 1,439.00원
2025-05-02 13:28:51,803 - INFO - 매도 대기 중: 현재가(1,439.00원) < 목표가(1,440.50원)
2025-05-02 13:29:01,834 - INFO - 현재 USDC 가격: 1,439.00원
2025-05-02 13:29:01,834 - INFO - 매도 대기 중: 현재가(1,439.00원) < 목표가(1,440.50원)
2025-05-02 13:29:11,877 - INFO - 현재 USDC 가격: 1,439.00원
2025-05-02 13:29:11,877 - INFO - 매도 대기 중: 현재가(1,439.00원) < 목표가(1,440.50원)
2025-05-02 13:29:21,911 - INFO - 현재 USDC 가격: 1,439.00원
2025-05-02 13:29:21,911 - INFO - 매도 대기 중: 현재가(1,439.00원) < 목표가(1,440.50원)
2025-05-02 13:29:31,944 - INFO - 현재 USDC 가격: 1,439.00원
2025-05-02 13:29:31,944 - INFO - 매도 대기 중: 현재가(1,439.00원) < 목표가(1,440.50원)
2025-05-02 13:29:41,994 - INFO - 현재 USDC 가격: 1,439.00원
2025-05-02 13:29:41,994 - INFO - 매도 대기 중: 현재가(1,439.00원) < 목표가(1,440.50원)
2025-05-02 13:29:52,024 - INFO - 현재 USDC 가격: 1,439.00원
2025-05-02 13:29:52,024 - INFO - 매도 대기 중: 현재가(1,439.00원) < 목표가(1,440.50원)
2025-05-02 13:30:02,058 - INFO - 현재 USDC 가격: 1,439.00원
2025-05-02 13:30:02,058 - INFO - 매도 대기 중: 현재가(1,439.00원) < 목표가(1,440.50원)
2025-05-02 13:30:12,086 - INFO - 현재 USDC 가격: 1,439.00원
2025-05-02 13:30:12,086 - INFO - 매도 대기 중: 현재가(1,439.00원) < 목표가(1,440.50원)
2025-05-02 13:30:22,108 - INFO - 현재 USDC 가격: 1,439.00원
2025-05-02 13:30:22,108 - INFO - 매도 대기 중: 현재가(1,439.00원) < 목표가(1,440.50원)
2025-05-02 13:30:32,158 - INFO - 현재 USDC 가격: 1,439.00원
2025-05-02 13:30:32,159 - INFO - 매도 대기 중: 현재가(1,439.00원) < 목표가(1,440.50원)
2025-05-02 13:30:42,195 - INFO - 현재 USDC 가격: 1,439.00원
2025-05-02 13:30:42,195 - INFO - 매도 대기 중: 현재가(1,439.00원) < 목표가(1,440.50원)
2025-05-02 13:30:52,232 - INFO - 현재 USDC 가격: 1,439.00원
2025-05-02 13:30:52,233 - INFO - 매도 대기 중: 현재가(1,439.00원) < 목표가(1,440.50원)
2025-05-02 13:31:02,277 - INFO - 현재 USDC 가격: 1,439.00원
2025-05-02 13:31:02,278 - INFO - 매도 대기 중: 현재가(1,439.00원) < 목표가(1,440.50원)
2025-05-02 13:31:12,310 - INFO - 현재 USDC 가격: 1,439.00원
2025-05-02 13:31:12,310 - INFO - 매도 대기 중: 현재가(1,439.00원) < 목표가(1,440.50원)
2025-05-02 13:31:22,358 - INFO - 현재 USDC 가격: 1,439.00원
2025-05-02 13:31:22,359 - INFO - 매도 대기 중: 현재가(1,439.00원) < 목표가(1,440.50원)
2025-05-02 13:31:32,399 - INFO - 현재 USDC 가격: 1,439.00원
2025-05-02 13:31:32,399 - INFO - 매도 대기 중: 현재가(1,439.00원) < 목표가(1,440.50원)
2025-05-02 13:31:42,430 - INFO - 현재 USDC 가격: 1,439.00원
2025-05-02 13:31:42,430 - INFO - 매도 대기 중: 현재가(1,439.00원) < 목표가(1,440.50원)
2025-05-02 13:31:52,462 - INFO - 현재 USDC 가격: 1,439.00원
2025-05-02 13:31:52,462 - INFO - 매도 대기 중: 현재가(1,439.00원) < 목표가(1,440.50원)
2025-05-02 13:32:02,495 - INFO - 현재 USDC 가격: 1,439.00원
2025-05-02 13:32:02,495 - INFO - 매도 대기 중: 현재가(1,439.00원) < 목표가(1,440.50원)
2025-05-02 13:32:12,525 - INFO - 현재 USDC 가격: 1,439.00원
2025-05-02 13:32:12,526 - INFO - 매도 대기 중: 현재가(1,439.00원) < 목표가(1,440.50원)
2025-05-02 13:32:22,556 - INFO - 현재 USDC 가격: 1,439.00원
2025-05-02 13:32:22,556 - INFO - 매도 대기 중: 현재가(1,439.00원) < 목표가(1,440.50원)
2025-05-02 13:32:32,588 - INFO - 현재 USDC 가격: 1,439.00원
2025-05-02 13:32:32,588 - INFO - 매도 대기 중: 현재가(1,439.00원) < 목표가(1,440.50원)
2025-05-02 13:32:42,619 - INFO - 현재 USDC 가격: 1,439.00원
2025-05-02 13:32:42,619 - INFO - 매도 대기 중: 현재가(1,439.00원) < 목표가(1,440.50원)
2025-05-02 13:32:52,667 - INFO - 현재 USDC 가격: 1,441.00원
2025-05-02 13:32:52,667 - INFO - 매도 조건 충족: 현재가(1,441.00원) >= 목표가(1,440.50원)
2025-05-02 13:32:52,777 - INFO - USDC 지정가 매도 시도: 가격 1,439.00원, 수량 69.3851 USDC
2025-05-02 13:32:52,853 - INFO - 매도 주문 완료: 주문번호 d6777bf7-c95f-4087-8ffb-2c2e8dd3d13e
2025-05-02 13:32:54,931 - INFO - USDC 매도 완료: 69.3851 USDC (매도가: 1,439.00원)
2025-05-02 13:32:54,931 - INFO - 매수가: 1,440.00원, 매도가: 1,439.00원
2025-05-02 13:32:54,931 - INFO - 수익: -69원 (-0.07%)
2025-05-02 13:32:55,041 - INFO - ===== 계정 정보 =====
2025-05-02 13:32:55,041 - INFO - 보유 원화: 1,000,965원
2025-05-02 13:32:55,041 - INFO - 보유 USDC: 0.0000 USDC
2025-05-02 13:32:55,041 - INFO - USDC 현재가: 1,439.00원
2025-05-02 13:33:05,069 - INFO - 현재 USDC 가격: 1,439.00원
2025-05-02 13:33:05,069 - INFO - USDC를 매수합니다.
2025-05-02 13:33:05,176 - INFO - USDC 지정가 매수 시도: 가격 1,440.00원, 수량 13.8819, 금액 20,000원
2025-05-02 13:33:05,240 - INFO - 매수 주문 완료: 주문번호 46682f27-044e-4dc2-8dd0-ddece27a0bc2
2025-05-02 13:33:07,327 - INFO - USDC 매수 완료: 13.8819 USDC (평균가: 1,440.00원)
2025-05-02 13:33:07,327 - INFO - 매도 목표가: 1,440.50원
2025-05-02 13:33:07,451 - INFO - ===== 계정 정보 =====
2025-05-02 13:33:07,451 - INFO - 보유 원화: 980,965원
2025-05-02 13:33:07,451 - INFO - 보유 USDC: 13.8819 USDC
2025-05-02 13:33:07,452 - INFO - USDC 현재가: 1,439.00원
2025-05-02 13:33:07,452 - INFO - 평가 금액: 19,976원
2025-05-02 13:33:17,481 - INFO - 현재 USDC 가격: 1,439.00원
2025-05-02 13:33:17,481 - INFO - 매도 대기 중: 현재가(1,439.00원) < 목표가(1,440.50원)
2025-05-02 13:33:27,529 - INFO - 현재 USDC 가격: 1,439.00원
2025-05-02 13:33:27,529 - INFO - 매도 대기 중: 현재가(1,439.00원) < 목표가(1,440.50원)
2025-05-02 13:33:37,561 - INFO - 현재 USDC 가격: 1,439.00원
2025-05-02 13:33:37,561 - INFO - 매도 대기 중: 현재가(1,439.00원) < 목표가(1,440.50원)
2025-05-02 13:33:47,055 - INFO - 프로그램이 종료되었습니다.
2025-05-02 13:42:48,117 - INFO - USDC 자동 매매 프로그램을 시작합니다.
2025-05-02 13:42:48,394 - INFO - ===== 계정 정보 =====
2025-05-02 13:42:48,395 - INFO - 보유 원화: 970,960원
2025-05-02 13:42:48,395 - INFO - 보유 USDC: 13.8819 USDC
2025-05-02 13:42:48,395 - INFO - USDC 현재가: 1,438.50원
2025-05-02 13:42:48,395 - INFO - 평가 금액: 19,969원
2025-05-02 13:42:48,462 - INFO - 현재 USDC 가격: 1,438.50원
2025-05-02 13:42:48,462 - INFO - USDC를 매수합니다.
2025-05-02 13:42:48,634 - INFO - USDC 지정가 매수 시도: 가격 1,439.00원, 수량 13.8916, 금액 20,000원
2025-05-02 13:42:48,753 - INFO - 매수 주문 완료: 주문번호 7ffa7a14-dca7-431c-9900-4258d00e2f02
2025-05-02 13:42:50,922 - INFO - USDC 매수 완료: 13.8916 USDC (평균가: 1,439.00원)
2025-05-02 13:42:50,922 - INFO - 매도 목표가: 1,440.00원
2025-05-02 13:42:51,143 - INFO - ===== 계정 정보 =====
2025-05-02 13:42:51,143 - INFO - 보유 원화: 950,960원
2025-05-02 13:42:51,143 - INFO - 보유 USDC: 27.7735 USDC
2025-05-02 13:42:51,143 - INFO - USDC 현재가: 1,438.50원
2025-05-02 13:42:51,143 - INFO - 평가 금액: 39,952원
2025-05-02 13:42:51,143 - INFO - 10초마다 가격을 확인합니다. 종료하려면 Ctrl+C를 누르세요.
2025-05-02 13:43:01,201 - INFO - 현재 USDC 가격: 1,438.50원
2025-05-02 13:43:01,201 - INFO - 매도 대기 중: 현재가(1,438.50원) < 목표가(1,440.00원)
2025-05-02 13:43:11,309 - INFO - 현재 USDC 가격: 1,438.50원
2025-05-02 13:43:11,309 - INFO - 매도 대기 중: 현재가(1,438.50원) < 목표가(1,440.00원)
2025-05-02 13:43:21,346 - INFO - 현재 USDC 가격: 1,438.50원
2025-05-02 13:43:21,346 - INFO - 매도 대기 중: 현재가(1,438.50원) < 목표가(1,440.00원)
2025-05-02 13:43:31,396 - INFO - 현재 USDC 가격: 1,438.50원
2025-05-02 13:43:31,396 - INFO - 매도 대기 중: 현재가(1,438.50원) < 목표가(1,440.00원)
2025-05-02 13:43:41,432 - INFO - 현재 USDC 가격: 1,438.50원
2025-05-02 13:43:41,432 - INFO - 매도 대기 중: 현재가(1,438.50원) < 목표가(1,440.00원)
2025-05-02 13:43:51,465 - INFO - 현재 USDC 가격: 1,438.50원
2025-05-02 13:43:51,465 - INFO - 매도 대기 중: 현재가(1,438.50원) < 목표가(1,440.00원)
2025-05-02 13:44:01,495 - INFO - 현재 USDC 가격: 1,438.50원
2025-05-02 13:44:01,495 - INFO - 매도 대기 중: 현재가(1,438.50원) < 목표가(1,440.00원)
2025-05-02 13:44:11,534 - INFO - 현재 USDC 가격: 1,438.50원
2025-05-02 13:44:11,534 - INFO - 매도 대기 중: 현재가(1,438.50원) < 목표가(1,440.00원)
2025-05-02 13:44:21,580 - INFO - 현재 USDC 가격: 1,438.50원
2025-05-02 13:44:21,580 - INFO - 매도 대기 중: 현재가(1,438.50원) < 목표가(1,440.00원)
2025-05-02 13:44:31,611 - INFO - 현재 USDC 가격: 1,438.50원
2025-05-02 13:44:31,611 - INFO - 매도 대기 중: 현재가(1,438.50원) < 목표가(1,440.00원)
2025-05-02 13:44:41,657 - INFO - 현재 USDC 가격: 1,438.50원
2025-05-02 13:44:41,657 - INFO - 매도 대기 중: 현재가(1,438.50원) < 목표가(1,440.00원)
2025-05-02 13:44:51,689 - INFO - 현재 USDC 가격: 1,438.50원
2025-05-02 13:44:51,689 - INFO - 매도 대기 중: 현재가(1,438.50원) < 목표가(1,440.00원)
2025-05-02 13:45:01,718 - INFO - 현재 USDC 가격: 1,438.50원
2025-05-02 13:45:01,718 - INFO - 매도 대기 중: 현재가(1,438.50원) < 목표가(1,440.00원)
2025-05-02 13:45:11,752 - INFO - 현재 USDC 가격: 1,438.50원
2025-05-02 13:45:11,752 - INFO - 매도 대기 중: 현재가(1,438.50원) < 목표가(1,440.00원)
2025-05-02 13:45:21,797 - INFO - 현재 USDC 가격: 1,438.50원
2025-05-02 13:45:21,797 - INFO - 매도 대기 중: 현재가(1,438.50원) < 목표가(1,440.00원)
2025-05-02 13:45:31,826 - INFO - 현재 USDC 가격: 1,438.50원
2025-05-02 13:45:31,826 - INFO - 매도 대기 중: 현재가(1,438.50원) < 목표가(1,440.00원)
2025-05-02 13:45:41,857 - INFO - 현재 USDC 가격: 1,438.50원
2025-05-02 13:45:41,857 - INFO - 매도 대기 중: 현재가(1,438.50원) < 목표가(1,440.00원)
2025-05-02 13:45:51,889 - INFO - 현재 USDC 가격: 1,438.50원
2025-05-02 13:45:51,890 - INFO - 매도 대기 중: 현재가(1,438.50원) < 목표가(1,440.00원)
2025-05-02 13:45:52,439 - INFO - 프로그램이 종료되었습니다.
