2025-05-02 11:06:38,742 - INFO - ===== 계정 정보 =====
2025-05-02 11:06:38,743 - INFO - 보유 원화: 1,101,215원
2025-05-02 11:06:38,743 - INFO - 보유 테더: 0.00 USDT
2025-05-02 11:06:38,744 - INFO - 테더 현재가: 1,444.00원
2025-05-02 11:06:55,179 - INFO - 기준 가격 설정: 1,444.00원
2025-05-02 11:06:55,179 - INFO - 매수 조건: 기준가에서 2원씩 하락할 때마다 10,000원어치 매수 (총 7차)
2025-05-02 11:06:55,179 - INFO - 매도 조건: 매수가에서 2원 상승 시 매도
2025-05-02 11:06:55,179 - INFO - 자동 거래가 시작되었습니다. 10초마다 가격을 확인합니다...
2025-05-02 11:07:05,215 - INFO - 현재 테더 가격: 1,445.00원 (기준가: 1,444.00원)
2025-05-02 11:07:05,216 - INFO - 진행 상황: 총 0차 매수 완료 (미매도: 0차, 매도 완료: 0차)
2025-05-02 11:07:15,266 - INFO - 현재 테더 가격: 1,445.00원 (기준가: 1,444.00원)
2025-05-02 11:07:15,266 - INFO - 진행 상황: 총 0차 매수 완료 (미매도: 0차, 매도 완료: 0차)
2025-05-02 11:07:25,304 - INFO - 현재 테더 가격: 1,445.50원 (기준가: 1,444.00원)
2025-05-02 11:07:25,304 - INFO - 진행 상황: 총 0차 매수 완료 (미매도: 0차, 매도 완료: 0차)
2025-05-02 11:07:35,344 - INFO - 현재 테더 가격: 1,445.00원 (기준가: 1,444.00원)
2025-05-02 11:07:35,344 - INFO - 진행 상황: 총 0차 매수 완료 (미매도: 0차, 매도 완료: 0차)
2025-05-02 11:07:45,375 - INFO - 현재 테더 가격: 1,444.50원 (기준가: 1,444.00원)
2025-05-02 11:07:45,375 - INFO - 진행 상황: 총 0차 매수 완료 (미매도: 0차, 매도 완료: 0차)
2025-05-02 11:07:55,405 - INFO - 현재 테더 가격: 1,445.00원 (기준가: 1,444.00원)
2025-05-02 11:07:55,405 - INFO - 진행 상황: 총 0차 매수 완료 (미매도: 0차, 매도 완료: 0차)
2025-05-02 11:07:55,902 - INFO - 프로그램이 중단되었습니다.
2025-05-02 11:15:22,262 - INFO - ===== 계정 정보 =====
2025-05-02 11:15:22,262 - INFO - 보유 원화: 1,101,215원
2025-05-02 11:15:22,263 - INFO - 보유 테더: 0.00 USDT
2025-05-02 11:15:22,263 - INFO - 테더 현재가: 1,444.50원
2025-05-02 11:15:30,542 - INFO - 기준 가격 설정: 1,444.50원
2025-05-02 11:15:30,542 - INFO - 매수 조건: 1차수는 기준가(1,444.50원)에서 매수, 2~7차수는 기준가에서 2원씩 하락할 때마다 매수
2025-05-02 11:15:30,542 - INFO - 매도 조건: 매수가에서 2원 상승 시 매도
2025-05-02 11:15:30,542 - INFO - 자동 거래가 시작되었습니다. 10초마다 가격을 확인합니다...
2025-05-02 11:15:40,576 - INFO - 현재 테더 가격: 1,444.50원 (기준가: 1,444.50원)
2025-05-02 11:15:40,576 - INFO - 1차 매수 조건 충족: 현재가(1,444.50원) <= 목표가(1,444.50원)
2025-05-02 11:15:40,677 - INFO - ===== 1차 매수 주문 완료 =====
2025-05-02 11:15:40,677 - INFO - 주문 ID: 0a834ffa-653b-40f3-b704-a6c383499229
2025-05-02 11:15:40,677 - INFO - 목표 가격: 1,444.50원
2025-05-02 11:15:40,677 - INFO - 주문 금액: 10,000원
2025-05-02 11:15:41,722 - WARNING - 1차 매수 주문 미체결: cancel
2025-05-02 11:15:41,722 - INFO - 진행 상황: 총 0차 매수 완료 (미매도: 0차, 매도 완료: 0차)
2025-05-02 11:15:51,756 - INFO - 현재 테더 가격: 1,444.50원 (기준가: 1,444.50원)
2025-05-02 11:15:51,756 - INFO - 1차 매수 조건 충족: 현재가(1,444.50원) <= 목표가(1,444.50원)
2025-05-02 11:15:51,864 - INFO - ===== 1차 매수 주문 완료 =====
2025-05-02 11:15:51,865 - INFO - 주문 ID: 99823f24-3faa-4c7c-bd3e-1ccbe7fd5efa
2025-05-02 11:15:51,865 - INFO - 목표 가격: 1,444.50원
2025-05-02 11:15:51,865 - INFO - 주문 금액: 10,000원
2025-05-02 11:15:52,906 - WARNING - 1차 매수 주문 미체결: cancel
2025-05-02 11:15:52,906 - INFO - 진행 상황: 총 0차 매수 완료 (미매도: 0차, 매도 완료: 0차)
2025-05-02 11:16:02,936 - INFO - 현재 테더 가격: 1,444.50원 (기준가: 1,444.50원)
2025-05-02 11:16:02,937 - INFO - 1차 매수 조건 충족: 현재가(1,444.50원) <= 목표가(1,444.50원)
2025-05-02 11:16:03,032 - INFO - ===== 1차 매수 주문 완료 =====
2025-05-02 11:16:03,033 - INFO - 주문 ID: 95f69537-a589-44c0-a8d6-677ed9ee13a1
2025-05-02 11:16:03,033 - INFO - 목표 가격: 1,444.50원
2025-05-02 11:16:03,033 - INFO - 주문 금액: 10,000원
2025-05-02 11:16:04,066 - WARNING - 1차 매수 주문 미체결: cancel
2025-05-02 11:16:04,067 - INFO - 진행 상황: 총 0차 매수 완료 (미매도: 0차, 매도 완료: 0차)
2025-05-02 11:16:07,924 - INFO - 프로그램이 중단되었습니다.
2025-05-02 11:25:09,658 - INFO - ===== 계정 정보 =====
2025-05-02 11:25:09,658 - INFO - 보유 원화: 1,071,200원
2025-05-02 11:25:09,658 - INFO - 보유 테더: 20.77 USDT
2025-05-02 11:25:09,658 - INFO - 테더 현재가: 1,444.00원
2025-05-02 11:25:17,882 - INFO - 기준 가격 설정: 1,444.00원
2025-05-02 11:25:17,882 - INFO - 매수 조건: 현재가가 기준가(1,444.00원) 이하일 때 10,000원어치 매수
2025-05-02 11:25:17,882 - INFO - 매도 조건: 매수가에서 2원 상승 시 매도
2025-05-02 11:25:17,883 - INFO - 자동 거래가 시작되었습니다. 10초마다 가격을 확인합니다...
2025-05-02 11:25:27,919 - INFO - 현재 테더 가격: 1,444.50원 (기준가: 1,444.00원)
2025-05-02 11:25:37,962 - INFO - 현재 테더 가격: 1,444.50원 (기준가: 1,444.00원)
2025-05-02 11:25:47,997 - INFO - 현재 테더 가격: 1,444.00원 (기준가: 1,444.00원)
2025-05-02 11:25:47,998 - INFO - 매수 조건 충족: 현재가(1,444.00원) <= 기준가(1,444.00원)
2025-05-02 11:25:48,114 - INFO - ===== 매수 주문 완료 =====
2025-05-02 11:25:48,114 - INFO - 주문 ID: 0c023acc-3dbe-4077-b3b8-c3e434487001
2025-05-02 11:25:48,114 - INFO - 주문 금액: 10,000원
2025-05-02 11:25:49,175 - WARNING - 매수 주문 미체결: cancel
2025-05-02 11:25:59,203 - INFO - 현재 테더 가격: 1,444.00원 (기준가: 1,444.00원)
2025-05-02 11:25:59,203 - INFO - 매수 조건 충족: 현재가(1,444.00원) <= 기준가(1,444.00원)
2025-05-02 11:25:59,414 - INFO - ===== 매수 주문 완료 =====
2025-05-02 11:25:59,414 - INFO - 주문 ID: 8caa02d3-83b8-411e-b4ee-500aec1d5eb7
2025-05-02 11:25:59,414 - INFO - 주문 금액: 10,000원
2025-05-02 11:26:00,465 - WARNING - 매수 주문 미체결: cancel
2025-05-02 11:26:10,500 - INFO - 현재 테더 가격: 1,444.00원 (기준가: 1,444.00원)
2025-05-02 11:26:10,501 - INFO - 매수 조건 충족: 현재가(1,444.00원) <= 기준가(1,444.00원)
2025-05-02 11:26:10,631 - INFO - ===== 매수 주문 완료 =====
2025-05-02 11:26:10,632 - INFO - 주문 ID: 9c615c11-48de-4257-82cc-2de15c30ec92
2025-05-02 11:26:10,632 - INFO - 주문 금액: 10,000원
2025-05-02 11:26:11,671 - WARNING - 매수 주문 미체결: cancel
2025-05-02 11:26:15,840 - INFO - 프로그램이 중단되었습니다.
