2025-05-17 17:06:22,839 - INFO - 로깅 설정 완료: usdt_grid_trade.log
2025-05-17 17:06:22,839 - INFO - main
2025-05-17 17:06:22,841 - INFO - run_trading
2025-05-17 17:06:22,841 - INFO - ===== KRW-USDT 자동 매매 시작 =====
2025-05-17 17:06:22,841 - INFO - 티커: KRW-USDT
2025-05-17 17:06:22,842 - INFO - 차수별 주문 금액: 10,000원
2025-05-17 17:06:22,842 - INFO - 가격 변동 기준: 2원
2025-05-17 17:06:22,842 - INFO - 최대 분할 차수: 10
2025-05-17 17:06:22,842 - INFO - 가격 확인 간격: 2초
2025-05-17 17:06:22,842 - INFO - 미체결 주문 취소 시간: 3600초
2025-05-17 17:06:22,880 - INFO - 거래 수수료율: 0.050%
2025-05-17 17:06:22,880 - INFO - 테스트 모드 활성화됨
2025-05-17 17:06:22,880 - INFO - 초기 원화 잔고: 1,000,000원
2025-05-17 17:06:22,881 - INFO - 초기 KRW-USDT 보유량: 0.00000000 KRW-USDT
2025-05-17 17:06:22,881 - INFO - 초기 총 자산: 1,000,000원
2025-05-17 17:06:22,881 - INFO - get_current_price
2025-05-17 17:06:22,929 - INFO - 현재 KRW-USDT 가격: 1,418.00원, (+0.00%), +0.00원 상승
2025-05-17 17:06:22,930 - INFO - /get_current_price

2025-05-17 17:06:22,930 - INFO - create_grid_orders
2025-05-17 17:06:22,931 - INFO - 사용자 지정 기준 가격: 1,418.00원
2025-05-17 17:06:22,931 - INFO - 총 10개의 그리드 주문 생성됨
2025-05-17 17:06:22,931 - INFO - 1차: 매수가 1,418.00원, 매도가 1,420.00원, 수량 7.05218618
2025-05-17 17:06:22,931 - INFO - 2차: 매수가 1,416.00원, 매도가 1,418.00원, 수량 7.06214689
2025-05-17 17:06:22,932 - INFO - 3차: 매수가 1,414.00원, 매도가 1,416.00원, 수량 7.07213579
2025-05-17 17:06:22,932 - INFO - 4차: 매수가 1,412.00원, 매도가 1,414.00원, 수량 7.08215297
2025-05-17 17:06:22,932 - INFO - 5차: 매수가 1,410.00원, 매도가 1,412.00원, 수량 7.09219858
2025-05-17 17:06:22,932 - INFO - 6차: 매수가 1,408.00원, 매도가 1,410.00원, 수량 7.10227273
2025-05-17 17:06:22,932 - INFO - 7차: 매수가 1,406.00원, 매도가 1,408.00원, 수량 7.11237553
2025-05-17 17:06:22,933 - INFO - 8차: 매수가 1,404.00원, 매도가 1,406.00원, 수량 7.12250712
2025-05-17 17:06:22,933 - INFO - 9차: 매수가 1,402.00원, 매도가 1,404.00원, 수량 7.13266762
2025-05-17 17:06:22,933 - INFO - 10차: 매수가 1,400.00원, 매도가 1,402.00원, 수량 7.14285714
2025-05-17 17:06:22,934 - INFO - /create_grid_orders

2025-05-17 17:06:22,934 - INFO - get_current_price
2025-05-17 17:06:22,934 - INFO - 현재 KRW-USDT 가격: 1,420.00원, (+0.14%), +2.00원 상승
2025-05-17 17:06:22,935 - INFO - /get_current_price

2025-05-17 17:06:22,935 - INFO - ===== 무한 루프 시작(run_trading) =====
2025-05-17 17:06:22,935 - INFO - ===== 사이클 #1 =====
2025-05-17 17:06:22,935 - INFO - 현재 활성 주문 수: 0
2025-05-17 17:06:22,935 - INFO - check_orders
2025-05-17 17:06:22,936 - INFO - /check_orders

2025-05-17 17:06:22,936 - INFO - check_price_and_trade
2025-05-17 17:06:22,936 - INFO - get_current_price
2025-05-17 17:06:22,936 - INFO - 현재 KRW-USDT 가격: 1,416.00원, (-0.28%), -4.00원 하락
2025-05-17 17:06:22,937 - INFO - /get_current_price

2025-05-17 17:06:22,937 - INFO - 레벨 1 매수 조건 충족: 현재가(1,416.00원) <= 매수가(1,418.00원)
2025-05-17 17:06:22,937 - INFO - buy_btc (Level 1)
2025-05-17 17:06:22,937 - INFO - 매수 주문 완료: 주문번호 buy-1-1747469182
2025-05-17 17:06:22,938 - INFO - 테스트 모드: 주문 금액 10,000원 예약 (잔고: 990,000원)
2025-05-17 17:06:22,938 - INFO - /buy_btc

2025-05-17 17:06:22,938 - INFO - 레벨 1 매수 주문 완료. 체결 후 자동으로 매도 주문이 실행됩니다.
2025-05-17 17:06:22,938 - INFO - 레벨 2 매수 조건 충족: 현재가(1,416.00원) <= 매수가(1,416.00원)
2025-05-17 17:06:22,938 - INFO - buy_btc (Level 2)
2025-05-17 17:06:22,938 - INFO - 매수 주문 완료: 주문번호 buy-2-1747469182
2025-05-17 17:06:22,939 - INFO - 테스트 모드: 주문 금액 10,000원 예약 (잔고: 980,000원)
2025-05-17 17:06:22,939 - INFO - /buy_btc

2025-05-17 17:06:22,939 - INFO - 레벨 2 매수 주문 완료. 체결 후 자동으로 매도 주문이 실행됩니다.
2025-05-17 17:06:22,939 - INFO - /check_price_and_trade

2025-05-17 17:06:22,939 - INFO - 2초 대기...
2025-05-17 17:06:24,944 - INFO - ===== 사이클 #2 =====
2025-05-17 17:06:24,945 - INFO - 현재 활성 주문 수: 2
2025-05-17 17:06:24,947 - INFO - check_orders
2025-05-17 17:06:24,948 - INFO - 레벨 1의 매수 주문이 체결되었습니다: buy-1-1747469182
2025-05-17 17:06:24,949 - INFO - 매수 완료: 7.04866008 KRW-USDT (가격: 1,418.00원, 수수료: 5.00원)
2025-05-17 17:06:24,949 - INFO - 레벨 1의 매수 주문이 체결되었습니다. 매도 주문 실행
2025-05-17 17:06:24,950 - INFO - sell_btc (Level 1)
2025-05-17 17:06:24,950 - WARNING - KRW-USDT 보유량 부족: 매도 불가 (필요: 7.05218618, 보유: 7.04866008)
2025-05-17 17:06:24,951 - INFO - get_balance
2025-05-17 17:06:24,951 - INFO - [테스트 모드] 보유 원화: 980,000원
2025-05-17 17:06:24,952 - INFO - [테스트 모드] 보유 KRW-USDT: 7.04866008 KRW-USDT
2025-05-17 17:06:24,952 - INFO - [테스트 모드] KRW-USDT 평균 매수가: 1,418.00원
2025-05-17 17:06:24,953 - INFO - [테스트 모드] 평가 금액: 9,981원
2025-05-17 17:06:24,953 - INFO - [테스트 모드] 총 자산: 989,981원
2025-05-17 17:06:24,953 - INFO - /get_balance

2025-05-17 17:06:24,954 - INFO - 레벨 2의 매수 주문이 체결되었습니다: buy-2-1747469182
2025-05-17 17:06:24,954 - INFO - 매수 완료: 7.05861582 KRW-USDT (가격: 1,416.00원, 수수료: 5.00원)
2025-05-17 17:06:24,955 - INFO - 레벨 2의 매수 주문이 체결되었습니다. 매도 주문 실행
2025-05-17 17:06:24,955 - INFO - sell_btc (Level 2)
2025-05-17 17:06:24,955 - INFO - 매도 주문 완료: 주문번호 sell-2-1747469184
2025-05-17 17:06:24,955 - INFO - /sell_btc

2025-05-17 17:06:24,955 - INFO - get_balance
2025-05-17 17:06:24,956 - INFO - [테스트 모드] 보유 원화: 980,000원
2025-05-17 17:06:24,956 - INFO - [테스트 모드] 보유 KRW-USDT: 14.10727590 KRW-USDT
2025-05-17 17:06:24,957 - INFO - [테스트 모드] KRW-USDT 평균 매수가: 1,417.00원
2025-05-17 17:06:24,957 - INFO - [테스트 모드] 평가 금액: 19,976원
2025-05-17 17:06:24,957 - INFO - [테스트 모드] 총 자산: 999,976원
2025-05-17 17:06:24,958 - INFO - /get_balance

2025-05-17 17:06:24,958 - INFO - /check_orders

2025-05-17 17:06:24,958 - INFO - check_price_and_trade
2025-05-17 17:06:24,959 - INFO - get_current_price
2025-05-17 17:06:24,959 - INFO - 현재 KRW-USDT 가격: 1,420.00원, (+0.28%), +4.00원 상승
2025-05-17 17:06:24,960 - INFO - /get_current_price

2025-05-17 17:06:24,960 - INFO - 레벨 1 매도 조건 충족: 현재가(1,420.00원) >= 매도가(1,420.00원)
2025-05-17 17:06:24,960 - INFO - sell_btc (Level 1)
2025-05-17 17:06:24,960 - INFO - 매도 주문 완료: 주문번호 sell-1-1747469184
2025-05-17 17:06:24,961 - INFO - /sell_btc

2025-05-17 17:06:24,961 - INFO - /check_price_and_trade

2025-05-17 17:06:24,961 - INFO - 2초 대기...
2025-05-17 17:06:26,971 - INFO - ===== 사이클 #3 =====
2025-05-17 17:06:26,972 - INFO - 현재 활성 주문 수: 2
2025-05-17 17:06:26,973 - INFO - check_orders
2025-05-17 17:06:26,975 - INFO - 레벨 2의 매도 주문이 체결되었습니다: sell-2-1747469184
2025-05-17 17:06:26,976 - INFO - 매도 완료: 7.06214689 KRW-USDT (가격: 1,418.00원, 금액: 10,009원, 수수료: 5.01원)
2025-05-17 17:06:26,977 - INFO - 레벨 2 수익: +9원 (+0.09%)
2025-05-17 17:06:26,978 - INFO - get_balance
2025-05-17 17:06:26,979 - INFO - [테스트 모드] 보유 원화: 990,009원
2025-05-17 17:06:26,980 - INFO - [테스트 모드] 보유 KRW-USDT: 7.04512901 KRW-USDT
2025-05-17 17:06:26,981 - INFO - [테스트 모드] KRW-USDT 평균 매수가: 1,417.00원
2025-05-17 17:06:26,982 - INFO - [테스트 모드] 평가 금액: 10,004원
2025-05-17 17:06:26,983 - INFO - [테스트 모드] 총 자산: 1,000,013원
2025-05-17 17:06:26,984 - INFO - /get_balance

2025-05-17 17:06:26,985 - INFO - 레벨 1의 매도 주문이 체결되었습니다: sell-1-1747469184
2025-05-17 17:06:26,987 - INFO - 매도 완료: 7.05218618 KRW-USDT (가격: 1,420.00원, 금액: 10,009원, 수수료: 5.01원)
2025-05-17 17:06:26,988 - INFO - 레벨 1 수익: +9원 (+0.09%)
2025-05-17 17:06:26,989 - INFO - get_balance
2025-05-17 17:06:26,989 - INFO - [테스트 모드] 보유 원화: 1,000,018원
2025-05-17 17:06:26,990 - INFO - [테스트 모드] 보유 KRW-USDT: 0.00000000 KRW-USDT
2025-05-17 17:06:26,991 - INFO - [테스트 모드] 총 자산: 1,000,018원
2025-05-17 17:06:26,991 - INFO - /get_balance

2025-05-17 17:06:26,992 - INFO - /check_orders

2025-05-17 17:06:26,993 - INFO - check_price_and_trade
2025-05-17 17:06:26,993 - INFO - get_current_price
2025-05-17 17:06:26,994 - INFO - 현재 KRW-USDT 가격: 1,416.00원, (-0.28%), -4.00원 하락
2025-05-17 17:06:26,995 - INFO - /get_current_price

2025-05-17 17:06:26,996 - INFO - 레벨 1 매수 조건 충족: 현재가(1,416.00원) <= 매수가(1,418.00원)
2025-05-17 17:06:26,996 - INFO - buy_btc (Level 1)
2025-05-17 17:06:26,997 - INFO - 매수 주문 완료: 주문번호 buy-1-1747469186
2025-05-17 17:06:26,997 - INFO - 테스트 모드: 주문 금액 10,000원 예약 (잔고: 990,018.2145518076원)
2025-05-17 17:06:26,998 - INFO - /buy_btc

2025-05-17 17:06:26,998 - INFO - 레벨 1 매수 주문 완료. 체결 후 자동으로 매도 주문이 실행됩니다.
2025-05-17 17:06:26,999 - INFO - 레벨 2 매수 조건 충족: 현재가(1,416.00원) <= 매수가(1,416.00원)
2025-05-17 17:06:27,000 - INFO - buy_btc (Level 2)
2025-05-17 17:06:27,000 - INFO - 매수 주문 완료: 주문번호 buy-2-1747469187
2025-05-17 17:06:27,001 - INFO - 테스트 모드: 주문 금액 10,000원 예약 (잔고: 980,018.2145518076원)
2025-05-17 17:06:27,001 - INFO - /buy_btc

2025-05-17 17:06:27,002 - INFO - 레벨 2 매수 주문 완료. 체결 후 자동으로 매도 주문이 실행됩니다.
2025-05-17 17:06:27,003 - INFO - /check_price_and_trade

2025-05-17 17:06:27,004 - INFO - 2초 대기...
2025-05-17 17:06:29,006 - INFO - ===== 사이클 #4 =====
2025-05-17 17:06:29,007 - INFO - 현재 활성 주문 수: 2
2025-05-17 17:06:29,007 - INFO - check_orders
2025-05-17 17:06:29,008 - INFO - 레벨 1의 매수 주문이 체결되었습니다: buy-1-1747469186
2025-05-17 17:06:29,009 - INFO - 매수 완료: 7.04866008 KRW-USDT (가격: 1,418.00원, 수수료: 5.00원)
2025-05-17 17:06:29,009 - INFO - 레벨 1의 매수 주문이 체결되었습니다. 매도 주문 실행
2025-05-17 17:06:29,010 - INFO - sell_btc (Level 1)
2025-05-17 17:06:29,010 - WARNING - KRW-USDT 보유량 부족: 매도 불가 (필요: 7.05218618, 보유: 7.04866008)
2025-05-17 17:06:29,011 - INFO - get_balance
2025-05-17 17:06:29,011 - INFO - [테스트 모드] 보유 원화: 980,018원
2025-05-17 17:06:29,012 - INFO - [테스트 모드] 보유 KRW-USDT: 7.04866008 KRW-USDT
2025-05-17 17:06:29,012 - INFO - [테스트 모드] KRW-USDT 평균 매수가: 1,418.00원
2025-05-17 17:06:29,013 - INFO - [테스트 모드] 평가 금액: 9,981원
2025-05-17 17:06:29,013 - INFO - [테스트 모드] 총 자산: 989,999원
2025-05-17 17:06:29,014 - INFO - /get_balance

2025-05-17 17:06:29,014 - INFO - 레벨 2의 매수 주문이 체결되었습니다: buy-2-1747469187
2025-05-17 17:06:29,015 - INFO - 매수 완료: 7.05861582 KRW-USDT (가격: 1,416.00원, 수수료: 5.00원)
2025-05-17 17:06:29,015 - INFO - 레벨 2의 매수 주문이 체결되었습니다. 매도 주문 실행
2025-05-17 17:06:29,016 - INFO - sell_btc (Level 2)
2025-05-17 17:06:29,017 - INFO - 매도 주문 완료: 주문번호 sell-2-1747469189
2025-05-17 17:06:29,017 - INFO - /sell_btc

2025-05-17 17:06:29,018 - INFO - get_balance
2025-05-17 17:06:29,018 - INFO - [테스트 모드] 보유 원화: 980,018원
2025-05-17 17:06:29,019 - INFO - [테스트 모드] 보유 KRW-USDT: 14.10727590 KRW-USDT
2025-05-17 17:06:29,019 - INFO - [테스트 모드] KRW-USDT 평균 매수가: 1,417.00원
2025-05-17 17:06:29,020 - INFO - [테스트 모드] 평가 금액: 19,976원
2025-05-17 17:06:29,021 - INFO - [테스트 모드] 총 자산: 999,994원
2025-05-17 17:06:29,021 - INFO - /get_balance

2025-05-17 17:06:29,022 - INFO - /check_orders

2025-05-17 17:06:29,022 - INFO - check_price_and_trade
2025-05-17 17:06:29,022 - INFO - get_current_price
2025-05-17 17:06:29,023 - INFO - 현재 KRW-USDT 가격: 1,420.00원, (+0.28%), +4.00원 상승
2025-05-17 17:06:29,023 - INFO - /get_current_price

2025-05-17 17:06:29,024 - INFO - 레벨 1 매도 조건 충족: 현재가(1,420.00원) >= 매도가(1,420.00원)
2025-05-17 17:06:29,024 - INFO - sell_btc (Level 1)
2025-05-17 17:06:29,025 - INFO - 매도 주문 완료: 주문번호 sell-1-1747469189
2025-05-17 17:06:29,025 - INFO - /sell_btc

2025-05-17 17:06:29,026 - INFO - /check_price_and_trade

2025-05-17 17:06:29,026 - INFO - 2초 대기...
2025-05-17 17:06:31,029 - INFO - ===== 사이클 #5 =====
2025-05-17 17:06:31,030 - INFO - 현재 활성 주문 수: 2
2025-05-17 17:06:31,031 - INFO - check_orders
2025-05-17 17:06:31,031 - INFO - 레벨 2의 매도 주문이 체결되었습니다: sell-2-1747469189
2025-05-17 17:06:31,032 - INFO - 매도 완료: 7.06214689 KRW-USDT (가격: 1,418.00원, 금액: 10,009원, 수수료: 5.01원)
2025-05-17 17:06:31,033 - INFO - 레벨 2 수익: +9원 (+0.09%)
2025-05-17 17:06:31,033 - INFO - get_balance
2025-05-17 17:06:31,034 - INFO - [테스트 모드] 보유 원화: 990,027원
2025-05-17 17:06:31,035 - INFO - [테스트 모드] 보유 KRW-USDT: 7.04512901 KRW-USDT
2025-05-17 17:06:31,035 - INFO - [테스트 모드] KRW-USDT 평균 매수가: 1,417.00원
2025-05-17 17:06:31,036 - INFO - [테스트 모드] 평가 금액: 10,004원
2025-05-17 17:06:31,037 - INFO - [테스트 모드] 총 자산: 1,000,031원
2025-05-17 17:06:31,037 - INFO - /get_balance

2025-05-17 17:06:31,038 - INFO - 레벨 1의 매도 주문이 체결되었습니다: sell-1-1747469189
2025-05-17 17:06:31,039 - INFO - 매도 완료: 7.05218618 KRW-USDT (가격: 1,420.00원, 금액: 10,009원, 수수료: 5.01원)
2025-05-17 17:06:31,040 - INFO - 레벨 1 수익: +9원 (+0.09%)
2025-05-17 17:06:31,041 - INFO - get_balance
2025-05-17 17:06:31,042 - INFO - [테스트 모드] 보유 원화: 1,000,036원
2025-05-17 17:06:31,043 - INFO - [테스트 모드] 보유 KRW-USDT: 0.00000000 KRW-USDT
2025-05-17 17:06:31,044 - INFO - [테스트 모드] 총 자산: 1,000,036원
2025-05-17 17:06:31,045 - INFO - /get_balance

2025-05-17 17:06:31,047 - INFO - /check_orders

2025-05-17 17:06:31,048 - INFO - check_price_and_trade
2025-05-17 17:06:31,049 - INFO - get_current_price
2025-05-17 17:06:31,050 - INFO - 현재 KRW-USDT 가격: 1,416.00원, (-0.28%), -4.00원 하락
2025-05-17 17:06:31,052 - INFO - /get_current_price

2025-05-17 17:06:31,053 - INFO - 레벨 1 매수 조건 충족: 현재가(1,416.00원) <= 매수가(1,418.00원)
2025-05-17 17:06:31,054 - INFO - buy_btc (Level 1)
2025-05-17 17:06:31,055 - INFO - 매수 주문 완료: 주문번호 buy-1-1747469191
2025-05-17 17:06:31,056 - INFO - 테스트 모드: 주문 금액 10,000원 예약 (잔고: 990,036.4291036152원)
2025-05-17 17:06:31,057 - INFO - /buy_btc

2025-05-17 17:06:31,058 - INFO - 레벨 1 매수 주문 완료. 체결 후 자동으로 매도 주문이 실행됩니다.
2025-05-17 17:06:31,059 - INFO - 레벨 2 매수 조건 충족: 현재가(1,416.00원) <= 매수가(1,416.00원)
2025-05-17 17:06:31,060 - INFO - buy_btc (Level 2)
2025-05-17 17:06:31,061 - INFO - 매수 주문 완료: 주문번호 buy-2-1747469191
2025-05-17 17:06:31,062 - INFO - 테스트 모드: 주문 금액 10,000원 예약 (잔고: 980,036.4291036152원)
2025-05-17 17:06:31,063 - INFO - /buy_btc

2025-05-17 17:06:31,064 - INFO - 레벨 2 매수 주문 완료. 체결 후 자동으로 매도 주문이 실행됩니다.
2025-05-17 17:06:31,066 - INFO - /check_price_and_trade

2025-05-17 17:06:31,066 - INFO - 2초 대기...
2025-05-17 17:06:33,072 - INFO - ===== 사이클 #6 =====
2025-05-17 17:06:33,072 - INFO - 현재 활성 주문 수: 2
2025-05-17 17:06:33,073 - INFO - check_orders
2025-05-17 17:06:33,073 - INFO - 레벨 1의 매수 주문이 체결되었습니다: buy-1-1747469191
2025-05-17 17:06:33,074 - INFO - 매수 완료: 7.04866008 KRW-USDT (가격: 1,418.00원, 수수료: 5.00원)
2025-05-17 17:06:33,074 - INFO - 레벨 1의 매수 주문이 체결되었습니다. 매도 주문 실행
2025-05-17 17:06:33,075 - INFO - sell_btc (Level 1)
2025-05-17 17:06:33,075 - WARNING - KRW-USDT 보유량 부족: 매도 불가 (필요: 7.05218618, 보유: 7.04866008)
2025-05-17 17:06:33,076 - INFO - get_balance
2025-05-17 17:06:33,076 - INFO - [테스트 모드] 보유 원화: 980,036원
2025-05-17 17:06:33,076 - INFO - [테스트 모드] 보유 KRW-USDT: 7.04866008 KRW-USDT
2025-05-17 17:06:33,077 - INFO - [테스트 모드] KRW-USDT 평균 매수가: 1,418.00원
2025-05-17 17:06:33,077 - INFO - [테스트 모드] 평가 금액: 9,981원
2025-05-17 17:06:33,078 - INFO - [테스트 모드] 총 자산: 990,017원
2025-05-17 17:06:33,078 - INFO - /get_balance

2025-05-17 17:06:33,078 - INFO - 레벨 2의 매수 주문이 체결되었습니다: buy-2-1747469191
2025-05-17 17:06:33,079 - INFO - 매수 완료: 7.05861582 KRW-USDT (가격: 1,416.00원, 수수료: 5.00원)
2025-05-17 17:06:33,079 - INFO - 레벨 2의 매수 주문이 체결되었습니다. 매도 주문 실행
2025-05-17 17:06:33,080 - INFO - sell_btc (Level 2)
2025-05-17 17:06:33,080 - INFO - 매도 주문 완료: 주문번호 sell-2-1747469193
2025-05-17 17:06:33,080 - INFO - /sell_btc

2025-05-17 17:06:33,080 - INFO - get_balance
2025-05-17 17:06:33,081 - INFO - [테스트 모드] 보유 원화: 980,036원
2025-05-17 17:06:33,081 - INFO - [테스트 모드] 보유 KRW-USDT: 14.10727590 KRW-USDT
2025-05-17 17:06:33,081 - INFO - [테스트 모드] KRW-USDT 평균 매수가: 1,417.00원
2025-05-17 17:06:33,082 - INFO - [테스트 모드] 평가 금액: 19,976원
2025-05-17 17:06:33,082 - INFO - [테스트 모드] 총 자산: 1,000,012원
2025-05-17 17:06:33,082 - INFO - /get_balance

2025-05-17 17:06:33,083 - INFO - /check_orders

2025-05-17 17:06:33,083 - INFO - check_price_and_trade
2025-05-17 17:06:33,084 - INFO - get_current_price
2025-05-17 17:06:33,084 - INFO - 현재 KRW-USDT 가격: 1,420.00원, (+0.28%), +4.00원 상승
2025-05-17 17:06:33,085 - INFO - /get_current_price

2025-05-17 17:06:33,085 - INFO - 레벨 1 매도 조건 충족: 현재가(1,420.00원) >= 매도가(1,420.00원)
2025-05-17 17:06:33,086 - INFO - sell_btc (Level 1)
2025-05-17 17:06:33,086 - INFO - 매도 주문 완료: 주문번호 sell-1-1747469193
2025-05-17 17:06:33,087 - INFO - /sell_btc

2025-05-17 17:06:33,087 - INFO - /check_price_and_trade

2025-05-17 17:06:33,087 - INFO - 2초 대기...
2025-05-17 17:06:35,102 - INFO - ===== 사이클 #7 =====
2025-05-17 17:06:35,102 - INFO - 현재 활성 주문 수: 2
2025-05-17 17:06:35,103 - INFO - check_orders
2025-05-17 17:06:35,103 - INFO - 레벨 2의 매도 주문이 체결되었습니다: sell-2-1747469193
2025-05-17 17:06:35,103 - INFO - 매도 완료: 7.06214689 KRW-USDT (가격: 1,418.00원, 금액: 10,009원, 수수료: 5.01원)
2025-05-17 17:06:35,104 - INFO - 레벨 2 수익: +9원 (+0.09%)
2025-05-17 17:06:35,104 - INFO - get_balance
2025-05-17 17:06:35,105 - INFO - [테스트 모드] 보유 원화: 990,046원
2025-05-17 17:06:35,105 - INFO - [테스트 모드] 보유 KRW-USDT: 7.04512901 KRW-USDT
2025-05-17 17:06:35,105 - INFO - [테스트 모드] KRW-USDT 평균 매수가: 1,417.00원
2025-05-17 17:06:35,106 - INFO - [테스트 모드] 평가 금액: 10,004원
2025-05-17 17:06:35,106 - INFO - [테스트 모드] 총 자산: 1,000,050원
2025-05-17 17:06:35,106 - INFO - /get_balance

2025-05-17 17:06:35,107 - INFO - 레벨 1의 매도 주문이 체결되었습니다: sell-1-1747469193
2025-05-17 17:06:35,107 - INFO - 매도 완료: 7.05218618 KRW-USDT (가격: 1,420.00원, 금액: 10,009원, 수수료: 5.01원)
2025-05-17 17:06:35,107 - INFO - 레벨 1 수익: +9원 (+0.09%)
2025-05-17 17:06:35,107 - INFO - get_balance
2025-05-17 17:06:35,108 - INFO - [테스트 모드] 보유 원화: 1,000,055원
2025-05-17 17:06:35,108 - INFO - [테스트 모드] 보유 KRW-USDT: 0.00000000 KRW-USDT
2025-05-17 17:06:35,108 - INFO - [테스트 모드] 총 자산: 1,000,055원
2025-05-17 17:06:35,108 - INFO - /get_balance

2025-05-17 17:06:35,108 - INFO - /check_orders

2025-05-17 17:06:35,108 - INFO - check_price_and_trade
2025-05-17 17:06:35,108 - INFO - get_current_price
2025-05-17 17:06:35,109 - INFO - 현재 KRW-USDT 가격: 1,416.00원, (-0.28%), -4.00원 하락
2025-05-17 17:06:35,109 - INFO - /get_current_price

2025-05-17 17:06:35,109 - INFO - 레벨 1 매수 조건 충족: 현재가(1,416.00원) <= 매수가(1,418.00원)
2025-05-17 17:06:35,109 - INFO - buy_btc (Level 1)
2025-05-17 17:06:35,109 - INFO - 매수 주문 완료: 주문번호 buy-1-1747469195
2025-05-17 17:06:35,109 - INFO - 테스트 모드: 주문 금액 10,000원 예약 (잔고: 990,054.6436554228원)
2025-05-17 17:06:35,109 - INFO - /buy_btc

2025-05-17 17:06:35,110 - INFO - 레벨 1 매수 주문 완료. 체결 후 자동으로 매도 주문이 실행됩니다.
2025-05-17 17:06:35,110 - INFO - 레벨 2 매수 조건 충족: 현재가(1,416.00원) <= 매수가(1,416.00원)
2025-05-17 17:06:35,110 - INFO - buy_btc (Level 2)
2025-05-17 17:06:35,110 - INFO - 매수 주문 완료: 주문번호 buy-2-1747469195
2025-05-17 17:06:35,110 - INFO - 테스트 모드: 주문 금액 10,000원 예약 (잔고: 980,054.6436554228원)
2025-05-17 17:06:35,110 - INFO - /buy_btc

2025-05-17 17:06:35,111 - INFO - 레벨 2 매수 주문 완료. 체결 후 자동으로 매도 주문이 실행됩니다.
2025-05-17 17:06:35,111 - INFO - /check_price_and_trade

2025-05-17 17:06:35,111 - INFO - 2초 대기...
2025-05-17 17:06:37,119 - INFO - ===== 사이클 #8 =====
2025-05-17 17:06:37,120 - INFO - 현재 활성 주문 수: 2
2025-05-17 17:06:37,121 - INFO - check_orders
2025-05-17 17:06:37,122 - INFO - 레벨 1의 매수 주문이 체결되었습니다: buy-1-1747469195
2025-05-17 17:06:37,123 - INFO - 매수 완료: 7.04866008 KRW-USDT (가격: 1,418.00원, 수수료: 5.00원)
2025-05-17 17:06:37,124 - INFO - 레벨 1의 매수 주문이 체결되었습니다. 매도 주문 실행
2025-05-17 17:06:37,125 - INFO - sell_btc (Level 1)
2025-05-17 17:06:37,125 - WARNING - KRW-USDT 보유량 부족: 매도 불가 (필요: 7.05218618, 보유: 7.04866008)
2025-05-17 17:06:37,126 - INFO - get_balance
2025-05-17 17:06:37,127 - INFO - [테스트 모드] 보유 원화: 980,055원
2025-05-17 17:06:37,128 - INFO - [테스트 모드] 보유 KRW-USDT: 7.04866008 KRW-USDT
2025-05-17 17:06:37,129 - INFO - [테스트 모드] KRW-USDT 평균 매수가: 1,418.00원
2025-05-17 17:06:37,130 - INFO - [테스트 모드] 평가 금액: 9,981원
2025-05-17 17:06:37,131 - INFO - [테스트 모드] 총 자산: 990,036원
2025-05-17 17:06:37,132 - INFO - /get_balance

2025-05-17 17:06:37,133 - INFO - 레벨 2의 매수 주문이 체결되었습니다: buy-2-1747469195
2025-05-17 17:06:37,134 - INFO - 매수 완료: 7.05861582 KRW-USDT (가격: 1,416.00원, 수수료: 5.00원)
2025-05-17 17:06:37,135 - INFO - 레벨 2의 매수 주문이 체결되었습니다. 매도 주문 실행
2025-05-17 17:06:37,136 - INFO - sell_btc (Level 2)
2025-05-17 17:06:37,137 - INFO - 매도 주문 완료: 주문번호 sell-2-1747469197
2025-05-17 17:06:37,138 - INFO - /sell_btc

2025-05-17 17:06:37,139 - INFO - get_balance
2025-05-17 17:06:37,140 - INFO - [테스트 모드] 보유 원화: 980,055원
2025-05-17 17:06:37,141 - INFO - [테스트 모드] 보유 KRW-USDT: 14.10727590 KRW-USDT
2025-05-17 17:06:37,142 - INFO - [테스트 모드] KRW-USDT 평균 매수가: 1,417.00원
2025-05-17 17:06:37,143 - INFO - [테스트 모드] 평가 금액: 19,976원
2025-05-17 17:06:37,143 - INFO - [테스트 모드] 총 자산: 1,000,031원
2025-05-17 17:06:37,144 - INFO - /get_balance

2025-05-17 17:06:37,145 - INFO - /check_orders

2025-05-17 17:06:37,146 - INFO - check_price_and_trade
2025-05-17 17:06:37,147 - INFO - get_current_price
2025-05-17 17:06:37,148 - INFO - 현재 KRW-USDT 가격: 1,420.00원, (+0.28%), +4.00원 상승
2025-05-17 17:06:37,150 - INFO - /get_current_price

2025-05-17 17:06:37,151 - INFO - 레벨 1 매도 조건 충족: 현재가(1,420.00원) >= 매도가(1,420.00원)
2025-05-17 17:06:37,151 - INFO - sell_btc (Level 1)
2025-05-17 17:06:37,152 - INFO - 매도 주문 완료: 주문번호 sell-1-1747469197
2025-05-17 17:06:37,154 - INFO - /sell_btc

2025-05-17 17:06:37,155 - INFO - /check_price_and_trade

2025-05-17 17:06:37,156 - INFO - 2초 대기...
2025-05-17 17:06:39,163 - INFO - ===== 사이클 #9 =====
2025-05-17 17:06:39,164 - INFO - 현재 활성 주문 수: 2
2025-05-17 17:06:39,164 - INFO - check_orders
2025-05-17 17:06:39,165 - INFO - 레벨 2의 매도 주문이 체결되었습니다: sell-2-1747469197
2025-05-17 17:06:39,166 - INFO - 매도 완료: 7.06214689 KRW-USDT (가격: 1,418.00원, 금액: 10,009원, 수수료: 5.01원)
2025-05-17 17:06:39,166 - INFO - 레벨 2 수익: +9원 (+0.09%)
2025-05-17 17:06:39,167 - INFO - get_balance
2025-05-17 17:06:39,168 - INFO - [테스트 모드] 보유 원화: 990,064원
2025-05-17 17:06:39,168 - INFO - [테스트 모드] 보유 KRW-USDT: 7.04512901 KRW-USDT
2025-05-17 17:06:39,169 - INFO - [테스트 모드] KRW-USDT 평균 매수가: 1,417.00원
2025-05-17 17:06:39,169 - INFO - [테스트 모드] 평가 금액: 10,004원
2025-05-17 17:06:39,170 - INFO - [테스트 모드] 총 자산: 1,000,068원
2025-05-17 17:06:39,170 - INFO - /get_balance

2025-05-17 17:06:39,170 - INFO - 레벨 1의 매도 주문이 체결되었습니다: sell-1-1747469197
2025-05-17 17:06:39,171 - INFO - 매도 완료: 7.05218618 KRW-USDT (가격: 1,420.00원, 금액: 10,009원, 수수료: 5.01원)
2025-05-17 17:06:39,171 - INFO - 레벨 1 수익: +9원 (+0.09%)
2025-05-17 17:06:39,172 - INFO - get_balance
2025-05-17 17:06:39,172 - INFO - [테스트 모드] 보유 원화: 1,000,073원
2025-05-17 17:06:39,172 - INFO - [테스트 모드] 보유 KRW-USDT: 0.00000000 KRW-USDT
2025-05-17 17:06:39,173 - INFO - [테스트 모드] 총 자산: 1,000,073원
2025-05-17 17:06:39,173 - INFO - /get_balance

2025-05-17 17:06:39,173 - INFO - /check_orders

2025-05-17 17:06:39,174 - INFO - check_price_and_trade
2025-05-17 17:06:39,174 - INFO - get_current_price
2025-05-17 17:06:39,174 - INFO - 현재 KRW-USDT 가격: 1,416.00원, (-0.28%), -4.00원 하락
2025-05-17 17:06:39,175 - INFO - /get_current_price

2025-05-17 17:06:39,175 - INFO - 레벨 1 매수 조건 충족: 현재가(1,416.00원) <= 매수가(1,418.00원)
2025-05-17 17:06:39,175 - INFO - buy_btc (Level 1)
2025-05-17 17:06:39,175 - INFO - 매수 주문 완료: 주문번호 buy-1-1747469199
2025-05-17 17:06:39,176 - INFO - 테스트 모드: 주문 금액 10,000원 예약 (잔고: 990,072.8582072305원)
2025-05-17 17:06:39,176 - INFO - /buy_btc

2025-05-17 17:06:39,176 - INFO - 레벨 1 매수 주문 완료. 체결 후 자동으로 매도 주문이 실행됩니다.
2025-05-17 17:06:39,176 - INFO - 레벨 2 매수 조건 충족: 현재가(1,416.00원) <= 매수가(1,416.00원)
2025-05-17 17:06:39,176 - INFO - buy_btc (Level 2)
2025-05-17 17:06:39,176 - INFO - 매수 주문 완료: 주문번호 buy-2-1747469199
2025-05-17 17:06:39,176 - INFO - 테스트 모드: 주문 금액 10,000원 예약 (잔고: 980,072.8582072305원)
2025-05-17 17:06:39,177 - INFO - /buy_btc

2025-05-17 17:06:39,177 - INFO - 레벨 2 매수 주문 완료. 체결 후 자동으로 매도 주문이 실행됩니다.
2025-05-17 17:06:39,177 - INFO - /check_price_and_trade

2025-05-17 17:06:39,177 - INFO - 2초 대기...
2025-05-17 17:06:41,180 - INFO - ===== 사이클 #10 =====
2025-05-17 17:06:41,181 - INFO - 현재 활성 주문 수: 2
2025-05-17 17:06:41,182 - INFO - check_orders
2025-05-17 17:06:41,184 - INFO - 레벨 1의 매수 주문이 체결되었습니다: buy-1-1747469199
2025-05-17 17:06:41,185 - INFO - 매수 완료: 7.04866008 KRW-USDT (가격: 1,418.00원, 수수료: 5.00원)
2025-05-17 17:06:41,186 - INFO - 레벨 1의 매수 주문이 체결되었습니다. 매도 주문 실행
2025-05-17 17:06:41,187 - INFO - sell_btc (Level 1)
2025-05-17 17:06:41,188 - WARNING - KRW-USDT 보유량 부족: 매도 불가 (필요: 7.05218618, 보유: 7.04866008)
2025-05-17 17:06:41,189 - INFO - get_balance
2025-05-17 17:06:41,190 - INFO - [테스트 모드] 보유 원화: 980,073원
2025-05-17 17:06:41,191 - INFO - [테스트 모드] 보유 KRW-USDT: 7.04866008 KRW-USDT
2025-05-17 17:06:41,192 - INFO - [테스트 모드] KRW-USDT 평균 매수가: 1,418.00원
2025-05-17 17:06:41,193 - INFO - [테스트 모드] 평가 금액: 9,981원
2025-05-17 17:06:41,195 - INFO - [테스트 모드] 총 자산: 990,054원
2025-05-17 17:06:41,196 - INFO - /get_balance

2025-05-17 17:06:41,197 - INFO - 레벨 2의 매수 주문이 체결되었습니다: buy-2-1747469199
2025-05-17 17:06:41,198 - INFO - 매수 완료: 7.05861582 KRW-USDT (가격: 1,416.00원, 수수료: 5.00원)
2025-05-17 17:06:41,199 - INFO - 레벨 2의 매수 주문이 체결되었습니다. 매도 주문 실행
2025-05-17 17:06:41,200 - INFO - sell_btc (Level 2)
2025-05-17 17:06:41,202 - INFO - 매도 주문 완료: 주문번호 sell-2-1747469201
2025-05-17 17:06:41,203 - INFO - /sell_btc

2025-05-17 17:06:41,204 - INFO - get_balance
2025-05-17 17:06:41,205 - INFO - [테스트 모드] 보유 원화: 980,073원
2025-05-17 17:06:41,206 - INFO - [테스트 모드] 보유 KRW-USDT: 14.10727590 KRW-USDT
2025-05-17 17:06:41,207 - INFO - [테스트 모드] KRW-USDT 평균 매수가: 1,417.00원
2025-05-17 17:06:41,208 - INFO - [테스트 모드] 평가 금액: 19,976원
2025-05-17 17:06:41,209 - INFO - [테스트 모드] 총 자산: 1,000,049원
2025-05-17 17:06:41,210 - INFO - /get_balance

2025-05-17 17:06:41,211 - INFO - /check_orders

2025-05-17 17:06:41,211 - INFO - check_price_and_trade
2025-05-17 17:06:41,212 - INFO - get_current_price
2025-05-17 17:06:41,213 - INFO - 현재 KRW-USDT 가격: 1,420.00원, (+0.28%), +4.00원 상승
2025-05-17 17:06:41,214 - INFO - /get_current_price

2025-05-17 17:06:41,214 - INFO - 레벨 1 매도 조건 충족: 현재가(1,420.00원) >= 매도가(1,420.00원)
2025-05-17 17:06:41,215 - INFO - sell_btc (Level 1)
2025-05-17 17:06:41,216 - INFO - 매도 주문 완료: 주문번호 sell-1-1747469201
2025-05-17 17:06:41,216 - INFO - /sell_btc

2025-05-17 17:06:41,217 - INFO - /check_price_and_trade

2025-05-17 17:06:41,218 - INFO - 2초 대기...
2025-05-17 17:06:43,229 - INFO - ===== 사이클 #11 =====
2025-05-17 17:06:43,230 - INFO - 현재 활성 주문 수: 2
2025-05-17 17:06:43,231 - INFO - check_orders
2025-05-17 17:06:43,232 - INFO - 레벨 2의 매도 주문이 체결되었습니다: sell-2-1747469201
2025-05-17 17:06:43,234 - INFO - 매도 완료: 7.06214689 KRW-USDT (가격: 1,418.00원, 금액: 10,009원, 수수료: 5.01원)
2025-05-17 17:06:43,235 - INFO - 레벨 2 수익: +9원 (+0.09%)
2025-05-17 17:06:43,236 - INFO - get_balance
2025-05-17 17:06:43,237 - INFO - [테스트 모드] 보유 원화: 990,082원
2025-05-17 17:06:43,238 - INFO - [테스트 모드] 보유 KRW-USDT: 7.04512901 KRW-USDT
2025-05-17 17:06:43,239 - INFO - [테스트 모드] KRW-USDT 평균 매수가: 1,417.00원
2025-05-17 17:06:43,240 - INFO - [테스트 모드] 평가 금액: 10,004원
2025-05-17 17:06:43,241 - INFO - [테스트 모드] 총 자산: 1,000,086원
2025-05-17 17:06:43,242 - INFO - /get_balance

2025-05-17 17:06:43,243 - INFO - 레벨 1의 매도 주문이 체결되었습니다: sell-1-1747469201
2025-05-17 17:06:43,244 - INFO - 매도 완료: 7.05218618 KRW-USDT (가격: 1,420.00원, 금액: 10,009원, 수수료: 5.01원)
2025-05-17 17:06:43,245 - INFO - 레벨 1 수익: +9원 (+0.09%)
2025-05-17 17:06:43,246 - INFO - get_balance
2025-05-17 17:06:43,247 - INFO - [테스트 모드] 보유 원화: 1,000,091원
2025-05-17 17:06:43,248 - INFO - [테스트 모드] 보유 KRW-USDT: 0.00000000 KRW-USDT
2025-05-17 17:06:43,250 - INFO - [테스트 모드] 총 자산: 1,000,091원
2025-05-17 17:06:43,251 - INFO - /get_balance

2025-05-17 17:06:43,252 - INFO - /check_orders

2025-05-17 17:06:43,253 - INFO - check_price_and_trade
2025-05-17 17:06:43,254 - INFO - get_current_price
2025-05-17 17:06:43,255 - INFO - 현재 KRW-USDT 가격: 1,416.00원, (-0.28%), -4.00원 하락
2025-05-17 17:06:43,257 - INFO - /get_current_price

2025-05-17 17:06:43,258 - INFO - 레벨 1 매수 조건 충족: 현재가(1,416.00원) <= 매수가(1,418.00원)
2025-05-17 17:06:43,259 - INFO - buy_btc (Level 1)
2025-05-17 17:06:43,260 - INFO - 매수 주문 완료: 주문번호 buy-1-1747469203
2025-05-17 17:06:43,261 - INFO - 테스트 모드: 주문 금액 10,000원 예약 (잔고: 990,091.0727590381원)
2025-05-17 17:06:43,263 - INFO - /buy_btc

2025-05-17 17:06:43,264 - INFO - 레벨 1 매수 주문 완료. 체결 후 자동으로 매도 주문이 실행됩니다.
2025-05-17 17:06:43,265 - INFO - 레벨 2 매수 조건 충족: 현재가(1,416.00원) <= 매수가(1,416.00원)
2025-05-17 17:06:43,266 - INFO - buy_btc (Level 2)
2025-05-17 17:06:43,267 - INFO - 매수 주문 완료: 주문번호 buy-2-1747469203
2025-05-17 17:06:43,268 - INFO - 테스트 모드: 주문 금액 10,000원 예약 (잔고: 980,091.0727590381원)
2025-05-17 17:06:43,269 - INFO - /buy_btc

2025-05-17 17:06:43,270 - INFO - 레벨 2 매수 주문 완료. 체결 후 자동으로 매도 주문이 실행됩니다.
2025-05-17 17:06:43,271 - INFO - /check_price_and_trade

2025-05-17 17:06:43,272 - INFO - 2초 대기...
2025-05-17 17:06:45,277 - INFO - ===== 사이클 #12 =====
2025-05-17 17:06:45,278 - INFO - 현재 활성 주문 수: 2
2025-05-17 17:06:45,278 - INFO - check_orders
2025-05-17 17:06:45,279 - INFO - 레벨 1의 매수 주문이 체결되었습니다: buy-1-1747469203
2025-05-17 17:06:45,279 - INFO - 매수 완료: 7.04866008 KRW-USDT (가격: 1,418.00원, 수수료: 5.00원)
2025-05-17 17:06:45,280 - INFO - 레벨 1의 매수 주문이 체결되었습니다. 매도 주문 실행
2025-05-17 17:06:45,280 - INFO - sell_btc (Level 1)
2025-05-17 17:06:45,281 - WARNING - KRW-USDT 보유량 부족: 매도 불가 (필요: 7.05218618, 보유: 7.04866008)
2025-05-17 17:06:45,281 - INFO - get_balance
2025-05-17 17:06:45,282 - INFO - [테스트 모드] 보유 원화: 980,091원
2025-05-17 17:06:45,282 - INFO - [테스트 모드] 보유 KRW-USDT: 7.04866008 KRW-USDT
2025-05-17 17:06:45,283 - INFO - [테스트 모드] KRW-USDT 평균 매수가: 1,418.00원
2025-05-17 17:06:45,283 - INFO - [테스트 모드] 평가 금액: 9,981원
2025-05-17 17:06:45,283 - INFO - [테스트 모드] 총 자산: 990,072원
2025-05-17 17:06:45,284 - INFO - /get_balance

2025-05-17 17:06:45,284 - INFO - 레벨 2의 매수 주문이 체결되었습니다: buy-2-1747469203
2025-05-17 17:06:45,285 - INFO - 매수 완료: 7.05861582 KRW-USDT (가격: 1,416.00원, 수수료: 5.00원)
2025-05-17 17:06:45,285 - INFO - 레벨 2의 매수 주문이 체결되었습니다. 매도 주문 실행
2025-05-17 17:06:45,285 - INFO - sell_btc (Level 2)
2025-05-17 17:06:45,286 - INFO - 매도 주문 완료: 주문번호 sell-2-1747469205
2025-05-17 17:06:45,286 - INFO - /sell_btc

2025-05-17 17:06:45,286 - INFO - get_balance
2025-05-17 17:06:45,287 - INFO - [테스트 모드] 보유 원화: 980,091원
2025-05-17 17:06:45,287 - INFO - [테스트 모드] 보유 KRW-USDT: 14.10727590 KRW-USDT
2025-05-17 17:06:45,287 - INFO - [테스트 모드] KRW-USDT 평균 매수가: 1,417.00원
2025-05-17 17:06:45,287 - INFO - [테스트 모드] 평가 금액: 19,976원
2025-05-17 17:06:45,288 - INFO - [테스트 모드] 총 자산: 1,000,067원
2025-05-17 17:06:45,288 - INFO - /get_balance

2025-05-17 17:06:45,288 - INFO - /check_orders

2025-05-17 17:06:45,288 - INFO - check_price_and_trade
2025-05-17 17:06:45,288 - INFO - get_current_price
2025-05-17 17:06:45,289 - INFO - 현재 KRW-USDT 가격: 1,420.00원, (+0.28%), +4.00원 상승
2025-05-17 17:06:45,289 - INFO - /get_current_price

2025-05-17 17:06:45,289 - INFO - 레벨 1 매도 조건 충족: 현재가(1,420.00원) >= 매도가(1,420.00원)
2025-05-17 17:06:45,289 - INFO - sell_btc (Level 1)
2025-05-17 17:06:45,290 - INFO - 매도 주문 완료: 주문번호 sell-1-1747469205
2025-05-17 17:06:45,290 - INFO - /sell_btc

2025-05-17 17:06:45,290 - INFO - /check_price_and_trade

2025-05-17 17:06:45,290 - INFO - 2초 대기...
2025-05-17 17:06:45,893 - INFO - 
사용자에 의해 거래가 중단되었습니다.
2025-05-17 17:06:45,895 - INFO - ===== 거래 종료 =====
2025-05-17 17:06:45,897 - INFO - get_balance
2025-05-17 17:06:45,897 - INFO - [테스트 모드] 보유 원화: 980,091원
2025-05-17 17:06:45,898 - INFO - [테스트 모드] 보유 KRW-USDT: 14.10727590 KRW-USDT
2025-05-17 17:06:45,899 - INFO - [테스트 모드] KRW-USDT 평균 매수가: 1,417.00원
2025-05-17 17:06:45,900 - INFO - [테스트 모드] 평가 금액: 20,032원
2025-05-17 17:06:45,901 - INFO - [테스트 모드] 총 자산: 1,000,123원
2025-05-17 17:06:45,902 - INFO - /get_balance

2025-05-17 17:06:45,903 - INFO - display_final_trading_results
2025-05-17 17:06:45,904 - INFO - 
===== 테스트 모드 거래 결과 =====
2025-05-17 17:06:45,905 - INFO - 초기 자산: 1,000,000원
2025-05-17 17:06:45,906 - INFO - 최종 자산: 1,000,123원
2025-05-17 17:06:45,908 - INFO - 총 수익: +123원 (+0.01%)
2025-05-17 17:06:45,909 - INFO - 
총 거래 횟수: 22회
2025-05-17 17:06:45,910 - INFO - 매수: 12회, 매도: 10회, 취소: 0회
2025-05-17 17:06:45,911 - INFO - 총 매수 금액: 120,000원
2025-05-17 17:06:45,912 - INFO - 총 매도 금액: 100,091원
2025-05-17 17:06:45,913 - INFO - 순 거래 수익: -19,909원
2025-05-17 17:06:45,914 - INFO - 총 수수료: 110원
2025-05-17 17:06:45,915 - INFO - /display_final_trading_results

2025-05-17 17:06:45,917 - INFO - 미체결 주문이 2개 있습니다.
2025-05-17 17:06:45,918 - INFO - 모든 미체결 주문을 취소합니다...
2025-05-17 17:06:45,919 - INFO - cancel_all_orders
2025-05-17 17:06:45,919 - INFO - cancel_order: sell-2-1747469205
2025-05-17 17:06:45,920 - INFO - 주문 취소 성공: sell-2-1747469205
2025-05-17 17:06:45,921 - INFO - 레벨 2의 sell 주문이 취소되었습니다.
2025-05-17 17:06:45,921 - INFO - /cancel_order

2025-05-17 17:06:45,922 - INFO - /check_orders

2025-05-17 17:06:45,923 - INFO - cancel_order: sell-1-1747469205
2025-05-17 17:06:45,924 - INFO - 주문 취소 성공: sell-1-1747469205
2025-05-17 17:06:45,924 - INFO - 레벨 1의 sell 주문이 취소되었습니다.
2025-05-17 17:06:45,925 - INFO - /cancel_order

2025-05-17 17:06:45,925 - INFO - /check_orders

2025-05-17 17:06:45,926 - INFO - 총 2개의 주문이 취소되었습니다.
2025-05-17 17:06:45,926 - INFO - /cancel_all_orders

2025-05-17 17:06:45,927 - INFO - 
총 거래 횟수: 24회
2025-05-17 17:06:45,928 - INFO - 매수: 12회, 매도: 10회, 취소: 2회
2025-05-17 17:06:45,928 - INFO - /run_trading

2025-05-17 17:06:45,929 - INFO - /main

