2025-05-22 05:33:32.106 [INFO] 로깅 설정 완료
2025-05-22 05:33:32.106 [INFO] 빗썸 API 객체 생성 성공
2025-05-22 05:33:32.107 [INFO] main (Bithumb version)
2025-05-22 05:33:32.107 [INFO] 실거래 모드로 실행됩니다. (Bithumb)
2025-05-22 05:33:32.107 [INFO] run_trading
2025-05-22 05:33:32.107 [INFO] ===== XRP 자동 매매 시작 (Bithumb) =====
2025-05-22 05:33:32.107 [INFO] 코인: XRP
2025-05-22 05:33:32.108 [INFO] 차수별 주문 금액: 5,000원
2025-05-22 05:33:32.108 [INFO] 가격 변동 기준: 4원
2025-05-22 05:33:32.108 [INFO] 최대 분할 차수: 10
2025-05-22 05:33:32.108 [INFO] 가격 확인 간격: 10초
2025-05-22 05:33:32.109 [INFO] 거래 수수료율: 0.040%
2025-05-22 05:33:32.109 [INFO] Discord 로깅: 비활성화
2025-05-22 05:33:32.109 [INFO] 실거래 모드 활성화됨 (Bithumb)
2025-05-22 05:33:32.109 [INFO] get_current_price
2025-05-22 05:33:32.199 [INFO] 현재 XRP 가격: 3,318.00원, 기준가: 미설정, 미설정, (+0.00%), +0.00원 상승
2025-05-22 05:33:32.200 [INFO] /get_current_price

2025-05-22 05:33:32.200 [INFO] 현재 시장 가격 (XRP): 3,318.00원
2025-05-22 05:33:32.200 [INFO] 그리드 기준 가격 자동 설정 (현재가 + 4구간): 3,334.00원
2025-05-22 05:33:32.200 [INFO] create_grid_orders
2025-05-22 05:33:32.201 [INFO] get_current_price
2025-05-22 05:33:32.251 [INFO] 현재 XRP 가격: 3,318.00원, 기준가: 미설정, 미설정, (+0.00%), +0.00원 상승
2025-05-22 05:33:32.252 [INFO] /get_current_price

2025-05-22 05:33:32.253 [INFO] 사용자 지정 기준 가격: 3,334.00원
2025-05-22 05:33:32.253 [INFO] 총 10개의 그리드 주문 설정 생성됨 (XRP)
2025-05-22 05:33:32.254 [INFO] 매수/매도 가격 간격: 4원
2025-05-22 05:33:32.254 [INFO] 주문당 KRW 금액: 5,000원
2025-05-22 05:33:32.255 [INFO] 1차: 매수 목표가 3,334.00원, 매도 목표가 3,338.00원
2025-05-22 05:33:32.255 [INFO] 2차: 매수 목표가 3,330.00원, 매도 목표가 3,334.00원
2025-05-22 05:33:32.256 [INFO] 3차: 매수 목표가 3,326.00원, 매도 목표가 3,330.00원
2025-05-22 05:33:32.256 [INFO] 4차: 매수 목표가 3,322.00원, 매도 목표가 3,326.00원
2025-05-22 05:33:32.256 [INFO] 5차: 매수 목표가 3,318.00원, 매도 목표가 3,322.00원
2025-05-22 05:33:32.257 [INFO] 6차: 매수 목표가 3,314.00원, 매도 목표가 3,318.00원
2025-05-22 05:33:32.257 [INFO] 7차: 매수 목표가 3,310.00원, 매도 목표가 3,314.00원
2025-05-22 05:33:32.258 [INFO] 8차: 매수 목표가 3,306.00원, 매도 목표가 3,310.00원
2025-05-22 05:33:32.258 [INFO] 9차: 매수 목표가 3,302.00원, 매도 목표가 3,306.00원
2025-05-22 05:33:32.258 [INFO] 10차: 매수 목표가 3,298.00원, 매도 목표가 3,302.00원
2025-05-22 05:33:32.259 [INFO] /create_grid_orders

2025-05-22 05:33:32.259 [INFO] get_balance
2025-05-22 05:33:32.323 [ERROR] 잔고 조회 중 오류 발생: 2
2025-05-22 05:33:32.324 [INFO] ===== 매매 루프 시작 (XRP) =====
2025-05-22 05:33:32.324 [INFO] ===== 사이클 #1 (XRP) =====
2025-05-22 05:33:32.325 [INFO] get_current_price
2025-05-22 05:33:32.370 [INFO] 현재 XRP 가격: 3,318.00원, 기준가: 3,334.00원, 구간 5 매수 목표가(3,318.00원) 근접, (+0.00%), +0.00원 상승
2025-05-22 05:33:32.371 [INFO] /get_current_price

2025-05-22 05:33:32.371 [INFO] check_price_and_trade
2025-05-22 05:33:32.371 [INFO] 레벨 1 매수 조건 충족: 현재가(3,318.00원) <= 매수 목표가(3,334.00원)
2025-05-22 05:33:32.372 [INFO] buy_coin (Level 1, Bithumb)
2025-05-22 05:33:32.372 [INFO] get_balance
2025-05-22 05:33:32.422 [ERROR] 잔고 조회 중 오류 발생: 2
2025-05-22 05:33:32.423 [ERROR] 원화 잔고 조회 실패 (buy_coin, Bithumb)
2025-05-22 05:33:33.425 [INFO] 레벨 2 매수 조건 충족: 현재가(3,318.00원) <= 매수 목표가(3,330.00원)
2025-05-22 05:33:33.426 [INFO] buy_coin (Level 2, Bithumb)
2025-05-22 05:33:33.427 [INFO] get_balance
2025-05-22 05:33:33.480 [ERROR] 잔고 조회 중 오류 발생: 2
2025-05-22 05:33:33.480 [ERROR] 원화 잔고 조회 실패 (buy_coin, Bithumb)
2025-05-22 05:33:34.494 [INFO] 레벨 3 매수 조건 충족: 현재가(3,318.00원) <= 매수 목표가(3,326.00원)
2025-05-22 05:33:34.495 [INFO] buy_coin (Level 3, Bithumb)
2025-05-22 05:33:34.497 [INFO] get_balance
2025-05-22 05:33:34.545 [ERROR] 잔고 조회 중 오류 발생: 2
2025-05-22 05:33:34.546 [ERROR] 원화 잔고 조회 실패 (buy_coin, Bithumb)
2025-05-22 05:33:35.560 [INFO] 레벨 4 매수 조건 충족: 현재가(3,318.00원) <= 매수 목표가(3,322.00원)
2025-05-22 05:33:35.561 [INFO] buy_coin (Level 4, Bithumb)
2025-05-22 05:33:35.562 [INFO] get_balance
2025-05-22 05:33:35.616 [ERROR] 잔고 조회 중 오류 발생: 2
2025-05-22 05:33:35.616 [ERROR] 원화 잔고 조회 실패 (buy_coin, Bithumb)
2025-05-22 05:33:36.619 [INFO] 레벨 5 매수 조건 충족: 현재가(3,318.00원) <= 매수 목표가(3,318.00원)
2025-05-22 05:33:36.621 [INFO] buy_coin (Level 5, Bithumb)
2025-05-22 05:33:36.622 [INFO] get_balance
2025-05-22 05:33:36.675 [ERROR] 잔고 조회 중 오류 발생: 2
2025-05-22 05:33:36.676 [ERROR] 원화 잔고 조회 실패 (buy_coin, Bithumb)
2025-05-22 05:33:37.684 [INFO] /check_price_and_trade

2025-05-22 05:33:37.686 [INFO] 10초 대기...
2025-05-22 05:33:47.701 [INFO] ===== 사이클 #2 (XRP) =====
2025-05-22 05:33:47.702 [INFO] get_current_price
2025-05-22 05:33:47.770 [INFO] 현재 XRP 가격: 3,318.00원, 기준가: 3,334.00원, 구간 5 매수 목표가(3,318.00원) 근접, (+0.00%), +0.00원 상승
2025-05-22 05:33:47.771 [INFO] /get_current_price

2025-05-22 05:33:47.771 [INFO] check_price_and_trade
2025-05-22 05:33:47.772 [INFO] 레벨 1 매수 조건 충족: 현재가(3,318.00원) <= 매수 목표가(3,334.00원)
2025-05-22 05:33:47.772 [INFO] buy_coin (Level 1, Bithumb)
2025-05-22 05:33:47.773 [INFO] get_balance
2025-05-22 05:33:47.830 [ERROR] 잔고 조회 중 오류 발생: 2
2025-05-22 05:33:47.831 [ERROR] 원화 잔고 조회 실패 (buy_coin, Bithumb)
2025-05-22 05:33:48.842 [INFO] 레벨 2 매수 조건 충족: 현재가(3,318.00원) <= 매수 목표가(3,330.00원)
2025-05-22 05:33:48.842 [INFO] buy_coin (Level 2, Bithumb)
2025-05-22 05:33:48.842 [INFO] get_balance
2025-05-22 05:33:48.887 [ERROR] 잔고 조회 중 오류 발생: 2
2025-05-22 05:33:48.887 [ERROR] 원화 잔고 조회 실패 (buy_coin, Bithumb)
2025-05-22 05:33:49.897 [INFO] 레벨 3 매수 조건 충족: 현재가(3,318.00원) <= 매수 목표가(3,326.00원)
2025-05-22 05:33:49.897 [INFO] buy_coin (Level 3, Bithumb)
2025-05-22 05:33:49.897 [INFO] get_balance
2025-05-22 05:33:49.946 [ERROR] 잔고 조회 중 오류 발생: 2
2025-05-22 05:33:49.947 [ERROR] 원화 잔고 조회 실패 (buy_coin, Bithumb)
2025-05-22 05:33:50.952 [INFO] 레벨 4 매수 조건 충족: 현재가(3,318.00원) <= 매수 목표가(3,322.00원)
2025-05-22 05:33:50.952 [INFO] buy_coin (Level 4, Bithumb)
2025-05-22 05:33:50.953 [INFO] get_balance
2025-05-22 05:33:51.001 [ERROR] 잔고 조회 중 오류 발생: 2
2025-05-22 05:33:51.001 [ERROR] 원화 잔고 조회 실패 (buy_coin, Bithumb)
2025-05-22 05:33:52.006 [INFO] 레벨 5 매수 조건 충족: 현재가(3,318.00원) <= 매수 목표가(3,318.00원)
2025-05-22 05:33:52.006 [INFO] buy_coin (Level 5, Bithumb)
2025-05-22 05:33:52.007 [INFO] get_balance
2025-05-22 05:33:52.069 [ERROR] 잔고 조회 중 오류 발생: 2
2025-05-22 05:33:52.069 [ERROR] 원화 잔고 조회 실패 (buy_coin, Bithumb)
2025-05-22 05:33:52.338 [INFO] 
사용자에 의해 거래가 중단되었습니다.
2025-05-22 05:33:52.339 [INFO] ===== 거래 로직 종료 (XRP) =====
2025-05-22 05:33:52.340 [INFO] get_balance
2025-05-22 05:33:52.420 [ERROR] 잔고 조회 중 오류 발생: 2
2025-05-22 05:33:52.421 [INFO] 
최종 거래 요약: 총 0회 체결 (매수: 0회, 매도: 0회)
2025-05-22 05:33:52.422 [INFO] /run_trading (Bithumb)

2025-05-22 05:33:52.422 [INFO] /main (Bithumb version)

2025-05-22 05:36:41.121 [INFO] 로깅 설정 완료
2025-05-22 05:36:41.122 [INFO] 빗썸 API 객체 생성 성공
2025-05-22 05:36:41.122 [INFO] main (Bithumb version)
2025-05-22 05:36:41.122 [INFO] 실거래 모드로 실행됩니다. (Bithumb)
2025-05-22 05:36:41.122 [INFO] run_trading
2025-05-22 05:36:41.123 [INFO] ===== XRP 자동 매매 시작 (Bithumb) =====
2025-05-22 05:36:41.123 [INFO] 코인: XRP
2025-05-22 05:36:41.123 [INFO] 차수별 주문 금액: 5,000원
2025-05-22 05:36:41.123 [INFO] 가격 변동 기준: 4원
2025-05-22 05:36:41.123 [INFO] 최대 분할 차수: 10
2025-05-22 05:36:41.124 [INFO] 가격 확인 간격: 10초
2025-05-22 05:36:41.124 [INFO] 거래 수수료율: 0.040%
2025-05-22 05:36:41.124 [INFO] Discord 로깅: 비활성화
2025-05-22 05:36:41.124 [INFO] 실거래 모드 활성화됨 (Bithumb)
2025-05-22 05:36:41.124 [INFO] get_current_price
2025-05-22 05:36:41.188 [INFO] 현재 XRP 가격: 3,316.00원, 기준가: 미설정, 미설정, (+0.00%), +0.00원 상승
2025-05-22 05:36:41.188 [INFO] /get_current_price

2025-05-22 05:36:41.189 [INFO] 현재 시장 가격 (XRP): 3,316.00원
2025-05-22 05:36:41.189 [INFO] 그리드 기준 가격 자동 설정 (현재가 + 4구간): 3,332.00원
2025-05-22 05:36:41.189 [INFO] create_grid_orders
2025-05-22 05:36:41.190 [INFO] get_current_price
2025-05-22 05:36:41.253 [INFO] 현재 XRP 가격: 3,316.00원, 기준가: 미설정, 미설정, (+0.00%), +0.00원 상승
2025-05-22 05:36:41.254 [INFO] /get_current_price

2025-05-22 05:36:41.255 [INFO] 사용자 지정 기준 가격: 3,332.00원
2025-05-22 05:36:41.255 [INFO] 총 10개의 그리드 주문 설정 생성됨 (XRP)
2025-05-22 05:36:41.255 [INFO] 매수/매도 가격 간격: 4원
2025-05-22 05:36:41.256 [INFO] 주문당 KRW 금액: 5,000원
2025-05-22 05:36:41.256 [INFO] 1차: 매수 목표가 3,332.00원, 매도 목표가 3,336.00원
2025-05-22 05:36:41.256 [INFO] 2차: 매수 목표가 3,328.00원, 매도 목표가 3,332.00원
2025-05-22 05:36:41.257 [INFO] 3차: 매수 목표가 3,324.00원, 매도 목표가 3,328.00원
2025-05-22 05:36:41.257 [INFO] 4차: 매수 목표가 3,320.00원, 매도 목표가 3,324.00원
2025-05-22 05:36:41.257 [INFO] 5차: 매수 목표가 3,316.00원, 매도 목표가 3,320.00원
2025-05-22 05:36:41.257 [INFO] 6차: 매수 목표가 3,312.00원, 매도 목표가 3,316.00원
2025-05-22 05:36:41.258 [INFO] 7차: 매수 목표가 3,308.00원, 매도 목표가 3,312.00원
2025-05-22 05:36:41.258 [INFO] 8차: 매수 목표가 3,304.00원, 매도 목표가 3,308.00원
2025-05-22 05:36:41.258 [INFO] 9차: 매수 목표가 3,300.00원, 매도 목표가 3,304.00원
2025-05-22 05:36:41.258 [INFO] 10차: 매수 목표가 3,296.00원, 매도 목표가 3,300.00원
2025-05-22 05:36:41.258 [INFO] /create_grid_orders

2025-05-22 05:36:41.259 [INFO] get_balance
2025-05-22 05:36:41.340 [ERROR] 잔고 조회 중 오류 발생: 2
2025-05-22 05:36:41.341 [INFO] ===== 매매 루프 시작 (XRP) =====
2025-05-22 05:36:41.341 [INFO] ===== 사이클 #1 (XRP) =====
2025-05-22 05:36:41.342 [INFO] get_current_price
2025-05-22 05:36:41.385 [INFO] 현재 XRP 가격: 3,316.00원, 기준가: 3,332.00원, 구간 5 매수 목표가(3,316.00원) 근접, (+0.00%), +0.00원 상승
2025-05-22 05:36:41.386 [INFO] /get_current_price

2025-05-22 05:36:41.386 [INFO] check_price_and_trade
2025-05-22 05:36:41.387 [INFO] 레벨 1 매수 조건 충족: 현재가(3,316.00원) <= 매수 목표가(3,332.00원)
2025-05-22 05:36:41.387 [INFO] buy_coin (Level 1, Bithumb)
2025-05-22 05:36:41.387 [INFO] get_balance
2025-05-22 05:36:41.446 [ERROR] 잔고 조회 중 오류 발생: 2
2025-05-22 05:36:41.446 [ERROR] 원화 잔고 조회 실패 (buy_coin, Bithumb)
2025-05-22 05:36:42.459 [INFO] 레벨 2 매수 조건 충족: 현재가(3,316.00원) <= 매수 목표가(3,328.00원)
2025-05-22 05:36:42.460 [INFO] buy_coin (Level 2, Bithumb)
2025-05-22 05:36:42.462 [INFO] get_balance
2025-05-22 05:36:42.512 [ERROR] 잔고 조회 중 오류 발생: 2
2025-05-22 05:36:42.512 [ERROR] 원화 잔고 조회 실패 (buy_coin, Bithumb)
2025-05-22 05:36:43.528 [INFO] 레벨 3 매수 조건 충족: 현재가(3,316.00원) <= 매수 목표가(3,324.00원)
2025-05-22 05:36:43.528 [INFO] buy_coin (Level 3, Bithumb)
2025-05-22 05:36:43.529 [INFO] get_balance
2025-05-22 05:36:43.575 [ERROR] 잔고 조회 중 오류 발생: 2
2025-05-22 05:36:43.575 [ERROR] 원화 잔고 조회 실패 (buy_coin, Bithumb)
2025-05-22 05:36:44.576 [INFO] 레벨 4 매수 조건 충족: 현재가(3,316.00원) <= 매수 목표가(3,320.00원)
2025-05-22 05:36:44.578 [INFO] buy_coin (Level 4, Bithumb)
2025-05-22 05:36:44.578 [INFO] get_balance
2025-05-22 05:36:44.637 [ERROR] 잔고 조회 중 오류 발생: 2
2025-05-22 05:36:44.638 [ERROR] 원화 잔고 조회 실패 (buy_coin, Bithumb)
2025-05-22 05:36:44.720 [INFO] 
사용자에 의해 거래가 중단되었습니다.
2025-05-22 05:36:44.721 [INFO] ===== 거래 로직 종료 (XRP) =====
2025-05-22 05:36:44.722 [INFO] get_balance
2025-05-22 05:36:44.767 [ERROR] 잔고 조회 중 오류 발생: 2
2025-05-22 05:36:44.767 [INFO] 
최종 거래 요약: 총 0회 체결 (매수: 0회, 매도: 0회)
2025-05-22 05:36:44.768 [INFO] /run_trading (Bithumb)

2025-05-22 05:36:44.768 [INFO] /main (Bithumb version)

2025-05-22 05:39:34.516 [INFO] 로깅 설정 완료
2025-05-22 05:39:34.516 [INFO] 빗썸 API 객체 생성 성공
2025-05-22 05:39:34.516 [INFO] main (Bithumb version)
2025-05-22 05:39:34.517 [INFO] 실거래 모드로 실행됩니다. (Bithumb)
2025-05-22 05:39:34.518 [INFO] run_trading (Bithumb)
2025-05-22 05:39:34.518 [INFO] ===== XRP 자동 매매 시작 (Bithumb) =====
2025-05-22 05:39:34.518 [INFO] 코인: XRP
2025-05-22 05:39:34.519 [INFO] 차수별 주문 금액: 5,000원
2025-05-22 05:39:34.519 [INFO] 가격 변동 기준: 4원
2025-05-22 05:39:34.519 [INFO] 최대 분할 차수: 10
2025-05-22 05:39:34.519 [INFO] 가격 확인 간격: 10초
2025-05-22 05:39:34.520 [INFO] 거래 수수료율: 0.040%
2025-05-22 05:39:34.520 [INFO] Discord 로깅: 비활성화
2025-05-22 05:39:34.520 [INFO] 실거래 모드 활성화됨 (Bithumb)
2025-05-22 05:39:34.520 [INFO] get_current_price (Bithumb)
2025-05-22 05:39:34.566 [INFO] 현재 XRP 가격: 3,316.00원, 기준가: 미설정, 미설정, (+0.00%), +0.00원 상승
2025-05-22 05:39:34.567 [INFO] /get_current_price (Bithumb)

2025-05-22 05:39:34.567 [INFO] 현재 시장 가격 (XRP): 3,316.00원
2025-05-22 05:39:34.567 [INFO] 그리드 기준 가격 자동 설정 (현재가 + 4구간): 3,332.00원
2025-05-22 05:39:34.568 [INFO] create_grid_orders (Bithumb)
2025-05-22 05:39:34.568 [INFO] get_current_price (Bithumb)
2025-05-22 05:39:34.620 [INFO] 현재 XRP 가격: 3,316.00원, 기준가: 미설정, 미설정, (+0.00%), +0.00원 상승
2025-05-22 05:39:34.621 [INFO] /get_current_price (Bithumb)

2025-05-22 05:39:34.621 [INFO] 사용자 지정 기준 가격: 3,332.00원
2025-05-22 05:39:34.621 [INFO] 총 10개의 그리드 주문 설정 생성됨 (XRP)
2025-05-22 05:39:34.622 [INFO] 매수/매도 가격 간격: 4원
2025-05-22 05:39:34.622 [INFO] 주문당 KRW 금액: 5,000원
2025-05-22 05:39:34.623 [INFO] 1차: 매수 목표가 3,332.00원, 매도 목표가 3,336.00원
2025-05-22 05:39:34.623 [INFO] 2차: 매수 목표가 3,328.00원, 매도 목표가 3,332.00원
2025-05-22 05:39:34.623 [INFO] 3차: 매수 목표가 3,324.00원, 매도 목표가 3,328.00원
2025-05-22 05:39:34.623 [INFO] 4차: 매수 목표가 3,320.00원, 매도 목표가 3,324.00원
2025-05-22 05:39:34.624 [INFO] 5차: 매수 목표가 3,316.00원, 매도 목표가 3,320.00원
2025-05-22 05:39:34.624 [INFO] 6차: 매수 목표가 3,312.00원, 매도 목표가 3,316.00원
2025-05-22 05:39:34.624 [INFO] 7차: 매수 목표가 3,308.00원, 매도 목표가 3,312.00원
2025-05-22 05:39:34.625 [INFO] 8차: 매수 목표가 3,304.00원, 매도 목표가 3,308.00원
2025-05-22 05:39:34.625 [INFO] 9차: 매수 목표가 3,300.00원, 매도 목표가 3,304.00원
2025-05-22 05:39:34.625 [INFO] 10차: 매수 목표가 3,296.00원, 매도 목표가 3,300.00원
2025-05-22 05:39:34.626 [INFO] /create_grid_orders (Bithumb)

2025-05-22 05:39:34.626 [INFO] get_balance (Bithumb)
2025-05-22 05:39:34.689 [ERROR] 잔고 조회 중 오류 발생: 2
2025-05-22 05:39:34.709 [INFO] ===== 매매 루프 시작 (XRP) =====
2025-05-22 05:39:34.709 [INFO] ===== 사이클 #1 (XRP) =====
2025-05-22 05:39:34.709 [INFO] get_current_price (Bithumb)
2025-05-22 05:39:34.763 [INFO] 현재 XRP 가격: 3,316.00원, 기준가: 3,332.00원, 구간 5 매수 목표가(3,316.00원) 근접, (+0.00%), +0.00원 상승
2025-05-22 05:39:34.764 [INFO] /get_current_price (Bithumb)

2025-05-22 05:39:34.764 [INFO] check_price_and_trade (Bithumb)
2025-05-22 05:39:34.764 [INFO] 레벨 1 매수 조건 충족: 현재가(3,316.00원) <= 매수 목표가(3,332.00원)
2025-05-22 05:39:34.765 [INFO] buy_coin (Level 1, Bithumb)
2025-05-22 05:39:34.765 [INFO] get_balance (Bithumb)
2025-05-22 05:39:34.811 [ERROR] 잔고 조회 중 오류 발생: 2
2025-05-22 05:39:34.811 [ERROR] 원화 잔고 조회 실패 (buy_coin, Bithumb)
2025-05-22 05:39:35.827 [INFO] 레벨 2 매수 조건 충족: 현재가(3,316.00원) <= 매수 목표가(3,328.00원)
2025-05-22 05:39:35.827 [INFO] buy_coin (Level 2, Bithumb)
2025-05-22 05:39:35.828 [INFO] get_balance (Bithumb)
2025-05-22 05:39:35.890 [ERROR] 잔고 조회 중 오류 발생: 2
2025-05-22 05:39:35.891 [ERROR] 원화 잔고 조회 실패 (buy_coin, Bithumb)
2025-05-22 05:39:36.904 [INFO] 레벨 3 매수 조건 충족: 현재가(3,316.00원) <= 매수 목표가(3,324.00원)
2025-05-22 05:39:36.904 [INFO] buy_coin (Level 3, Bithumb)
2025-05-22 05:39:36.904 [INFO] get_balance (Bithumb)
2025-05-22 05:39:36.956 [ERROR] 잔고 조회 중 오류 발생: 2
2025-05-22 05:39:36.957 [ERROR] 원화 잔고 조회 실패 (buy_coin, Bithumb)
2025-05-22 05:39:37.966 [INFO] 레벨 4 매수 조건 충족: 현재가(3,316.00원) <= 매수 목표가(3,320.00원)
2025-05-22 05:39:37.968 [INFO] buy_coin (Level 4, Bithumb)
2025-05-22 05:39:37.969 [INFO] get_balance (Bithumb)
2025-05-22 05:39:38.025 [ERROR] 잔고 조회 중 오류 발생: 2
2025-05-22 05:39:38.025 [ERROR] 원화 잔고 조회 실패 (buy_coin, Bithumb)
2025-05-22 05:39:39.026 [INFO] 레벨 5 매수 조건 충족: 현재가(3,316.00원) <= 매수 목표가(3,316.00원)
2025-05-22 05:39:39.026 [INFO] buy_coin (Level 5, Bithumb)
2025-05-22 05:39:39.027 [INFO] get_balance (Bithumb)
2025-05-22 05:39:39.072 [ERROR] 잔고 조회 중 오류 발생: 2
2025-05-22 05:39:39.072 [ERROR] 원화 잔고 조회 실패 (buy_coin, Bithumb)
2025-05-22 05:39:40.085 [INFO] /check_price_and_trade (Bithumb)

2025-05-22 05:39:40.086 [INFO] 10초 대기...
2025-05-22 05:39:42.065 [INFO] 
사용자에 의해 거래가 중단되었습니다.
2025-05-22 05:39:42.065 [INFO] ===== 거래 로직 종료 (XRP) =====
2025-05-22 05:39:42.066 [INFO] get_balance (Bithumb)
2025-05-22 05:39:42.115 [ERROR] 잔고 조회 중 오류 발생: 2
2025-05-22 05:39:42.115 [INFO] 
최종 거래 요약: 총 0회 체결 (매수: 0회, 매도: 0회)
2025-05-22 05:39:42.115 [INFO] /run_trading (Bithumb)

2025-05-22 05:39:42.116 [INFO] /main (Bithumb version)

